#
# A fatal error has been detected by the Java Runtime Environment:
#
#  SIGBUS (0x7) at pc=0x00007f6ecc50969e, pid=24188, tid=24223
#
# JRE version: OpenJDK Runtime Environment GraalVM CE 22.3.0 (17.0.5+8) (build 17.0.5+8-jvmci-22.3-b08)
# Java VM: OpenJDK 64-Bit Server VM GraalVM CE 22.3.0 (17.0.5+8-jvmci-22.3-b08, mixed mode, sharing, tiered, jvmci, jvmci compiler, compressed oops, compressed class ptrs, parallel gc, linux-amd64)
# Problematic frame:
# V  [libjvm.so+0xc1969e]  PerfLongVariant::sample()+0x1e
#
# Core dump will be written. Default location: Core dumps may be processed with "/usr/share/apport/apport -p%p -s%s -c%c -d%d -P%P -u%u -g%g -- %E" (or dumping to /home/runner/CohortPeople/core.24188)
#
# If you would like to submit a bug report, please visit:
#   https://github.com/oracle/graal/issues
#

---------------  S U M M A R Y ------------

Command Line: -XX:ThreadPriorityPolicy=1 -XX:+UnlockExperimentalVMOptions -XX:+EnableJVMCIProduct -XX:JVMCIThreadsPerNativeLibraryRuntime=1 -XX:-UnlockExperimentalVMOptions -Declipse.application=org.eclipse.jdt.ls.core.id1 -Dosgi.bundles.defaultStartLevel=4 -Declipse.product=org.eclipse.jdt.ls.core.product -Dlog.level=ALL -Xverify:none -XX:+UseParallelGC -XX:GCTimeRatio=4 -XX:AdaptiveSizePolicyWeight=90 -Dsun.zip.disableMemoryMapping=true -Xmx512m -Xms100m /nix/store/q9712qvwdh22a4krw4jz2sjrz07mvjbl-jdt-language-server-1.9.0/share/java/plugins/org.eclipse.equinox.launcher_1.6.400.v20210924-0641.jar --add-modules=ALL-SYSTEM --add-opens java.base/java.util=ALL-UNNAMED --add-opens java.base/java.lang=ALL-UNNAMED -configuration /home/runner/CohortPeople/.cache/jdt-language-server/config -data /home/runner/.cache/jdt-language-server/data/home/runner/CohortPeople

Host: Intel(R) Xeon(R) CPU @ 2.20GHz, 8 cores, 1G, Ubuntu 20.04.2 LTS
Time: Tue Feb 27 15:45:38 2024 UTC elapsed time: 6013.521780 seconds (0d 1h 40m 13s)

---------------  T H R E A D  ---------------

Current thread (0x00007f6ec4139570):  WatcherThread [stack: 0x00007f6ec801a000,0x00007f6ec811a000] [id=24223]

Stack: [0x00007f6ec801a000,0x00007f6ec811a000],  sp=0x00007f6ec8118cc0,  free space=1019k
Native frames: (J=compiled Java code, j=interpreted, Vv=VM code, C=native code)
V  [libjvm.so+0xc1969e]  PerfLongVariant::sample()+0x1e
V  [libjvm.so+0xcc65d2]  StatSamplerTask::task()+0x32
V  [libjvm.so+0xd471dc]  PeriodicTask::real_time_tick(int)+0x5c
V  [libjvm.so+0xbae367]  WatcherThread::run()+0x47
V  [libjvm.so+0xd85a40]  Thread::call_run()+0xc0
V  [libjvm.so+0xbdb1e1]  thread_native_entry(Thread*)+0xe1


siginfo: si_signo: 7 (SIGBUS), si_code: 2 (BUS_ADRERR), si_addr: 0x00007f6ecb6e0ea8

Register to memory mapping:

RAX=0x000000000118f5a0 is an unknown value
RBX=0x00007f6ecb6e0ea8 points into unknown readable memory: 0x000000000118f5a0 | a0 f5 18 01 00 00 00 00
RCX=0x0000000000000002 is an unknown value
RDX=0x0000000000000001 is an unknown value
RSP=0x00007f6ec8118cc0 points into unknown readable memory: 0x00007f6ec8118cf0 | f0 8c 11 c8 6e 7f 00 00
RBP=0x00007f6ec8118cd0 points into unknown readable memory: 0x00007f6ec8118cf0 | f0 8c 11 c8 6e 7f 00 00
RSI=0x0 is NULL
RDI=0x00007f6ec4023738 points into unknown readable memory: 0x0000000000000000 | 00 00 00 00 00 00 00 00
R8 =0x00007f6ec403e7b0 points into unknown readable memory: 0x00007f6ecca18378 | 78 83 a1 cc 6e 7f 00 00
R9 =0x0 is NULL
R10=0x0 is NULL
R11=0x0000000000000246 is an unknown value
R12=0x00007f6ec4139490 points into unknown readable memory: 0x00007f6ec41394b0 | b0 94 13 c4 6e 7f 00 00
R13=0x0000000000000001 is an unknown value
R14=0x0000000000000002 is an unknown value
R15=0x00007f6eccb27d40: <offset 0x0000000001237d40> in /nix/store/gpxl5qgg8kicmcvivwmybwjlpf7wh20l-graalvm17-ce-22.3.0/lib/server/libjvm.so at 0x00007f6ecb8f0000


Registers:
RAX=0x000000000118f5a0, RBX=0x00007f6ecb6e0ea8, RCX=0x0000000000000002, RDX=0x0000000000000001
RSP=0x00007f6ec8118cc0, RBP=0x00007f6ec8118cd0, RSI=0x0000000000000000, RDI=0x00007f6ec4023738
R8 =0x00007f6ec403e7b0, R9 =0x0000000000000000, R10=0x0000000000000000, R11=0x0000000000000246
R12=0x00007f6ec4139490, R13=0x0000000000000001, R14=0x0000000000000002, R15=0x00007f6eccb27d40
RIP=0x00007f6ecc50969e, EFLAGS=0x0000000000010202, CSGSFS=0x002b000000000033, ERR=0x0000000000000007
  TRAPNO=0x000000000000000e

Top of Stack: (sp=0x00007f6ec8118cc0)
0x00007f6ec8118cc0:   00007f6ec8118cf0 0000000000000001
0x00007f6ec8118cd0:   00007f6ec8118cf0 00007f6ecc5b65d2
0x00007f6ec8118ce0:   0000000000000033 0000000000000033
0x00007f6ec8118cf0:   00007f6ec8118d40 00007f6ecc6371dc 

Instructions: (pc=0x00007f6ecc50969e)
0x00007f6ecc50959e:   40 00 31 f6 4c 89 e7 e8 36 d4 16 00 e9 80 ff ff
0x00007f6ecc5095ae:   ff 90 31 f6 4c 89 e7 e8 26 d4 16 00 e9 0f ff ff
0x00007f6ecc5095be:   ff 90 31 f6 4c 89 e7 e8 16 d4 16 00 e9 96 fe ff
0x00007f6ecc5095ce:   ff 90 be 01 00 00 00 4c 89 e7 e8 73 03 07 00 e9
0x00007f6ecc5095de:   63 fe ff ff 66 0f 1f 44 00 00 be 01 00 00 00 4c
0x00007f6ecc5095ee:   89 e7 e8 5b 03 07 00 e9 19 ff ff ff 66 0f 1f 44
0x00007f6ecc5095fe:   00 00 48 8d 05 01 3d 5b 00 48 8d 0d 3a d7 29 00
0x00007f6ecc50960e:   48 8d 15 49 d7 29 00 be 44 01 00 00 48 8d 3d 9f
0x00007f6ecc50961e:   f4 2e 00 48 8b 00 c6 00 58 31 c0 e8 32 21 9c ff
0x00007f6ecc50962e:   e8 4d c5 fb ff e9 ba fe ff ff 0f 1f 84 00 00 00
0x00007f6ecc50963e:   00 00 be 01 00 00 00 4c 89 e7 e8 03 03 07 00 e9
0x00007f6ecc50964e:   50 fe ff ff 66 0f 1f 44 00 00 4c 89 e7 45 31 e4
0x00007f6ecc50965e:   e8 cd 7e 16 00 e9 bc fd ff ff 0f 1f 84 00 00 00
0x00007f6ecc50966e:   00 00 66 66 66 66 66 66 2e 0f 1f 84 00 00 00 00
0x00007f6ecc50967e:   00 00 4c 8b 47 38 4d 85 c0 74 27 55 48 89 e5 53
0x00007f6ecc50968e:   48 83 ec 08 49 8b 00 48 8b 5f 28 4c 89 c7 ff 10
0x00007f6ecc50969e:   48 89 03 48 8b 5d f8 c9 c3 66 0f 1f 84 00 00 00
0x00007f6ecc5096ae:   00 00 c3 90 66 66 2e 0f 1f 84 00 00 00 00 00 0f
0x00007f6ecc5096be:   1f 00 49 89 f8 48 89 f7 48 63 f2 49 8b 40 28 48
0x00007f6ecc5096ce:   8d 15 fb 11 28 00 48 8b 08 31 c0 e9 d2 d3 62 ff
0x00007f6ecc5096de:   66 90 49 89 f8 31 c0 48 89 f7 48 63 f2 49 8b 48
0x00007f6ecc5096ee:   28 48 8d 15 9d 81 27 00 e9 b5 d3 62 ff 90 0f 1f
0x00007f6ecc5096fe:   40 00 55 48 8d 05 a8 b7 5a 00 66 41 0f 6e c0 66
0x00007f6ecc50970e:   0f 6e c9 66 0f 62 c1 48 89 e5 41 57 49 89 d7 41
0x00007f6ecc50971e:   56 41 55 4c 63 ee 41 54 53 48 89 fb 48 83 ec 18
0x00007f6ecc50972e:   48 89 07 48 8d 05 68 7f 5c 00 48 c7 47 08 00 00
0x00007f6ecc50973e:   00 00 4e 8b 34 e8 c6 47 18 00 48 c7 47 28 00 00
0x00007f6ecc50974e:   00 00 66 0f d6 47 10 48 89 d7 e8 83 d3 62 ff 4c
0x00007f6ecc50975e:   89 f7 48 89 45 c8 e8 77 d3 62 ff 48 8b 55 c8 be
0x00007f6ecc50976e:   08 00 00 00 48 8d 7c 02 02 31 d2 e8 b2 6e 78 ff
0x00007f6ecc50977e:   48 89 43 08 48 89 c7 41 83 fd 18 74 55 4c 89 f2
0x00007f6ecc50978e:   4c 89 f9 48 8d 35 3f 43 28 00 31 c0 e8 21 d5 62 


Stack slot to memory mapping:
stack at sp + 0 slots: 0x00007f6ec8118cf0 points into unknown readable memory: 0x00007f6ec8118d40 | 40 8d 11 c8 6e 7f 00 00
stack at sp + 1 slots: 0x0000000000000001 is an unknown value
stack at sp + 2 slots: 0x00007f6ec8118cf0 points into unknown readable memory: 0x00007f6ec8118d40 | 40 8d 11 c8 6e 7f 00 00
stack at sp + 3 slots: 0x00007f6ecc5b65d2: <offset 0x0000000000cc65d2> in /nix/store/gpxl5qgg8kicmcvivwmybwjlpf7wh20l-graalvm17-ce-22.3.0/lib/server/libjvm.so at 0x00007f6ecb8f0000
stack at sp + 4 slots: 0x0000000000000033 is an unknown value
stack at sp + 5 slots: 0x0000000000000033 is an unknown value
stack at sp + 6 slots: 0x00007f6ec8118d40 points into unknown readable memory: 0x00007f6ec8118dc0 | c0 8d 11 c8 6e 7f 00 00
stack at sp + 7 slots: 0x00007f6ecc6371dc: <offset 0x0000000000d471dc> in /nix/store/gpxl5qgg8kicmcvivwmybwjlpf7wh20l-graalvm17-ce-22.3.0/lib/server/libjvm.so at 0x00007f6ecb8f0000


---------------  P R O C E S S  ---------------

Threads class SMR info:
_java_thread_list=0x00007f6e30001e40, length=22, elements={
0x00007f6ec4025e30, 0x00007f6ec40a5c80, 0x00007f6ec40a70c0, 0x00007f6ec40ad800,
0x00007f6ec40aebb0, 0x00007f6ec40affa0, 0x00007f6ec40b1990, 0x00007f6ec40b2ea0,
0x00007f6ec40b42f0, 0x00007f6ec40ef800, 0x00007f6ec4137bd0, 0x00007f6ec43259a0,
0x00007f6ec436d960, 0x00007f6ec4370930, 0x00007f6e5c02be40, 0x00007f6e5c405e10,
0x00007f6e5c488420, 0x00007f6e480011b0, 0x00007f6e5c699ad0, 0x00007f6e5c7c8930,
0x00007f6ec4236040, 0x00007f6ec4459990
}

Java Threads: ( => current thread )
  0x00007f6ec4025e30 JavaThread "main" [_thread_blocked, id=24206, stack(0x00007f6ecb70b000,0x00007f6ecb80b000)]
  0x00007f6ec40a5c80 JavaThread "Reference Handler" daemon [_thread_blocked, id=24209, stack(0x00007f6ec8f00000,0x00007f6ec9000000)]
  0x00007f6ec40a70c0 JavaThread "Finalizer" daemon [_thread_blocked, id=24210, stack(0x00007f6ec8e00000,0x00007f6ec8f00000)]
  0x00007f6ec40ad800 JavaThread "Signal Dispatcher" daemon [_thread_blocked, id=24211, stack(0x00007f6ec8a1a000,0x00007f6ec8b1a000)]
  0x00007f6ec40aebb0 JavaThread "Service Thread" daemon [_thread_blocked, id=24212, stack(0x00007f6ec891a000,0x00007f6ec8a1a000)]
  0x00007f6ec40affa0 JavaThread "Monitor Deflation Thread" daemon [_thread_blocked, id=24213, stack(0x00007f6ec881a000,0x00007f6ec891a000)]
  0x00007f6ec40b1990 JavaThread "JVMCI-native CompilerThread0" daemon [_thread_blocked, id=24214, stack(0x00007f6ec861a000,0x00007f6ec881a000)]
  0x00007f6ec40b2ea0 JavaThread "C1 CompilerThread0" daemon [_thread_blocked, id=24215, stack(0x00007f6ec841a000,0x00007f6ec861a000)]
  0x00007f6ec40b42f0 JavaThread "Sweeper thread" daemon [_thread_blocked, id=24216, stack(0x00007f6ec831a000,0x00007f6ec841a000)]
  0x00007f6ec40ef800 JavaThread "Common-Cleaner" daemon [_thread_blocked, id=24220, stack(0x00007f6ec821a000,0x00007f6ec831a000)]
  0x00007f6ec4137bd0 JavaThread "Notification Thread" daemon [_thread_blocked, id=24222, stack(0x00007f6ec811a000,0x00007f6ec821a000)]
  0x00007f6ec43259a0 JavaThread "Active Thread: Equinox Container: b80df3d2-ad54-4b66-adab-179c1bd5da62" [_thread_blocked, id=24247, stack(0x00007f6eab376000,0x00007f6eab476000)]
  0x00007f6ec436d960 JavaThread "Framework Event Dispatcher: Equinox Container: b80df3d2-ad54-4b66-adab-179c1bd5da62" daemon [_thread_blocked, id=24251, stack(0x00007f6ea8f00000,0x00007f6ea9000000)]
  0x00007f6ec4370930 JavaThread "Start Level: Equinox Container: b80df3d2-ad54-4b66-adab-179c1bd5da62" daemon [_thread_blocked, id=24252, stack(0x00007f6ea8d00000,0x00007f6ea8e00000)]
  0x00007f6e5c02be40 JavaThread "SCR Component Actor" daemon [_thread_blocked, id=24253, stack(0x00007f6ea8b00000,0x00007f6ea8c00000)]
  0x00007f6e5c405e10 JavaThread "Worker-JM" [_thread_blocked, id=24291, stack(0x00007f6ea8700000,0x00007f6ea8800000)]
  0x00007f6e5c488420 JavaThread "Worker-0" [_thread_blocked, id=24293, stack(0x00007f6ea8500000,0x00007f6ea8600000)]
  0x00007f6e480011b0 JavaThread "Worker-2" [_thread_blocked, id=24296, stack(0x00007f6ea8100000,0x00007f6ea8200000)]
  0x00007f6e5c699ad0 JavaThread "Java indexing" daemon [_thread_blocked, id=24308, stack(0x00007f6e72d00000,0x00007f6e72e00000)]
  0x00007f6e5c7c8930 JavaThread "Bundle File Closer" daemon [_thread_blocked, id=24310, stack(0x00007f6e72b00000,0x00007f6e72c00000)]
  0x00007f6ec4236040 JavaThread "pool-3-thread-1" [_thread_blocked, id=24330, stack(0x00007f6ea8900000,0x00007f6ea8a00000)]
  0x00007f6ec4459990 JavaThread "pool-2-thread-1" [_thread_in_native, id=24341, stack(0x00007f6e72900000,0x00007f6e72a00000)]

Other Threads:
  0x00007f6ec40a13c0 VMThread "VM Thread" [stack: 0x00007f6ec9824000,0x00007f6ec9924000] [id=24208]
=>0x00007f6ec4139570 WatcherThread [stack: 0x00007f6ec801a000,0x00007f6ec811a000] [id=24223]
  0x00007f6ec403d730 GCTaskThread "GC Thread#0" [stack: 0x00007f6ecb2ce000,0x00007f6ecb3ce000] [id=24207]

Threads with active compile tasks:

VM state: not at safepoint (normal execution)

VM Mutex/Monitor currently owned by a thread:  ([mutex/lock_event])
[0x00007f6ec40243a0] PeriodicTask_lock - owner thread: 0x00007f6ec4139570

Heap address: 0x00000000e0000000, size: 512 MB, Compressed Oops mode: 32-bit

CDS archive(s) mapped at: [0x0000000800000000-0x0000000800bc8000-0x0000000800bc8000), size 12353536, SharedBaseAddress: 0x0000000800000000, ArchiveRelocationMode: 0.
Compressed class space mapped at: 0x0000000800c00000-0x0000000840c00000, reserved size: 1073741824
Narrow klass base: 0x0000000800000000, Narrow klass shift: 0, Narrow klass range: 0x100000000

GC Precious Log:
 CPUs: 8 total, 1 available
 Memory: 1024M
 Large Page Support: Disabled
 NUMA Support: Disabled
 Compressed Oops: Enabled (32-bit)
 Alignments: Space 512K, Generation 512K, Heap 2M
 Heap Min Capacity: 100M
 Heap Initial Capacity: 100M
 Heap Max Capacity: 512M
 Pre-touch: Disabled
 Parallel Workers: 1

Heap:
 PSYoungGen      total 26624K, used 19173K [0x00000000f5580000, 0x00000000f7a80000, 0x0000000100000000)
  eden space 22016K, 81% used [0x00000000f5580000,0x00000000f670f5a0,0x00000000f6b00000)
  from space 4608K, 25% used [0x00000000f7200000,0x00000000f7329ff8,0x00000000f7680000)
  to   space 2560K, 0% used [0x00000000f7800000,0x00000000f7800000,0x00000000f7a80000)
 ParOldGen       total 68608K, used 37697K [0x00000000e0000000, 0x00000000e4300000, 0x00000000f5580000)
  object space 68608K, 54% used [0x00000000e0000000,0x00000000e24d05b8,0x00000000e4300000)
 Metaspace       used 46010K, committed 46912K, reserved 1097728K
  class space    used 4623K, committed 5056K, reserved 1048576K

Card table byte_map: [0x00007f6ecb3ce000,0x00007f6ecb4cf000] _byte_map_base: 0x00007f6ecacce000

Marking Bits: (ParMarkBitMap*) 0x00007f6eccb1e4c0
 Begin Bits: [0x00007f6eca221000, 0x00007f6ecaa21000)
 End Bits:   [0x00007f6ecaa21000, 0x00007f6ecb221000)

Polling page: 0x00007f6ecb6e8000

Metaspace:

Usage:
  Non-class:     40.42 MB used.
      Class:      4.51 MB used.
       Both:     44.93 MB used.

Virtual space:
  Non-class space:       48.00 MB reserved,      40.88 MB ( 85%) committed,  6 nodes.
      Class space:        1.00 GB reserved,       4.94 MB ( <1%) committed,  1 nodes.
             Both:        1.05 GB reserved,      45.81 MB (  4%) committed. 

Chunk freelists:
   Non-Class:  2.58 MB
       Class:  3.03 MB
        Both:  5.60 MB

MaxMetaspaceSize: unlimited
CompressedClassSpaceSize: 1.00 GB
Initial GC threshold: 21.00 MB
Current GC threshold: 58.38 MB
CDS: on
MetaspaceReclaimPolicy: balanced
 - commit_granule_bytes: 65536.
 - commit_granule_words: 8192.
 - virtual_space_node_default_size: 1048576.
 - enlarge_chunks_in_place: 1.
 - new_chunks_are_fully_committed: 0.
 - uncommit_free_chunks: 1.
 - use_allocation_guard: 0.
 - handle_deallocations: 1.


Internal statistics:

num_allocs_failed_limit: 6.
num_arena_births: 434.
num_arena_deaths: 0.
num_vsnodes_births: 7.
num_vsnodes_deaths: 0.
num_space_committed: 732.
num_space_uncommitted: 0.
num_chunks_returned_to_freelist: 6.
num_chunks_taken_from_freelist: 2355.
num_chunk_merges: 6.
num_chunk_splits: 1510.
num_chunks_enlarged: 926.
num_purges: 0.
num_inconsistent_stats: 0.

CodeHeap 'non-profiled nmethods': size=120036Kb used=1570Kb max_used=1717Kb free=118465Kb
 bounds [0x00007f6eb2f7a000, 0x00007f6eb31ea000, 0x00007f6eba4b3000]
CodeHeap 'profiled nmethods': size=120032Kb used=10170Kb max_used=12727Kb free=109861Kb
 bounds [0x00007f6eaba42000, 0x00007f6eac6b2000, 0x00007f6eb2f7a000]
CodeHeap 'non-nmethods': size=5692Kb used=1313Kb max_used=1316Kb free=4378Kb
 bounds [0x00007f6eab4b3000, 0x00007f6eab723000, 0x00007f6eaba42000]
 total_blobs=5627 nmethods=4991 adapters=539
 compilation: enabled
              stopped_count=0, restarted_count=0
 full_count=0

JVMCI Events (20 events):
Event: 4144.716 Thread 0x00007f6ec40b1990 initialized JVMCI runtime 0
Event: 4145.765 Thread 0x00007f6ec40b1990 detaching from JVMCI runtime 0: releasing idle compiler thread (0 other threads still attached)
Event: 4145.765 Thread 0x00007f6ec40b1990 shutting down HotSpotJVMCIRuntime for JVMCI runtime 0
Event: 4145.766 Thread 0x00007f6ec40b1990 shut down JVMCI runtime 0
Event: 4145.767 Thread 0x00007f6ec40b1990 destroyed JavaVM[7]@0x00007f6e71f9e340 for JVMCI runtime 0
Event: 4145.767 Thread 0x00007f6ec40b1990 compacted oop handles in JVMCI runtime 0 from 54 to 54
Event: 4145.767 Thread 0x00007f6ec40b1990 releasing handles for JVMCI runtime 0: oop handles=54, metadata handles={total=96, live=91, blocks=28}
Event: 4145.767 Thread 0x00007f6ec40b1990 detached from JVMCI runtime 0
Event: 4166.041 Thread 0x00007f6ec40b1990 attached to JVMCI runtime 0
Event: 4166.044 Thread 0x00007f6ec40b1990 created JavaVM[8]@0x00007f6e71f9e340 for JVMCI runtime 0
Event: 4166.044 Thread 0x00007f6ec40b1990 initializing JVMCI runtime 0
Event: 4166.044 Thread 0x00007f6ec40b1990 done waiting for JavaVM references initialization in JVMCI runtime 0
Event: 4166.044 Thread 0x00007f6ec40b1990 initialized JVMCI runtime 0
Event: 4167.060 Thread 0x00007f6ec40b1990 detaching from JVMCI runtime 0: releasing idle compiler thread (0 other threads still attached)
Event: 4167.060 Thread 0x00007f6ec40b1990 shutting down HotSpotJVMCIRuntime for JVMCI runtime 0
Event: 4167.060 Thread 0x00007f6ec40b1990 shut down JVMCI runtime 0
Event: 4167.062 Thread 0x00007f6ec40b1990 destroyed JavaVM[8]@0x00007f6e71f9e340 for JVMCI runtime 0
Event: 4167.062 Thread 0x00007f6ec40b1990 compacted oop handles in JVMCI runtime 0 from 42 to 42
Event: 4167.062 Thread 0x00007f6ec40b1990 releasing handles for JVMCI runtime 0: oop handles=42, metadata handles={total=87, live=76, blocks=28}
Event: 4167.062 Thread 0x00007f6ec40b1990 detached from JVMCI runtime 0

Compilation events (20 events):
Event: 4144.739 Thread 0x00007f6ec40b1990 6355       4       java.util.Collections$UnmodifiableMap$UnmodifiableEntrySet$1::next (5 bytes)
Event: 4144.765 Thread 0x00007f6ec40b1990 nmethod 6355 0x00007f6eb309c810 code [0x00007f6eb309c9a0, 0x00007f6eb309cc98]
Event: 4166.041 Thread 0x00007f6ec40b1990 6356       4       jdk.internal.misc.Unsafe::weakCompareAndSetInt (11 bytes)
Event: 4166.059 Thread 0x00007f6ec40b1990 nmethod 6356 0x00007f6eb2feb810 code [0x00007f6eb2feb980, 0x00007f6eb2feb9d0]
Event: 4630.331 Thread 0x00007f6ec40b2ea0 6358   !   3       org.eclipse.core.internal.jobs.JobManager::nextJob (302 bytes)
Event: 4630.347 Thread 0x00007f6ec40b2ea0 nmethod 6358 0x00007f6eabf44d90 code [0x00007f6eabf451e0, 0x00007f6eabf47650]
Event: 4630.347 Thread 0x00007f6ec40b2ea0 6357   !   3       org.eclipse.core.internal.jobs.JobManager::startJob (187 bytes)
Event: 4630.350 Thread 0x00007f6ec40b2ea0 nmethod 6357 0x00007f6eac456b10 code [0x00007f6eac456e20, 0x00007f6eac457f50]
Event: 4690.333 Thread 0x00007f6ec40b2ea0 6359   !   3       org.eclipse.core.internal.jobs.JobManager::sleepHint (67 bytes)
Event: 4690.337 Thread 0x00007f6ec40b2ea0 nmethod 6359 0x00007f6eac107610 code [0x00007f6eac107860, 0x00007f6eac1081b0]
Event: 4690.337 Thread 0x00007f6ec40b2ea0 6360       3       org.eclipse.core.internal.jobs.JobQueue::isEmpty (18 bytes)
Event: 4690.337 Thread 0x00007f6ec40b2ea0 nmethod 6360 0x00007f6eabcfe710 code [0x00007f6eabcfe8c0, 0x00007f6eabcfea50]
Event: 4776.394 Thread 0x00007f6ec40b2ea0 6361       3       jdk.internal.misc.InnocuousThread::eraseThreadLocals (23 bytes)
Event: 4776.394 Thread 0x00007f6ec40b2ea0 nmethod 6361 0x00007f6eabd29090 code [0x00007f6eabd29220, 0x00007f6eabd29370]
Event: 5410.382 Thread 0x00007f6ec40b2ea0 6362  s!   3       org.eclipse.core.internal.jobs.WorkerPool::sleep (137 bytes)
Event: 5410.386 Thread 0x00007f6ec40b2ea0 nmethod 6362 0x00007f6eaba86890 code [0x00007f6eaba86b00, 0x00007f6eaba873d0]
Event: 5710.378 Thread 0x00007f6ec40b2ea0 6363       3       java.util.Arrays::fill (21 bytes)
Event: 5710.379 Thread 0x00007f6ec40b2ea0 nmethod 6363 0x00007f6eac538c10 code [0x00007f6eac538dc0, 0x00007f6eac538f70]
Event: 5710.379 Thread 0x00007f6ec40b2ea0 6364       3       org.eclipse.core.runtime.jobs.Job::getRule (5 bytes)
Event: 5710.379 Thread 0x00007f6ec40b2ea0 nmethod 6364 0x00007f6eabd30390 code [0x00007f6eabd30520, 0x00007f6eabd30630]

GC Heap History (20 events):
Event: 24.417 GC heap before
{Heap before GC invocations=10 (full 1):
 PSYoungGen      total 30208K, used 30016K [0x00000000f5580000, 0x00000000f7b80000, 0x0000000100000000)
  eden space 22016K, 100% used [0x00000000f5580000,0x00000000f6b00000,0x00000000f6b00000)
  from space 8192K, 97% used [0x00000000f7380000,0x00000000f7b50020,0x00000000f7b80000)
  to   space 8192K, 0% used [0x00000000f6b80000,0x00000000f6b80000,0x00000000f7380000)
 ParOldGen       total 68608K, used 14422K [0x00000000e0000000, 0x00000000e4300000, 0x00000000f5580000)
  object space 68608K, 21% used [0x00000000e0000000,0x00000000e0e15b10,0x00000000e4300000)
 Metaspace       used 33705K, committed 34432K, reserved 1081344K
  class space    used 3550K, committed 3904K, reserved 1048576K
}
Event: 24.524 GC heap after
{Heap after GC invocations=10 (full 1):
 PSYoungGen      total 28672K, used 6521K [0x00000000f5580000, 0x00000000f7900000, 0x0000000100000000)
  eden space 22016K, 0% used [0x00000000f5580000,0x00000000f5580000,0x00000000f6b00000)
  from space 6656K, 97% used [0x00000000f6b80000,0x00000000f71de630,0x00000000f7200000)
  to   space 7168K, 0% used [0x00000000f7200000,0x00000000f7200000,0x00000000f7900000)
 ParOldGen       total 68608K, used 18276K [0x00000000e0000000, 0x00000000e4300000, 0x00000000f5580000)
  object space 68608K, 26% used [0x00000000e0000000,0x00000000e11d9168,0x00000000e4300000)
 Metaspace       used 33705K, committed 34432K, reserved 1081344K
  class space    used 3550K, committed 3904K, reserved 1048576K
}
Event: 24.729 GC heap before
{Heap before GC invocations=11 (full 1):
 PSYoungGen      total 28672K, used 28537K [0x00000000f5580000, 0x00000000f7900000, 0x0000000100000000)
  eden space 22016K, 100% used [0x00000000f5580000,0x00000000f6b00000,0x00000000f6b00000)
  from space 6656K, 97% used [0x00000000f6b80000,0x00000000f71de630,0x00000000f7200000)
  to   space 7168K, 0% used [0x00000000f7200000,0x00000000f7200000,0x00000000f7900000)
 ParOldGen       total 68608K, used 18276K [0x00000000e0000000, 0x00000000e4300000, 0x00000000f5580000)
  object space 68608K, 26% used [0x00000000e0000000,0x00000000e11d9168,0x00000000e4300000)
 Metaspace       used 33706K, committed 34432K, reserved 1081344K
  class space    used 3550K, committed 3904K, reserved 1048576K
}
Event: 24.820 GC heap after
{Heap after GC invocations=11 (full 1):
 PSYoungGen      total 27136K, used 4985K [0x00000000f5580000, 0x00000000f7700000, 0x0000000100000000)
  eden space 22016K, 0% used [0x00000000f5580000,0x00000000f5580000,0x00000000f6b00000)
  from space 5120K, 97% used [0x00000000f7200000,0x00000000f76de630,0x00000000f7700000)
  to   space 6144K, 0% used [0x00000000f6b00000,0x00000000f6b00000,0x00000000f7100000)
 ParOldGen       total 68608K, used 22295K [0x00000000e0000000, 0x00000000e4300000, 0x00000000f5580000)
  object space 68608K, 32% used [0x00000000e0000000,0x00000000e15c5e78,0x00000000e4300000)
 Metaspace       used 33706K, committed 34432K, reserved 1081344K
  class space    used 3550K, committed 3904K, reserved 1048576K
}
Event: 25.028 GC heap before
{Heap before GC invocations=12 (full 1):
 PSYoungGen      total 27136K, used 27001K [0x00000000f5580000, 0x00000000f7700000, 0x0000000100000000)
  eden space 22016K, 100% used [0x00000000f5580000,0x00000000f6b00000,0x00000000f6b00000)
  from space 5120K, 97% used [0x00000000f7200000,0x00000000f76de630,0x00000000f7700000)
  to   space 6144K, 0% used [0x00000000f6b00000,0x00000000f6b00000,0x00000000f7100000)
 ParOldGen       total 68608K, used 22295K [0x00000000e0000000, 0x00000000e4300000, 0x00000000f5580000)
  object space 68608K, 32% used [0x00000000e0000000,0x00000000e15c5e78,0x00000000e4300000)
 Metaspace       used 33714K, committed 34432K, reserved 1081344K
  class space    used 3550K, committed 3904K, reserved 1048576K
}
Event: 25.201 GC heap after
{Heap after GC invocations=12 (full 1):
 PSYoungGen      total 28160K, used 2304K [0x00000000f5580000, 0x00000000f7f00000, 0x0000000100000000)
  eden space 22016K, 0% used [0x00000000f5580000,0x00000000f5580000,0x00000000f6b00000)
  from space 6144K, 37% used [0x00000000f6b00000,0x00000000f6d40000,0x00000000f7100000)
  to   space 3584K, 0% used [0x00000000f7b80000,0x00000000f7b80000,0x00000000f7f00000)
 ParOldGen       total 68608K, used 27268K [0x00000000e0000000, 0x00000000e4300000, 0x00000000f5580000)
  object space 68608K, 39% used [0x00000000e0000000,0x00000000e1aa1370,0x00000000e4300000)
 Metaspace       used 33714K, committed 34432K, reserved 1081344K
  class space    used 3550K, committed 3904K, reserved 1048576K
}
Event: 26.231 GC heap before
{Heap before GC invocations=13 (full 1):
 PSYoungGen      total 28160K, used 24320K [0x00000000f5580000, 0x00000000f7f00000, 0x0000000100000000)
  eden space 22016K, 100% used [0x00000000f5580000,0x00000000f6b00000,0x00000000f6b00000)
  from space 6144K, 37% used [0x00000000f6b00000,0x00000000f6d40000,0x00000000f7100000)
  to   space 3584K, 0% used [0x00000000f7b80000,0x00000000f7b80000,0x00000000f7f00000)
 ParOldGen       total 68608K, used 27268K [0x00000000e0000000, 0x00000000e4300000, 0x00000000f5580000)
  object space 68608K, 39% used [0x00000000e0000000,0x00000000e1aa1370,0x00000000e4300000)
 Metaspace       used 34361K, committed 35136K, reserved 1081344K
  class space    used 3617K, committed 3904K, reserved 1048576K
}
Event: 26.321 GC heap after
{Heap after GC invocations=13 (full 1):
 PSYoungGen      total 25088K, used 2820K [0x00000000f5580000, 0x00000000f7e80000, 0x0000000100000000)
  eden space 22016K, 0% used [0x00000000f5580000,0x00000000f5580000,0x00000000f6b00000)
  from space 3072K, 91% used [0x00000000f7b80000,0x00000000f7e41030,0x00000000f7e80000)
  to   space 3072K, 0% used [0x00000000f7880000,0x00000000f7880000,0x00000000f7b80000)
 ParOldGen       total 68608K, used 29548K [0x00000000e0000000, 0x00000000e4300000, 0x00000000f5580000)
  object space 68608K, 43% used [0x00000000e0000000,0x00000000e1cdb370,0x00000000e4300000)
 Metaspace       used 34361K, committed 35136K, reserved 1081344K
  class space    used 3617K, committed 3904K, reserved 1048576K
}
Event: 27.141 GC heap before
{Heap before GC invocations=14 (full 1):
 PSYoungGen      total 25088K, used 9200K [0x00000000f5580000, 0x00000000f7e80000, 0x0000000100000000)
  eden space 22016K, 28% used [0x00000000f5580000,0x00000000f5bbb2e8,0x00000000f6b00000)
  from space 3072K, 91% used [0x00000000f7b80000,0x00000000f7e41030,0x00000000f7e80000)
  to   space 3072K, 0% used [0x00000000f7880000,0x00000000f7880000,0x00000000f7b80000)
 ParOldGen       total 68608K, used 29548K [0x00000000e0000000, 0x00000000e4300000, 0x00000000f5580000)
  object space 68608K, 43% used [0x00000000e0000000,0x00000000e1cdb370,0x00000000e4300000)
 Metaspace       used 35105K, committed 35840K, reserved 1081344K
  class space    used 3693K, committed 4032K, reserved 1048576K
}
Event: 27.166 GC heap after
{Heap after GC invocations=14 (full 1):
 PSYoungGen      total 22528K, used 320K [0x00000000f5580000, 0x00000000f7c00000, 0x0000000100000000)
  eden space 22016K, 0% used [0x00000000f5580000,0x00000000f5580000,0x00000000f6b00000)
  from space 512K, 62% used [0x00000000f7880000,0x00000000f78d0000,0x00000000f7900000)
  to   space 1536K, 0% used [0x00000000f7a80000,0x00000000f7a80000,0x00000000f7c00000)
 ParOldGen       total 68608K, used 32288K [0x00000000e0000000, 0x00000000e4300000, 0x00000000f5580000)
  object space 68608K, 47% used [0x00000000e0000000,0x00000000e1f883c0,0x00000000e4300000)
 Metaspace       used 35105K, committed 35840K, reserved 1081344K
  class space    used 3693K, committed 4032K, reserved 1048576K
}
Event: 27.166 GC heap before
{Heap before GC invocations=15 (full 2):
 PSYoungGen      total 22528K, used 320K [0x00000000f5580000, 0x00000000f7c00000, 0x0000000100000000)
  eden space 22016K, 0% used [0x00000000f5580000,0x00000000f5580000,0x00000000f6b00000)
  from space 512K, 62% used [0x00000000f7880000,0x00000000f78d0000,0x00000000f7900000)
  to   space 1536K, 0% used [0x00000000f7a80000,0x00000000f7a80000,0x00000000f7c00000)
 ParOldGen       total 68608K, used 32288K [0x00000000e0000000, 0x00000000e4300000, 0x00000000f5580000)
  object space 68608K, 47% used [0x00000000e0000000,0x00000000e1f883c0,0x00000000e4300000)
 Metaspace       used 35105K, committed 35840K, reserved 1081344K
  class space    used 3693K, committed 4032K, reserved 1048576K
}
Event: 27.736 GC heap after
{Heap after GC invocations=15 (full 2):
 PSYoungGen      total 22528K, used 0K [0x00000000f5580000, 0x00000000f7c00000, 0x0000000100000000)
  eden space 22016K, 0% used [0x00000000f5580000,0x00000000f5580000,0x00000000f6b00000)
  from space 512K, 0% used [0x00000000f7880000,0x00000000f7880000,0x00000000f7900000)
  to   space 1536K, 0% used [0x00000000f7a80000,0x00000000f7a80000,0x00000000f7c00000)
 ParOldGen       total 68608K, used 31550K [0x00000000e0000000, 0x00000000e4300000, 0x00000000f5580000)
  object space 68608K, 45% used [0x00000000e0000000,0x00000000e1ecf910,0x00000000e4300000)
 Metaspace       used 35105K, committed 35840K, reserved 1081344K
  class space    used 3693K, committed 4032K, reserved 1048576K
}
Event: 29.519 GC heap before
{Heap before GC invocations=16 (full 2):
 PSYoungGen      total 22528K, used 22016K [0x00000000f5580000, 0x00000000f7c00000, 0x0000000100000000)
  eden space 22016K, 100% used [0x00000000f5580000,0x00000000f6b00000,0x00000000f6b00000)
  from space 512K, 0% used [0x00000000f7880000,0x00000000f7880000,0x00000000f7900000)
  to   space 1536K, 0% used [0x00000000f7a80000,0x00000000f7a80000,0x00000000f7c00000)
 ParOldGen       total 68608K, used 31550K [0x00000000e0000000, 0x00000000e4300000, 0x00000000f5580000)
  object space 68608K, 45% used [0x00000000e0000000,0x00000000e1ecf910,0x00000000e4300000)
 Metaspace       used 36113K, committed 36800K, reserved 1081344K
  class space    used 3791K, committed 4096K, reserved 1048576K
}
Event: 29.532 GC heap after
{Heap after GC invocations=16 (full 2):
 PSYoungGen      total 23552K, used 1529K [0x00000000f5580000, 0x00000000f7c00000, 0x0000000100000000)
  eden space 22016K, 0% used [0x00000000f5580000,0x00000000f5580000,0x00000000f6b00000)
  from space 1536K, 99% used [0x00000000f7a80000,0x00000000f7bfe470,0x00000000f7c00000)
  to   space 2048K, 0% used [0x00000000f7800000,0x00000000f7800000,0x00000000f7a00000)
 ParOldGen       total 68608K, used 31646K [0x00000000e0000000, 0x00000000e4300000, 0x00000000f5580000)
  object space 68608K, 46% used [0x00000000e0000000,0x00000000e1ee7910,0x00000000e4300000)
 Metaspace       used 36113K, committed 36800K, reserved 1081344K
  class space    used 3791K, committed 4096K, reserved 1048576K
}
Event: 31.323 GC heap before
{Heap before GC invocations=17 (full 2):
 PSYoungGen      total 23552K, used 23545K [0x00000000f5580000, 0x00000000f7c00000, 0x0000000100000000)
  eden space 22016K, 100% used [0x00000000f5580000,0x00000000f6b00000,0x00000000f6b00000)
  from space 1536K, 99% used [0x00000000f7a80000,0x00000000f7bfe470,0x00000000f7c00000)
  to   space 2048K, 0% used [0x00000000f7800000,0x00000000f7800000,0x00000000f7a00000)
 ParOldGen       total 68608K, used 31646K [0x00000000e0000000, 0x00000000e4300000, 0x00000000f5580000)
  object space 68608K, 46% used [0x00000000e0000000,0x00000000e1ee7910,0x00000000e4300000)
 Metaspace       used 40432K, committed 41088K, reserved 1089536K
  class space    used 4067K, committed 4352K, reserved 1048576K
}
Event: 31.342 GC heap after
{Heap after GC invocations=17 (full 2):
 PSYoungGen      total 24064K, used 2031K [0x00000000f5580000, 0x00000000f7b00000, 0x0000000100000000)
  eden space 22016K, 0% used [0x00000000f5580000,0x00000000f5580000,0x00000000f6b00000)
  from space 2048K, 99% used [0x00000000f7800000,0x00000000f79fbe40,0x00000000f7a00000)
  to   space 1024K, 0% used [0x00000000f7a00000,0x00000000f7a00000,0x00000000f7b00000)
 ParOldGen       total 68608K, used 33314K [0x00000000e0000000, 0x00000000e4300000, 0x00000000f5580000)
  object space 68608K, 48% used [0x00000000e0000000,0x00000000e2088810,0x00000000e4300000)
 Metaspace       used 40432K, committed 41088K, reserved 1089536K
  class space    used 4067K, committed 4352K, reserved 1048576K
}
Event: 34.736 GC heap before
{Heap before GC invocations=18 (full 2):
 PSYoungGen      total 24064K, used 24047K [0x00000000f5580000, 0x00000000f7b00000, 0x0000000100000000)
  eden space 22016K, 100% used [0x00000000f5580000,0x00000000f6b00000,0x00000000f6b00000)
  from space 2048K, 99% used [0x00000000f7800000,0x00000000f79fbe40,0x00000000f7a00000)
  to   space 1024K, 0% used [0x00000000f7a00000,0x00000000f7a00000,0x00000000f7b00000)
 ParOldGen       total 68608K, used 33314K [0x00000000e0000000, 0x00000000e4300000, 0x00000000f5580000)
  object space 68608K, 48% used [0x00000000e0000000,0x00000000e2088810,0x00000000e4300000)
 Metaspace       used 43729K, committed 44480K, reserved 1089536K
  class space    used 4372K, committed 4672K, reserved 1048576K
}
Event: 34.827 GC heap after
{Heap after GC invocations=18 (full 2):
 PSYoungGen      total 23040K, used 1024K [0x00000000f5580000, 0x00000000f7b00000, 0x0000000100000000)
  eden space 22016K, 0% used [0x00000000f5580000,0x00000000f5580000,0x00000000f6b00000)
  from space 1024K, 100% used [0x00000000f7a00000,0x00000000f7b00000,0x00000000f7b00000)
  to   space 4608K, 0% used [0x00000000f7200000,0x00000000f7200000,0x00000000f7680000)
 ParOldGen       total 68608K, used 36676K [0x00000000e0000000, 0x00000000e4300000, 0x00000000f5580000)
  object space 68608K, 53% used [0x00000000e0000000,0x00000000e23d11b8,0x00000000e4300000)
 Metaspace       used 43729K, committed 44480K, reserved 1089536K
  class space    used 4372K, committed 4672K, reserved 1048576K
}
Event: 36.328 GC heap before
{Heap before GC invocations=19 (full 2):
 PSYoungGen      total 23040K, used 23040K [0x00000000f5580000, 0x00000000f7b00000, 0x0000000100000000)
  eden space 22016K, 100% used [0x00000000f5580000,0x00000000f6b00000,0x00000000f6b00000)
  from space 1024K, 100% used [0x00000000f7a00000,0x00000000f7b00000,0x00000000f7b00000)
  to   space 4608K, 0% used [0x00000000f7200000,0x00000000f7200000,0x00000000f7680000)
 ParOldGen       total 68608K, used 36676K [0x00000000e0000000, 0x00000000e4300000, 0x00000000f5580000)
  object space 68608K, 53% used [0x00000000e0000000,0x00000000e23d11b8,0x00000000e4300000)
 Metaspace       used 44506K, committed 45248K, reserved 1097728K
  class space    used 4429K, committed 4736K, reserved 1048576K
}
Event: 36.337 GC heap after
{Heap after GC invocations=19 (full 2):
 PSYoungGen      total 26624K, used 1191K [0x00000000f5580000, 0x00000000f7a80000, 0x0000000100000000)
  eden space 22016K, 0% used [0x00000000f5580000,0x00000000f5580000,0x00000000f6b00000)
  from space 4608K, 25% used [0x00000000f7200000,0x00000000f7329ff8,0x00000000f7680000)
  to   space 2560K, 0% used [0x00000000f7800000,0x00000000f7800000,0x00000000f7a80000)
 ParOldGen       total 68608K, used 37697K [0x00000000e0000000, 0x00000000e4300000, 0x00000000f5580000)
  object space 68608K, 54% used [0x00000000e0000000,0x00000000e24d05b8,0x00000000e4300000)
 Metaspace       used 44506K, committed 45248K, reserved 1097728K
  class space    used 4429K, committed 4736K, reserved 1048576K
}

Dll operation events (8 events):
Event: 0.017 Loaded shared library /nix/store/gpxl5qgg8kicmcvivwmybwjlpf7wh20l-graalvm17-ce-22.3.0/lib/libjava.so
Event: 0.027 Loaded shared library /nix/store/gpxl5qgg8kicmcvivwmybwjlpf7wh20l-graalvm17-ce-22.3.0/lib/libjsvml.so
Event: 0.333 Loaded shared library /nix/store/gpxl5qgg8kicmcvivwmybwjlpf7wh20l-graalvm17-ce-22.3.0/lib/libnio.so
Event: 0.417 Loaded shared library /nix/store/gpxl5qgg8kicmcvivwmybwjlpf7wh20l-graalvm17-ce-22.3.0/lib/libjvmcicompiler.so
Event: 0.417 Loaded shared library /nix/store/gpxl5qgg8kicmcvivwmybwjlpf7wh20l-graalvm17-ce-22.3.0/lib/libzip.so
Event: 0.826 Loaded shared library /nix/store/gpxl5qgg8kicmcvivwmybwjlpf7wh20l-graalvm17-ce-22.3.0/lib/libjimage.so
Event: 3.519 Loaded shared library /nix/store/gpxl5qgg8kicmcvivwmybwjlpf7wh20l-graalvm17-ce-22.3.0/lib/libnet.so
Event: 5.528 Loaded shared library /home/runner/CohortPeople/.cache/jdt-language-server/config/org.eclipse.equinox.launcher/org.eclipse.equinox.launcher.gtk.linux.x86_64_1.2.400.v20211117-0650/eclipse_11600.so

Deoptimization events (20 events):
Event: 33.817 Thread 0x00007f6e5c488420 Uncommon trap: trap_request=0xffffffed fr.pc=0x00007f6eb303816b relative=0x000000000000078b
Event: 33.818 Thread 0x00007f6e5c488420 Uncommon trap: reason=null_assert_or_unreached0 action=reinterpret pc=0x00007f6eb303816b method=java.util.Properties.load0(Ljava/util/Properties$LineReader;)V @ 141 jvmci
Event: 33.818 Thread 0x00007f6e5c488420 DEOPT PACKING pc=0x00007f6eb303816b sp=0x00007f6ea85fcce0
Event: 33.818 Thread 0x00007f6e5c488420 DEOPT UNPACKING pc=0x00007f6eab505325 sp=0x00007f6ea85fc178 mode 3
Event: 35.425 Thread 0x00007f6e5c488420 DEOPT PACKING pc=0x00007f6eac524c76 sp=0x00007f6ea85fc070
Event: 35.425 Thread 0x00007f6e5c488420 DEOPT UNPACKING pc=0x00007f6eab505325 sp=0x00007f6ea85fb598 mode 0
Event: 36.266 Thread 0x00007f6e5c488420 Uncommon trap: trap_request=0xffffffed fr.pc=0x00007f6eb30d5e49 relative=0x0000000000000549
Event: 36.266 Thread 0x00007f6e5c488420 Uncommon trap: reason=null_assert_or_unreached0 action=reinterpret pc=0x00007f6eb30d5e49 method=org.eclipse.jdt.internal.compiler.util.JrtFileSystem$2.visitFile(Ljava/lang/Object;Ljava/nio/file/attribute/BasicFileAttributes;)Ljava/nio/file/FileVisitResult
Event: 36.266 Thread 0x00007f6e5c488420 DEOPT PACKING pc=0x00007f6eb30d5e49 sp=0x00007f6ea85fdb20
Event: 36.266 Thread 0x00007f6e5c488420 DEOPT UNPACKING pc=0x00007f6eab505325 sp=0x00007f6ea85fcfe0 mode 3
Event: 36.266 Thread 0x00007f6e5c488420 Uncommon trap: trap_request=0xffffffed fr.pc=0x00007f6eb30d78c9 relative=0x0000000000000549
Event: 36.266 Thread 0x00007f6e5c488420 Uncommon trap: reason=null_assert_or_unreached0 action=reinterpret pc=0x00007f6eb30d78c9 method=org.eclipse.jdt.internal.compiler.util.JrtFileSystem$2.visitFile(Ljava/nio/file/Path;Ljava/nio/file/attribute/BasicFileAttributes;)Ljava/nio/file/FileVisitResu
Event: 36.266 Thread 0x00007f6e5c488420 DEOPT PACKING pc=0x00007f6eb30d78c9 sp=0x00007f6ea85fda90
Event: 36.266 Thread 0x00007f6e5c488420 DEOPT UNPACKING pc=0x00007f6eab505325 sp=0x00007f6ea85fcf60 mode 3
Event: 37.716 Thread 0x00007f6e480011b0 Uncommon trap: trap_request=0xffffffcd fr.pc=0x00007f6eb30d97a6 relative=0x0000000000000166
Event: 37.716 Thread 0x00007f6e480011b0 Uncommon trap: reason=intrinsic_or_type_checked_inlining action=reinterpret pc=0x00007f6eb30d97a6 method=java.util.Collections$SingletonMap.get(Ljava/lang/Object;)Ljava/lang/Object; @ 0 jvmci
Event: 37.716 Thread 0x00007f6e480011b0 DEOPT PACKING pc=0x00007f6eb30d97a6 sp=0x00007f6ea81fe0b0
Event: 37.716 Thread 0x00007f6e480011b0 DEOPT UNPACKING pc=0x00007f6eab505325 sp=0x00007f6ea81fd558 mode 3
Event: 311.558 Thread 0x00007f6e480011b0 DEOPT PACKING pc=0x00007f6eabf9118c sp=0x00007f6ea81fde10
Event: 311.558 Thread 0x00007f6e480011b0 DEOPT UNPACKING pc=0x00007f6eab505325 sp=0x00007f6ea81fd378 mode 0

Classes unloaded (0 events):
No events

Classes redefined (0 events):
No events

Internal exceptions (20 events):
Event: 33.419 Thread 0x00007f6e5c488420 Exception <a 'java/lang/NoSuchMethodError'{0x00000000f5f657e0}: 'java.lang.Object java.lang.invoke.Invokers$Holder.linkToTargetMethod(java.lang.Object, java.lang.Object, int, java.lang.Object, java.lang.Object)'> (0x00000000f5f657e0) 
thrown [src/hotspot/share/interpreter/linkResolver.cpp, line 758]
Event: 33.520 Thread 0x00007f6e5c488420 Exception <a 'java/lang/NoSuchMethodError'{0x00000000f5ff3008}: 'java.lang.Object java.lang.invoke.DirectMethodHandle$Holder.newInvokeSpecial(java.lang.Object, java.lang.Object, java.lang.Object, java.lang.Object, int)'> (0x00000000f5ff3008) 
thrown [src/hotspot/share/interpreter/linkResolver.cpp, line 758]
Event: 33.520 Thread 0x00007f6e5c488420 Exception <a 'java/lang/NoSuchMethodError'{0x00000000f5ff7340}: 'java.lang.Object java.lang.invoke.DirectMethodHandle$Holder.invokeSpecial(java.lang.Object, java.lang.Object, java.lang.Object, java.lang.Object, java.lang.Object, int)'> (0x00000000f5ff7340) 
thrown [src/hotspot/share/interpreter/linkResolver.cpp, line 758]
Event: 33.521 Thread 0x00007f6e5c488420 Exception <a 'java/lang/NoSuchMethodError'{0x00000000f6008360}: 'java.lang.Object java.lang.invoke.Invokers$Holder.linkToTargetMethod(java.lang.Object, java.lang.Object, java.lang.Object, int, java.lang.Object)'> (0x00000000f6008360) 
thrown [src/hotspot/share/interpreter/linkResolver.cpp, line 758]
Event: 33.922 Thread 0x00007f6e5c488420 Exception <a 'java/io/FileNotFoundException'{0x00000000f643cf60}> (0x00000000f643cf60) 
thrown [src/hotspot/share/prims/jni.cpp, line 516]
Event: 33.922 Thread 0x00007f6e5c488420 Exception <a 'java/io/FileNotFoundException'{0x00000000f643e210}> (0x00000000f643e210) 
thrown [src/hotspot/share/prims/jni.cpp, line 516]
Event: 36.128 Thread 0x00007f6e5c488420 Exception <a 'java/lang/NoSuchMethodError'{0x00000000f650e210}: 'int java.lang.invoke.DirectMethodHandle$Holder.invokeSpecial(java.lang.Object, java.lang.Object, java.lang.Object)'> (0x00000000f650e210) 
thrown [src/hotspot/share/interpreter/linkResolver.cpp, line 758]
Event: 36.916 Thread 0x00007f6e48002cf0 Exception <a 'java/lang/NoSuchMethodError'{0x00000000f61b1238}: 'java.lang.Object java.lang.invoke.DirectMethodHandle$Holder.invokeStatic(java.lang.Object, java.lang.Object, java.lang.Object, long)'> (0x00000000f61b1238) 
thrown [src/hotspot/share/interpreter/linkResolver.cpp, line 758]
Event: 36.917 Thread 0x00007f6e48002cf0 Exception <a 'java/lang/NoSuchMethodError'{0x00000000f61badd0}: 'java.lang.Object java.lang.invoke.DirectMethodHandle$Holder.newInvokeSpecial(java.lang.Object, java.lang.Object, java.lang.Object, long)'> (0x00000000f61badd0) 
thrown [src/hotspot/share/interpreter/linkResolver.cpp, line 758]
Event: 36.918 Thread 0x00007f6e48002cf0 Exception <a 'java/lang/NoSuchMethodError'{0x00000000f61bf850}: 'java.lang.Object java.lang.invoke.DirectMethodHandle$Holder.invokeSpecial(java.lang.Object, java.lang.Object, java.lang.Object, java.lang.Object, long)'> (0x00000000f61bf850) 
thrown [src/hotspot/share/interpreter/linkResolver.cpp, line 758]
Event: 36.918 Thread 0x00007f6e48002cf0 Exception <a 'java/lang/NoSuchMethodError'{0x00000000f61c3ae0}: 'java.lang.Object java.lang.invoke.Invokers$Holder.linkToTargetMethod(java.lang.Object, java.lang.Object, long, java.lang.Object)'> (0x00000000f61c3ae0) 
thrown [src/hotspot/share/interpreter/linkResolver.cpp, line 758]
Event: 37.129 Thread 0x00007f6e480011b0 Exception <a 'java/lang/NoSuchMethodError'{0x00000000f62a77a0}: 'java.lang.Object java.lang.invoke.DirectMethodHandle$Holder.invokeInterface(java.lang.Object, java.lang.Object, java.lang.Object)'> (0x00000000f62a77a0) 
thrown [src/hotspot/share/interpreter/linkResolver.cpp, line 758]
Event: 37.423 Thread 0x00007f6e480011b0 Exception <a 'java/lang/NoSuchMethodError'{0x00000000f63ee958}: 'java.lang.Object java.lang.invoke.DirectMethodHandle$Holder.invokeStatic(java.lang.Object, java.lang.Object, int, java.lang.Object)'> (0x00000000f63ee958) 
thrown [src/hotspot/share/interpreter/linkResolver.cpp, line 758]
Event: 37.424 Thread 0x00007f6e480011b0 Exception <a 'java/lang/NoSuchMethodError'{0x00000000f63f6cd0}: 'java.lang.Object java.lang.invoke.DirectMethodHandle$Holder.newInvokeSpecial(java.lang.Object, java.lang.Object, int)'> (0x00000000f63f6cd0) 
thrown [src/hotspot/share/interpreter/linkResolver.cpp, line 758]
Event: 37.724 Thread 0x00007f6e480011b0 Exception <a 'java/io/FileNotFoundException'{0x00000000f6503f80}> (0x00000000f6503f80) 
thrown [src/hotspot/share/prims/jni.cpp, line 516]
Event: 311.729 Thread 0x00007f6e480011b0 Exception <a 'java/lang/NoSuchMethodError'{0x00000000f6695400}: static [Lorg/eclipse/core/runtime/IPath;.<clinit>()V> (0x00000000f6695400) 
thrown [src/hotspot/share/prims/jni.cpp, line 1107]
Event: 311.752 Thread 0x00007f6e480011b0 Exception <a 'java/lang/NoSuchMethodError'{0x00000000f669d0b8}: static [J.<clinit>()V> (0x00000000f669d0b8) 
thrown [src/hotspot/share/prims/jni.cpp, line 1107]
Event: 311.822 Thread 0x00007f6e480011b0 Exception <a 'java/lang/NoSuchMethodError'{0x00000000f66c43c8}: 'java.lang.Object java.lang.invoke.DirectMethodHandle$Holder.newInvokeSpecial(java.lang.Object, java.lang.Object, java.lang.Object, java.lang.Object, java.lang.Object, java.lang.Object, java.lang.Object, java.lang.Object)'> (0x00000000f66c43c8) 
thrown [src/hotspot/share/interpreter/linkResolver.cpp, line 758]
Event: 311.823 Thread 0x00007f6e480011b0 Exception <a 'java/lang/NoSuchMethodError'{0x00000000f66ca078}: 'java.lang.Object java.lang.invoke.DirectMethodHandle$Holder.invokeSpecial(java.lang.Object, java.lang.Object, java.lang.Object, java.lang.Object, java.lang.Object, java.lang.Object, java.lang.Object, java.lang.Object, java.lang.Object)'> (0x00000000f66ca078) 
thrown [src/hotspot/share/interpreter/linkResolver.cpp, line 758]
Event: 311.823 Thread 0x00007f6e480011b0 Exception <a 'java/lang/NoSuchMethodError'{0x00000000f66cf640}: 'java.lang.Object java.lang.invoke.Invokers$Holder.linkToTargetMethod(java.lang.Object, java.lang.Object, java.lang.Object, java.lang.Object, java.lang.Object, java.lang.Object, java.lang.Object, java.lang.Object)'> (0x00000000f66cf640) 
thrown [src/hotspot/share/interpreter/linkResolver.cpp, line 758]

VM Operations (20 events):
Event: 1076.364 Executing VM operation: Cleanup
Event: 1076.364 Executing VM operation: Cleanup done
Event: 1210.432 Executing VM operation: Cleanup
Event: 1210.432 Executing VM operation: Cleanup done
Event: 1564.628 Executing VM operation: Cleanup
Event: 1564.629 Executing VM operation: Cleanup done
Event: 1865.847 Executing VM operation: Cleanup
Event: 1865.847 Executing VM operation: Cleanup done
Event: 1915.878 Executing VM operation: Cleanup
Event: 1915.878 Executing VM operation: Cleanup done
Event: 1924.882 Executing VM operation: Cleanup
Event: 1924.883 Executing VM operation: Cleanup done
Event: 1925.883 Executing VM operation: Cleanup
Event: 1925.883 Executing VM operation: Cleanup done
Event: 1954.893 Executing VM operation: Cleanup
Event: 1954.894 Executing VM operation: Cleanup done
Event: 3844.957 Executing VM operation: Cleanup
Event: 3844.957 Executing VM operation: Cleanup done
Event: 4811.066 Executing VM operation: Cleanup
Event: 4811.066 Executing VM operation: Cleanup done

Events (20 events):
Event: 311.635 loading class java/util/function/LongFunction
Event: 311.635 loading class java/util/function/LongFunction done
Event: 311.635 loading class java/util/stream/Nodes$ConcNode
Event: 311.635 loading class java/util/stream/Nodes$AbstractConcNode
Event: 311.636 loading class java/util/stream/Nodes$AbstractConcNode done
Event: 311.636 loading class java/util/stream/Nodes$ConcNode done
Event: 311.640 loading class java/util/stream/Nodes$ToArrayTask$OfRef
Event: 311.640 loading class java/util/stream/Nodes$ToArrayTask
Event: 311.640 loading class java/util/stream/Nodes$ToArrayTask done
Event: 311.640 loading class java/util/stream/Nodes$ToArrayTask$OfRef done
Event: 311.643 loading class java/io/ObjectOutputStream$BlockDataOutputStream
Event: 311.644 loading class java/io/ObjectOutputStream$BlockDataOutputStream done
Event: 311.644 loading class java/io/ObjectOutputStream$HandleTable
Event: 311.644 loading class java/io/ObjectOutputStream$HandleTable done
Event: 311.644 loading class java/io/ObjectOutputStream$ReplaceTable
Event: 311.644 loading class java/io/ObjectOutputStream$ReplaceTable done
Event: 311.716 loading class java/nio/charset/CharacterCodingException
Event: 311.716 loading class java/nio/charset/CharacterCodingException done
Event: 311.730 Thread 0x00007f6e401a3460 Thread exited: 0x00007f6e401a3460
Event: 372.019 Thread 0x00007f6e402094c0 Thread exited: 0x00007f6e402094c0


Dynamic libraries:
e0000000-e4300000 rw-p 00000000 00:00 0 
e4300000-f5580000 ---p 00000000 00:00 0 
f5580000-f7a80000 rw-p 00000000 00:00 0 
f7a80000-100000000 ---p 00000000 00:00 0 
800000000-800449000 rw-p 00001000 08:30 707969865                        /nix/store/gpxl5qgg8kicmcvivwmybwjlpf7wh20l-graalvm17-ce-22.3.0/lib/server/classes.jsa
800449000-800bc8000 r--p 0044a000 08:30 707969865                        /nix/store/gpxl5qgg8kicmcvivwmybwjlpf7wh20l-graalvm17-ce-22.3.0/lib/server/classes.jsa
800bc8000-800c00000 ---p 00000000 00:00 0 
800c00000-800c10000 rw-p 00000000 00:00 0 
800c10000-800c30000 rw-p 00000000 00:00 0 
800c30000-800cb0000 rw-p 00000000 00:00 0 
800cb0000-800cf0000 rw-p 00000000 00:00 0 
800cf0000-800db0000 rw-p 00000000 00:00 0 
800db0000-800df0000 rw-p 00000000 00:00 0 
800df0000-8010f0000 rw-p 00000000 00:00 0 
8010f0000-840c00000 ---p 00000000 00:00 0 
56053f31b000-56053f31c000 r-xp 00000000 08:30 672029940                  /nix/store/gpxl5qgg8kicmcvivwmybwjlpf7wh20l-graalvm17-ce-22.3.0/bin/.java-wrapped
56053f31d000-56053f31e000 r--p 00001000 08:30 672029940                  /nix/store/gpxl5qgg8kicmcvivwmybwjlpf7wh20l-graalvm17-ce-22.3.0/bin/.java-wrapped
56053f31e000-56053f31f000 rw-p 00002000 08:30 672029940                  /nix/store/gpxl5qgg8kicmcvivwmybwjlpf7wh20l-graalvm17-ce-22.3.0/bin/.java-wrapped
56053f31f000-56053f320000 rw-p 00004000 08:30 672029940                  /nix/store/gpxl5qgg8kicmcvivwmybwjlpf7wh20l-graalvm17-ce-22.3.0/bin/.java-wrapped
56053f320000-56053f321000 rw-p 00005000 08:30 672029940                  /nix/store/gpxl5qgg8kicmcvivwmybwjlpf7wh20l-graalvm17-ce-22.3.0/bin/.java-wrapped
560540493000-5605404db000 rw-p 00000000 00:00 0                          [heap]
7f6e264b3000-7f6e30000000 r--s 00000000 08:30 707804677                  /nix/store/gpxl5qgg8kicmcvivwmybwjlpf7wh20l-graalvm17-ce-22.3.0/lib/modules
7f6e30000000-7f6e30021000 rw-p 00000000 00:00 0 
7f6e30021000-7f6e34000000 ---p 00000000 00:00 0 
7f6e34000000-7f6e34093000 rw-p 00000000 00:00 0 
7f6e34093000-7f6e38000000 ---p 00000000 00:00 0 
7f6e38000000-7f6e38021000 rw-p 00000000 00:00 0 
7f6e38021000-7f6e3c000000 ---p 00000000 00:00 0 
7f6e3c000000-7f6e3c072000 rw-p 00000000 00:00 0 
7f6e3c072000-7f6e40000000 ---p 00000000 00:00 0 
7f6e40000000-7f6e4020c000 rw-p 00000000 00:00 0 
7f6e4020c000-7f6e44000000 ---p 00000000 00:00 0 
7f6e44000000-7f6e44021000 rw-p 00000000 00:00 0 
7f6e44021000-7f6e48000000 ---p 00000000 00:00 0 
7f6e48000000-7f6e4849b000 rw-p 00000000 00:00 0 
7f6e4849b000-7f6e4c000000 ---p 00000000 00:00 0 
7f6e4c000000-7f6e4c386000 rw-p 00000000 00:00 0 
7f6e4c386000-7f6e50000000 ---p 00000000 00:00 0 
7f6e50000000-7f6e50021000 rw-p 00000000 00:00 0 
7f6e50021000-7f6e54000000 ---p 00000000 00:00 0 
7f6e54000000-7f6e54021000 rw-p 00000000 00:00 0 
7f6e54021000-7f6e58000000 ---p 00000000 00:00 0 
7f6e58c00000-7f6e58d70000 rw-p 00000000 00:00 0 
7f6e58d70000-7f6e59400000 ---p 00000000 00:00 0 
7f6e59400000-7f6e59690000 rw-p 00000000 00:00 0 
7f6e59690000-7f6e598f0000 rw-p 00000000 00:00 0 
7f6e598f0000-7f6e59970000 rw-p 00000000 00:00 0 
7f6e59970000-7f6e59a00000 ---p 00000000 00:00 0 
7f6e59a00000-7f6e59bf0000 rw-p 00000000 00:00 0 
7f6e59bf0000-7f6e5a3f0000 rw-p 00000000 00:00 0 
7f6e5a3f0000-7f6e5a400000 rw-p 00000000 00:00 0 
7f6e5b000000-7f6e5b0f0000 rw-p 00000000 00:00 0 
7f6e5b0f0000-7f6e5b1f0000 rw-p 00000000 00:00 0 
7f6e5b1f0000-7f6e5b5f0000 rw-p 00000000 00:00 0 
7f6e5b5f0000-7f6e5b6f0000 rw-p 00000000 00:00 0 
7f6e5b6f0000-7f6e5b7f0000 rw-p 00000000 00:00 0 
7f6e5b7f0000-7f6e5b8f0000 rw-p 00000000 00:00 0 
7f6e5b8f0000-7f6e5b9f0000 rw-p 00000000 00:00 0 
7f6e5b9f0000-7f6e5bf70000 rw-p 00000000 00:00 0 
7f6e5bf70000-7f6e5c000000 rw-p 00000000 00:00 0 
7f6e5c000000-7f6e5c93b000 rw-p 00000000 00:00 0 
7f6e5c93b000-7f6e60000000 ---p 00000000 00:00 0 
7f6e60000000-7f6e60021000 rw-p 00000000 00:00 0 
7f6e60021000-7f6e64000000 ---p 00000000 00:00 0 
7f6e64000000-7f6e64021000 rw-p 00000000 00:00 0 
7f6e64021000-7f6e68000000 ---p 00000000 00:00 0 
7f6e68000000-7f6e68021000 rw-p 00000000 00:00 0 
7f6e68021000-7f6e6c000000 ---p 00000000 00:00 0 
7f6e6c000000-7f6e6c021000 rw-p 00000000 00:00 0 
7f6e6c021000-7f6e70000000 ---p 00000000 00:00 0 
7f6e70400000-7f6e70410000 r-xp 00000000 00:9d4 310                       /home/runner/CohortPeople/.cache/jdt-language-server/config/org.eclipse.equinox.launcher/org.eclipse.equinox.launcher.gtk.linux.x86_64_1.2.400.v20211117-0650/eclipse_11600.so
7f6e70410000-7f6e7060f000 ---p 00010000 00:9d4 310                       /home/runner/CohortPeople/.cache/jdt-language-server/config/org.eclipse.equinox.launcher/org.eclipse.equinox.launcher.gtk.linux.x86_64_1.2.400.v20211117-0650/eclipse_11600.so
7f6e7060f000-7f6e70610000 r--p 0000f000 00:9d4 310                       /home/runner/CohortPeople/.cache/jdt-language-server/config/org.eclipse.equinox.launcher/org.eclipse.equinox.launcher.gtk.linux.x86_64_1.2.400.v20211117-0650/eclipse_11600.so
7f6e70610000-7f6e70611000 rw-p 00010000 00:9d4 310                       /home/runner/CohortPeople/.cache/jdt-language-server/config/org.eclipse.equinox.launcher/org.eclipse.equinox.launcher.gtk.linux.x86_64_1.2.400.v20211117-0650/eclipse_11600.so
7f6e72500000-7f6e72504000 ---p 00000000 00:00 0 
7f6e72504000-7f6e72600000 rw-p 00000000 00:00 0 
7f6e72700000-7f6e72704000 ---p 00000000 00:00 0 
7f6e72704000-7f6e72800000 rw-p 00000000 00:00 0 
7f6e72900000-7f6e72904000 ---p 00000000 00:00 0 
7f6e72904000-7f6e72a00000 rw-p 00000000 00:00 0 
7f6e72b00000-7f6e72b04000 ---p 00000000 00:00 0 
7f6e72b04000-7f6e72c00000 rw-p 00000000 00:00 0 
7f6e72d00000-7f6e72d04000 ---p 00000000 00:00 0 
7f6e72d04000-7f6e72e00000 rw-p 00000000 00:00 0 
7f6e73c68000-7f6e74000000 rw-p 00000000 00:00 0 
7f6e74000000-7f6e74021000 rw-p 00000000 00:00 0 
7f6e74021000-7f6e78000000 ---p 00000000 00:00 0 
7f6e78000000-7f6e7803b000 rw-p 00000000 00:00 0 
7f6e7803b000-7f6e7c000000 ---p 00000000 00:00 0 
7f6e7c000000-7f6e7c021000 rw-p 00000000 00:00 0 
7f6e7c021000-7f6e80000000 ---p 00000000 00:00 0 
7f6e80000000-7f6e80021000 rw-p 00000000 00:00 0 
7f6e80021000-7f6e84000000 ---p 00000000 00:00 0 
7f6e84000000-7f6e840a8000 rw-p 00000000 00:00 0 
7f6e840a8000-7f6e88000000 ---p 00000000 00:00 0 
7f6e88000000-7f6e88964000 rw-p 00000000 00:00 0 
7f6e88964000-7f6e8c000000 ---p 00000000 00:00 0 
7f6e8c000000-7f6e8c021000 rw-p 00000000 00:00 0 
7f6e8c021000-7f6e90000000 ---p 00000000 00:00 0 
7f6e90000000-7f6e90021000 rw-p 00000000 00:00 0 
7f6e90021000-7f6e94000000 ---p 00000000 00:00 0 
7f6e94000000-7f6e94021000 rw-p 00000000 00:00 0 
7f6e94021000-7f6e98000000 ---p 00000000 00:00 0 
7f6e98000000-7f6e98021000 rw-p 00000000 00:00 0 
7f6e98021000-7f6e9c000000 ---p 00000000 00:00 0 
7f6e9c000000-7f6e9c021000 rw-p 00000000 00:00 0 
7f6e9c021000-7f6ea0000000 ---p 00000000 00:00 0 
7f6ea0000000-7f6ea0021000 rw-p 00000000 00:00 0 
7f6ea0021000-7f6ea4000000 ---p 00000000 00:00 0 
7f6ea4000000-7f6ea402d000 rw-p 00000000 00:00 0 
7f6ea402d000-7f6ea8000000 ---p 00000000 00:00 0 
7f6ea8100000-7f6ea8104000 ---p 00000000 00:00 0 
7f6ea8104000-7f6ea8200000 rw-p 00000000 00:00 0 
7f6ea8300000-7f6ea8304000 ---p 00000000 00:00 0 
7f6ea8304000-7f6ea8400000 rw-p 00000000 00:00 0 
7f6ea8500000-7f6ea8504000 ---p 00000000 00:00 0 
7f6ea8504000-7f6ea8600000 rw-p 00000000 00:00 0 
7f6ea8700000-7f6ea8704000 ---p 00000000 00:00 0 
7f6ea8704000-7f6ea8800000 rw-p 00000000 00:00 0 
7f6ea8900000-7f6ea8904000 ---p 00000000 00:00 0 
7f6ea8904000-7f6ea8a00000 rw-p 00000000 00:00 0 
7f6ea8b00000-7f6ea8b04000 ---p 00000000 00:00 0 
7f6ea8b04000-7f6ea8c00000 rw-p 00000000 00:00 0 
7f6ea8d00000-7f6ea8d04000 ---p 00000000 00:00 0 
7f6ea8d04000-7f6ea8e00000 rw-p 00000000 00:00 0 
7f6ea8f00000-7f6ea8f04000 ---p 00000000 00:00 0 
7f6ea8f04000-7f6ea9000000 rw-p 00000000 00:00 0 
7f6ea9000000-7f6eab16a000 r-xp 00000000 08:30 707802136                  /nix/store/gpxl5qgg8kicmcvivwmybwjlpf7wh20l-graalvm17-ce-22.3.0/lib/libjvmcicompiler.so
7f6eab16a000-7f6eab369000 ---p 0216a000 08:30 707802136                  /nix/store/gpxl5qgg8kicmcvivwmybwjlpf7wh20l-graalvm17-ce-22.3.0/lib/libjvmcicompiler.so
7f6eab369000-7f6eab36a000 r--p 02169000 08:30 707802136                  /nix/store/gpxl5qgg8kicmcvivwmybwjlpf7wh20l-graalvm17-ce-22.3.0/lib/libjvmcicompiler.so
7f6eab36a000-7f6eab36c000 rw-p 0216a000 08:30 707802136                  /nix/store/gpxl5qgg8kicmcvivwmybwjlpf7wh20l-graalvm17-ce-22.3.0/lib/libjvmcicompiler.so
7f6eab36c000-7f6eab36d000 rw-p 00000000 00:00 0 
7f6eab36d000-7f6eab372000 rw-p 023c3000 08:30 707802136                  /nix/store/gpxl5qgg8kicmcvivwmybwjlpf7wh20l-graalvm17-ce-22.3.0/lib/libjvmcicompiler.so
7f6eab376000-7f6eab37a000 ---p 00000000 00:00 0 
7f6eab37a000-7f6eab476000 rw-p 00000000 00:00 0 
7f6eab476000-7f6eab47a000 ---p 00000000 00:00 0 
7f6eab47a000-7f6eab498000 rw-p 00000000 00:00 0 
7f6eab498000-7f6eab4ad000 r-xp 00000000 08:30 707804666                  /nix/store/gpxl5qgg8kicmcvivwmybwjlpf7wh20l-graalvm17-ce-22.3.0/lib/libnet.so
7f6eab4ad000-7f6eab4ae000 ---p 00015000 08:30 707804666                  /nix/store/gpxl5qgg8kicmcvivwmybwjlpf7wh20l-graalvm17-ce-22.3.0/lib/libnet.so
7f6eab4ae000-7f6eab4af000 r--p 00015000 08:30 707804666                  /nix/store/gpxl5qgg8kicmcvivwmybwjlpf7wh20l-graalvm17-ce-22.3.0/lib/libnet.so
7f6eab4af000-7f6eab4b0000 rw-p 00016000 08:30 707804666                  /nix/store/gpxl5qgg8kicmcvivwmybwjlpf7wh20l-graalvm17-ce-22.3.0/lib/libnet.so
7f6eab4b0000-7f6eab4b3000 rw-p 0001b000 08:30 707804666                  /nix/store/gpxl5qgg8kicmcvivwmybwjlpf7wh20l-graalvm17-ce-22.3.0/lib/libnet.so
7f6eab4b3000-7f6eab723000 rwxp 00000000 00:00 0 
7f6eab723000-7f6eaba42000 ---p 00000000 00:00 0 
7f6eaba42000-7f6eac6b2000 rwxp 00000000 00:00 0 
7f6eac6b2000-7f6eb2f7a000 ---p 00000000 00:00 0 
7f6eb2f7a000-7f6eb31ea000 rwxp 00000000 00:00 0 
7f6eb31ea000-7f6eba4b3000 ---p 00000000 00:00 0 
7f6eba4b3000-7f6ec4000000 r--s 00000000 08:30 707804677                  /nix/store/gpxl5qgg8kicmcvivwmybwjlpf7wh20l-graalvm17-ce-22.3.0/lib/modules
7f6ec4000000-7f6ec446a000 rw-p 00000000 00:00 0 
7f6ec446a000-7f6ec8000000 ---p 00000000 00:00 0 
7f6ec800c000-7f6ec8013000 r-xp 00000000 08:30 707804676                  /nix/store/gpxl5qgg8kicmcvivwmybwjlpf7wh20l-graalvm17-ce-22.3.0/lib/libzip.so
7f6ec8013000-7f6ec8014000 ---p 00007000 08:30 707804676                  /nix/store/gpxl5qgg8kicmcvivwmybwjlpf7wh20l-graalvm17-ce-22.3.0/lib/libzip.so
7f6ec8014000-7f6ec8015000 r--p 00007000 08:30 707804676                  /nix/store/gpxl5qgg8kicmcvivwmybwjlpf7wh20l-graalvm17-ce-22.3.0/lib/libzip.so
7f6ec8015000-7f6ec8016000 rw-p 00008000 08:30 707804676                  /nix/store/gpxl5qgg8kicmcvivwmybwjlpf7wh20l-graalvm17-ce-22.3.0/lib/libzip.so
7f6ec8016000-7f6ec8018000 rw-p 0000b000 08:30 707804676                  /nix/store/gpxl5qgg8kicmcvivwmybwjlpf7wh20l-graalvm17-ce-22.3.0/lib/libzip.so
7f6ec8018000-7f6ec8019000 ---p 00000000 00:00 0 
7f6ec8019000-7f6ec811a000 rw-p 00000000 00:00 0 
7f6ec811a000-7f6ec811e000 ---p 00000000 00:00 0 
7f6ec811e000-7f6ec821a000 rw-p 00000000 00:00 0 
7f6ec821a000-7f6ec821e000 ---p 00000000 00:00 0 
7f6ec821e000-7f6ec831a000 rw-p 00000000 00:00 0 
7f6ec831a000-7f6ec831e000 ---p 00000000 00:00 0 
7f6ec831e000-7f6ec841a000 rw-p 00000000 00:00 0 
7f6ec841a000-7f6ec841e000 ---p 00000000 00:00 0 
7f6ec841e000-7f6ec861a000 rw-p 00000000 00:00 0 
7f6ec861a000-7f6ec861e000 ---p 00000000 00:00 0 
7f6ec861e000-7f6ec881a000 rw-p 00000000 00:00 0 
7f6ec881a000-7f6ec881e000 ---p 00000000 00:00 0 
7f6ec881e000-7f6ec891a000 rw-p 00000000 00:00 0 
7f6ec891a000-7f6ec891e000 ---p 00000000 00:00 0 
7f6ec891e000-7f6ec8a1a000 rw-p 00000000 00:00 0 
7f6ec8a1a000-7f6ec8a1e000 ---p 00000000 00:00 0 
7f6ec8a1e000-7f6ec8b1a000 rw-p 00000000 00:00 0 
7f6ec8b1a000-7f6ec8e00000 r--p 00000000 fc:00 28444448                   /usr/lib/locale/locale-archive
7f6ec8e00000-7f6ec8e04000 ---p 00000000 00:00 0 
7f6ec8e04000-7f6ec8f00000 rw-p 00000000 00:00 0 
7f6ec8f00000-7f6ec8f04000 ---p 00000000 00:00 0 
7f6ec8f04000-7f6ec93f0000 rw-p 00000000 00:00 0 
7f6ec93f0000-7f6ec96b0000 rw-p 00000000 00:00 0 
7f6ec96b0000-7f6ec96f0000 rw-p 00000000 00:00 0 
7f6ec96f0000-7f6ec9800000 rw-p 00000000 00:00 0 
7f6ec9808000-7f6ec981b000 r-xp 00000000 08:30 707804667                  /nix/store/gpxl5qgg8kicmcvivwmybwjlpf7wh20l-graalvm17-ce-22.3.0/lib/libnio.so
7f6ec981b000-7f6ec981c000 r--p 00012000 08:30 707804667                  /nix/store/gpxl5qgg8kicmcvivwmybwjlpf7wh20l-graalvm17-ce-22.3.0/lib/libnio.so
7f6ec981c000-7f6ec981d000 rw-p 00013000 08:30 707804667                  /nix/store/gpxl5qgg8kicmcvivwmybwjlpf7wh20l-graalvm17-ce-22.3.0/lib/libnio.so
7f6ec981d000-7f6ec9822000 rw-p 00019000 08:30 707804667                  /nix/store/gpxl5qgg8kicmcvivwmybwjlpf7wh20l-graalvm17-ce-22.3.0/lib/libnio.so
7f6ec9822000-7f6ec9823000 ---p 00000000 00:00 0 
7f6ec9823000-7f6ec9924000 rw-p 00000000 00:00 0 
7f6ec9924000-7f6ec99f2000 r-xp 00000000 08:30 707802132                  /nix/store/gpxl5qgg8kicmcvivwmybwjlpf7wh20l-graalvm17-ce-22.3.0/lib/libjsvml.so
7f6ec99f2000-7f6ec99f3000 r--p 000cd000 08:30 707802132                  /nix/store/gpxl5qgg8kicmcvivwmybwjlpf7wh20l-graalvm17-ce-22.3.0/lib/libjsvml.so
7f6ec99f3000-7f6ec99f4000 rw-p 000ce000 08:30 707802132                  /nix/store/gpxl5qgg8kicmcvivwmybwjlpf7wh20l-graalvm17-ce-22.3.0/lib/libjsvml.so
7f6ec99f4000-7f6ecb243000 rw-p 00000000 00:00 0 
7f6ecb243000-7f6ecb2cc000 ---p 00000000 00:00 0 
7f6ecb2cc000-7f6ecb2cd000 ---p 00000000 00:00 0 
7f6ecb2cd000-7f6ecb3f0000 rw-p 00000000 00:00 0 
7f6ecb3f0000-7f6ecb478000 ---p 00000000 00:00 0 
7f6ecb478000-7f6ecb48c000 rw-p 00000000 00:00 0 
7f6ecb48c000-7f6ecb4ce000 ---p 00000000 00:00 0 
7f6ecb4ce000-7f6ecb4d4000 rw-p 00000000 00:00 0 
7f6ecb4d4000-7f6ecb5ba000 ---p 00000000 00:00 0 
7f6ecb5ba000-7f6ecb5d3000 rw-p 00000000 00:00 0 
7f6ecb5d3000-7f6ecb6a5000 ---p 00000000 00:00 0 
7f6ecb6a5000-7f6ecb6aa000 rw-p 00000000 00:00 0 
7f6ecb6aa000-7f6ecb6b1000 ---p 00000000 00:00 0 
7f6ecb6b1000-7f6ecb6d5000 r-xp 00000000 08:30 707802124                  /nix/store/gpxl5qgg8kicmcvivwmybwjlpf7wh20l-graalvm17-ce-22.3.0/lib/libjava.so
7f6ecb6d5000-7f6ecb6d6000 ---p 00024000 08:30 707802124                  /nix/store/gpxl5qgg8kicmcvivwmybwjlpf7wh20l-graalvm17-ce-22.3.0/lib/libjava.so
7f6ecb6d6000-7f6ecb6d7000 r--p 00024000 08:30 707802124                  /nix/store/gpxl5qgg8kicmcvivwmybwjlpf7wh20l-graalvm17-ce-22.3.0/lib/libjava.so
7f6ecb6d7000-7f6ecb6d8000 rw-p 00025000 08:30 707802124                  /nix/store/gpxl5qgg8kicmcvivwmybwjlpf7wh20l-graalvm17-ce-22.3.0/lib/libjava.so
7f6ecb6d8000-7f6ecb6d9000 rw-p 00000000 00:00 0 
7f6ecb6d9000-7f6ecb6e0000 rw-p 0002f000 08:30 707802124                  /nix/store/gpxl5qgg8kicmcvivwmybwjlpf7wh20l-graalvm17-ce-22.3.0/lib/libjava.so
7f6ecb6e0000-7f6ecb6e8000 rw-s 00000000 00:718 521                       /tmp/hsperfdata_runner/24188
7f6ecb6e8000-7f6ecb6e9000 ---p 00000000 00:00 0 
7f6ecb6e9000-7f6ecb6ea000 r--p 00000000 00:00 0 
7f6ecb6ea000-7f6ecb6eb000 ---p 00000000 00:00 0 
7f6ecb6eb000-7f6ecb706000 r-xp 00000000 08:30 707802128                  /nix/store/gpxl5qgg8kicmcvivwmybwjlpf7wh20l-graalvm17-ce-22.3.0/lib/libjimage.so
7f6ecb706000-7f6ecb707000 ---p 0001b000 08:30 707802128                  /nix/store/gpxl5qgg8kicmcvivwmybwjlpf7wh20l-graalvm17-ce-22.3.0/lib/libjimage.so
7f6ecb707000-7f6ecb709000 r--p 0001b000 08:30 707802128                  /nix/store/gpxl5qgg8kicmcvivwmybwjlpf7wh20l-graalvm17-ce-22.3.0/lib/libjimage.so
7f6ecb709000-7f6ecb70a000 rw-p 0001d000 08:30 707802128                  /nix/store/gpxl5qgg8kicmcvivwmybwjlpf7wh20l-graalvm17-ce-22.3.0/lib/libjimage.so
7f6ecb70a000-7f6ecb70b000 rw-p 00024000 08:30 707802128                  /nix/store/gpxl5qgg8kicmcvivwmybwjlpf7wh20l-graalvm17-ce-22.3.0/lib/libjimage.so
7f6ecb70b000-7f6ecb70f000 ---p 00000000 00:00 0 
7f6ecb70f000-7f6ecb80b000 rw-p 00000000 00:00 0 
7f6ecb80b000-7f6ecb819000 r--p 00000000 08:30 600592023                  /nix/store/4nlgxhb09sdr51nc9hdm8az5b08vzkgx-glibc-2.35-163/lib/libm.so.6
7f6ecb819000-7f6ecb88c000 r-xp 0000e000 08:30 600592023                  /nix/store/4nlgxhb09sdr51nc9hdm8az5b08vzkgx-glibc-2.35-163/lib/libm.so.6
7f6ecb88c000-7f6ecb8e9000 r--p 00081000 08:30 600592023                  /nix/store/4nlgxhb09sdr51nc9hdm8az5b08vzkgx-glibc-2.35-163/lib/libm.so.6
7f6ecb8e9000-7f6ecb8ea000 r--p 000dd000 08:30 600592023                  /nix/store/4nlgxhb09sdr51nc9hdm8az5b08vzkgx-glibc-2.35-163/lib/libm.so.6
7f6ecb8ea000-7f6ecb8eb000 rw-p 000de000 08:30 600592023                  /nix/store/4nlgxhb09sdr51nc9hdm8az5b08vzkgx-glibc-2.35-163/lib/libm.so.6
7f6ecb8eb000-7f6ecb8ec000 r--p 00000000 08:30 600592042                  /nix/store/4nlgxhb09sdr51nc9hdm8az5b08vzkgx-glibc-2.35-163/lib/librt.so.1
7f6ecb8ec000-7f6ecb8ed000 r-xp 00001000 08:30 600592042                  /nix/store/4nlgxhb09sdr51nc9hdm8az5b08vzkgx-glibc-2.35-163/lib/librt.so.1
7f6ecb8ed000-7f6ecb8ee000 r--p 00002000 08:30 600592042                  /nix/store/4nlgxhb09sdr51nc9hdm8az5b08vzkgx-glibc-2.35-163/lib/librt.so.1
7f6ecb8ee000-7f6ecb8ef000 r--p 00002000 08:30 600592042                  /nix/store/4nlgxhb09sdr51nc9hdm8az5b08vzkgx-glibc-2.35-163/lib/librt.so.1
7f6ecb8ef000-7f6ecb8f0000 rw-p 00003000 08:30 600592042                  /nix/store/4nlgxhb09sdr51nc9hdm8az5b08vzkgx-glibc-2.35-163/lib/librt.so.1
7f6ecb8f0000-7f6ecca03000 r-xp 00000000 08:30 707972962                  /nix/store/gpxl5qgg8kicmcvivwmybwjlpf7wh20l-graalvm17-ce-22.3.0/lib/server/libjvm.so
7f6ecca03000-7f6ecca04000 ---p 01113000 08:30 707972962                  /nix/store/gpxl5qgg8kicmcvivwmybwjlpf7wh20l-graalvm17-ce-22.3.0/lib/server/libjvm.so
7f6ecca04000-7f6eccab9000 r--p 01113000 08:30 707972962                  /nix/store/gpxl5qgg8kicmcvivwmybwjlpf7wh20l-graalvm17-ce-22.3.0/lib/server/libjvm.so
7f6eccab9000-7f6eccaed000 rw-p 011c8000 08:30 707972962                  /nix/store/gpxl5qgg8kicmcvivwmybwjlpf7wh20l-graalvm17-ce-22.3.0/lib/server/libjvm.so
7f6eccaed000-7f6eccb49000 rw-p 00000000 00:00 0 
7f6eccb49000-7f6eccb71000 r--p 00000000 08:30 600592014                  /nix/store/4nlgxhb09sdr51nc9hdm8az5b08vzkgx-glibc-2.35-163/lib/libc.so.6
7f6eccb71000-7f6eccce7000 r-xp 00028000 08:30 600592014                  /nix/store/4nlgxhb09sdr51nc9hdm8az5b08vzkgx-glibc-2.35-163/lib/libc.so.6
7f6eccce7000-7f6eccd3f000 r--p 0019e000 08:30 600592014                  /nix/store/4nlgxhb09sdr51nc9hdm8az5b08vzkgx-glibc-2.35-163/lib/libc.so.6
7f6eccd3f000-7f6eccd43000 r--p 001f6000 08:30 600592014                  /nix/store/4nlgxhb09sdr51nc9hdm8az5b08vzkgx-glibc-2.35-163/lib/libc.so.6
7f6eccd43000-7f6eccd45000 rw-p 001fa000 08:30 600592014                  /nix/store/4nlgxhb09sdr51nc9hdm8az5b08vzkgx-glibc-2.35-163/lib/libc.so.6
7f6eccd45000-7f6eccd54000 rw-p 00000000 00:00 0 
7f6eccd54000-7f6eccd55000 r--p 00000000 08:30 600592019                  /nix/store/4nlgxhb09sdr51nc9hdm8az5b08vzkgx-glibc-2.35-163/lib/libdl.so.2
7f6eccd55000-7f6eccd56000 r-xp 00001000 08:30 600592019                  /nix/store/4nlgxhb09sdr51nc9hdm8az5b08vzkgx-glibc-2.35-163/lib/libdl.so.2
7f6eccd56000-7f6eccd57000 r--p 00002000 08:30 600592019                  /nix/store/4nlgxhb09sdr51nc9hdm8az5b08vzkgx-glibc-2.35-163/lib/libdl.so.2
7f6eccd57000-7f6eccd58000 r--p 00002000 08:30 600592019                  /nix/store/4nlgxhb09sdr51nc9hdm8az5b08vzkgx-glibc-2.35-163/lib/libdl.so.2
7f6eccd58000-7f6eccd59000 rw-p 00003000 08:30 600592019                  /nix/store/4nlgxhb09sdr51nc9hdm8az5b08vzkgx-glibc-2.35-163/lib/libdl.so.2
7f6eccd59000-7f6eccd5a000 r--p 00000000 08:30 600592038                  /nix/store/4nlgxhb09sdr51nc9hdm8az5b08vzkgx-glibc-2.35-163/lib/libpthread.so.0
7f6eccd5a000-7f6eccd5b000 r-xp 00001000 08:30 600592038                  /nix/store/4nlgxhb09sdr51nc9hdm8az5b08vzkgx-glibc-2.35-163/lib/libpthread.so.0
7f6eccd5b000-7f6eccd5c000 r--p 00002000 08:30 600592038                  /nix/store/4nlgxhb09sdr51nc9hdm8az5b08vzkgx-glibc-2.35-163/lib/libpthread.so.0
7f6eccd5c000-7f6eccd5d000 r--p 00002000 08:30 600592038                  /nix/store/4nlgxhb09sdr51nc9hdm8az5b08vzkgx-glibc-2.35-163/lib/libpthread.so.0
7f6eccd5d000-7f6eccd5e000 rw-p 00003000 08:30 600592038                  /nix/store/4nlgxhb09sdr51nc9hdm8az5b08vzkgx-glibc-2.35-163/lib/libpthread.so.0
7f6eccd5e000-7f6eccd6c000 r-xp 00000000 08:30 707802129                  /nix/store/gpxl5qgg8kicmcvivwmybwjlpf7wh20l-graalvm17-ce-22.3.0/lib/libjli.so
7f6eccd6c000-7f6eccd6d000 ---p 0000e000 08:30 707802129                  /nix/store/gpxl5qgg8kicmcvivwmybwjlpf7wh20l-graalvm17-ce-22.3.0/lib/libjli.so
7f6eccd6d000-7f6eccd6e000 r--p 0000e000 08:30 707802129                  /nix/store/gpxl5qgg8kicmcvivwmybwjlpf7wh20l-graalvm17-ce-22.3.0/lib/libjli.so
7f6eccd6e000-7f6eccd6f000 rw-p 0000f000 08:30 707802129                  /nix/store/gpxl5qgg8kicmcvivwmybwjlpf7wh20l-graalvm17-ce-22.3.0/lib/libjli.so
7f6eccd6f000-7f6eccd70000 rw-p 00012000 08:30 707802129                  /nix/store/gpxl5qgg8kicmcvivwmybwjlpf7wh20l-graalvm17-ce-22.3.0/lib/libjli.so
7f6eccd70000-7f6eccd73000 r--p 00000000 08:30 678822167                  /nix/store/026hln0aq1hyshaxsdvhg0kmcm6yf45r-zlib-1.2.13/lib/libz.so.1.2.13
7f6eccd73000-7f6eccd85000 r-xp 00003000 08:30 678822167                  /nix/store/026hln0aq1hyshaxsdvhg0kmcm6yf45r-zlib-1.2.13/lib/libz.so.1.2.13
7f6eccd85000-7f6eccd8c000 r--p 00015000 08:30 678822167                  /nix/store/026hln0aq1hyshaxsdvhg0kmcm6yf45r-zlib-1.2.13/lib/libz.so.1.2.13
7f6eccd8c000-7f6eccd8d000 r--p 0001b000 08:30 678822167                  /nix/store/026hln0aq1hyshaxsdvhg0kmcm6yf45r-zlib-1.2.13/lib/libz.so.1.2.13
7f6eccd8d000-7f6eccd8e000 rw-p 0001c000 08:30 678822167                  /nix/store/026hln0aq1hyshaxsdvhg0kmcm6yf45r-zlib-1.2.13/lib/libz.so.1.2.13
7f6eccd8e000-7f6eccd90000 rw-p 00000000 00:00 0 
7f6eccd90000-7f6eccd92000 r--p 00000000 08:30 600592008                  /nix/store/4nlgxhb09sdr51nc9hdm8az5b08vzkgx-glibc-2.35-163/lib/ld-linux-x86-64.so.2
7f6eccd92000-7f6eccdb9000 r-xp 00002000 08:30 600592008                  /nix/store/4nlgxhb09sdr51nc9hdm8az5b08vzkgx-glibc-2.35-163/lib/ld-linux-x86-64.so.2
7f6eccdb9000-7f6eccdc5000 r--p 00029000 08:30 600592008                  /nix/store/4nlgxhb09sdr51nc9hdm8az5b08vzkgx-glibc-2.35-163/lib/ld-linux-x86-64.so.2
7f6eccdc5000-7f6eccdc7000 r--p 00034000 08:30 600592008                  /nix/store/4nlgxhb09sdr51nc9hdm8az5b08vzkgx-glibc-2.35-163/lib/ld-linux-x86-64.so.2
7f6eccdc7000-7f6eccdc9000 rw-p 00036000 08:30 600592008                  /nix/store/4nlgxhb09sdr51nc9hdm8az5b08vzkgx-glibc-2.35-163/lib/ld-linux-x86-64.so.2
7fff03fa0000-7fff03fc5000 rw-p 00000000 00:00 0                          [stack]
7fff03fd9000-7fff03fdd000 r--p 00000000 00:00 0                          [vvar]
7fff03fdd000-7fff03fdf000 r-xp 00000000 00:00 0                          [vdso]
ffffffffff600000-ffffffffff601000 --xp 00000000 00:00 0                  [vsyscall]


VM Arguments:
jvm_args: -XX:ThreadPriorityPolicy=1 -XX:+UnlockExperimentalVMOptions -XX:+EnableJVMCIProduct -XX:JVMCIThreadsPerNativeLibraryRuntime=1 -XX:-UnlockExperimentalVMOptions -Declipse.application=org.eclipse.jdt.ls.core.id1 -Dosgi.bundles.defaultStartLevel=4 -Declipse.product=org.eclipse.jdt.ls.core.product -Dlog.level=ALL -Xverify:none -XX:+UseParallelGC -XX:GCTimeRatio=4 -XX:AdaptiveSizePolicyWeight=90 -Dsun.zip.disableMemoryMapping=true -Xmx512m -Xms100m 
java_command: /nix/store/q9712qvwdh22a4krw4jz2sjrz07mvjbl-jdt-language-server-1.9.0/share/java/plugins/org.eclipse.equinox.launcher_1.6.400.v20210924-0641.jar --add-modules=ALL-SYSTEM --add-opens java.base/java.util=ALL-UNNAMED --add-opens java.base/java.lang=ALL-UNNAMED -configuration /home/runner/CohortPeople/.cache/jdt-language-server/config -data /home/runner/.cache/jdt-language-server/data/home/runner/CohortPeople
java_class_path (initial): /nix/store/q9712qvwdh22a4krw4jz2sjrz07mvjbl-jdt-language-server-1.9.0/share/java/plugins/org.eclipse.equinox.launcher_1.6.400.v20210924-0641.jar
Launcher Type: SUN_STANDARD

[Global flags]
    uintx AdaptiveSizePolicyWeight                 = 90                                        {product} {command line}
     intx CICompilerCount                          = 2                                         {product} {ergonomic}
     bool EnableJVMCIProduct                       = true                                {JVMCI product} {jimage}
    uintx GCTimeRatio                              = 4                                         {product} {command line}
   size_t InitialHeapSize                          = 104857600                                 {product} {command line}
     uint JVMCIThreadsPerNativeLibraryRuntime      = 1                                   {JVMCI product} {jimage}
   size_t MaxHeapSize                              = 536870912                                 {product} {command line}
   size_t MaxNewSize                               = 178782208                                 {product} {ergonomic}
   size_t MinHeapDeltaBytes                        = 524288                                    {product} {ergonomic}
   size_t MinHeapSize                              = 104857600                                 {product} {command line}
   size_t NewSize                                  = 34603008                                  {product} {ergonomic}
    uintx NonNMethodCodeHeapSize                   = 5826188                                {pd product} {ergonomic}
    uintx NonProfiledCodeHeapSize                  = 122916026                              {pd product} {ergonomic}
   size_t OldSize                                  = 70254592                                  {product} {ergonomic}
    uintx ProfiledCodeHeapSize                     = 122916026                              {pd product} {ergonomic}
    uintx ReservedCodeCacheSize                    = 251658240                              {pd product} {ergonomic}
     bool SegmentedCodeCache                       = true                                      {product} {ergonomic}
   size_t SoftMaxHeapSize                          = 536870912                              {manageable} {ergonomic}
     intx ThreadPriorityPolicy                     = 1                                         {product} {jimage}
     bool UseCompressedClassPointers               = true                           {product lp64_product} {ergonomic}
     bool UseCompressedOops                        = true                           {product lp64_product} {ergonomic}
     bool UseParallelGC                            = true                                      {product} {command line}

Logging:
Log output configuration:
 #0: stdout all=warning uptime,level,tags
 #1: stderr all=off uptime,level,tags

Environment Variables:
JAVA_HOME=/nix/store/gpxl5qgg8kicmcvivwmybwjlpf7wh20l-graalvm17-ce-22.3.0
PATH=/nix/store/1d6ian3r8kdzspw8hacjhl3xkp40g1lj-binutils-wrapper-2.39/bin:/nix/store/dq0xwmsk1g0i2ayg6pb7y87na2knzylh-gcc-wrapper-11.3.0/bin:/nix/store/bap4d0lpcrhpwmpb8ayjcgkmvfj62lnq-bash-interactive-5.1-p16/bin:/nix/store/pr5n59mb4jzmfx6kanwxly0l07p861fg-patchelf-0.15.0/bin:/nix/store/1gf2flfqnpqbr1b4p4qz2f72y42bs56r-gcc-11.3.0/bin:/nix/store/57xv61c5zi8pphjbcwxxjlgc34p61ic9-glibc-2.35-163-bin/bin:/nix/store/a7gvj343m05j2s32xcnwr35v31ynlypr-coreutils-9.1/bin:/nix/store/039g378vc3pc3dvi9dzdlrd0i4q93qwf-binutils-2.39/bin:/nix/store/gpxl5qgg8kicmcvivwmybwjlpf7wh20l-graalvm17-ce-22.3.0/bin:/nix/store/6z9ag3ihc8mq2hzsw48lhbznvzny65nz-apache-maven-3.8.6/bin:/nix/store/q9712qvwdh22a4krw4jz2sjrz07mvjbl-jdt-language-server-1.9.0/bin:/nix/store/9zdrgm97n766nc0kj11x4xvvp00qlfk9-java-debug/bin:/nix/store/18y8p4mjwjy26npih04hfv48wz9czgk3-attr-2.5.1-bin/bin:/nix/store/q8s1kzhsblr2a1p2g0lh2dkcgca1im3z-libcap-2.66/bin:/nix/store/bvihhgw8bh6cqqlj0d4s8cvmm4mqmzfc-pulseaudio-16.1/bin:/nix/store/mydc6f4k2z73xlcz7ilif3v2lcaiqvza-findutils-4.9.0/bin:/nix/store/j9p3g8472iijd50vhdprx0nmk2fqn5gv-diffutils-3.8/bin:/nix/store/89zs7rms6x00xfq4dq6m7mjnhkr8a6r4-gnused-4.8/bin:/nix/store/86bp03jkmsl6f92w0yzg4s59g5mhxwmy-gnugrep-3.7/bin:/nix/store/hwcdqw4jrjnd37wxqgsd47hd0j8bnj09-gawk-5.1.1/bin:/nix/store/cfbhw8r8ags41vwqaz47r583d0p4h4a1-gnutar-1.34/bin:/nix/store/p3m1ndl1lapwrlh698bnb5lvvxh67378-gzip-1.12/bin:/nix/store/a8mhcagrsly7c7mpjrpsnaahk4aax056-bzip2-1.0.8-bin/bin:/nix/store/mblgz65m3zv9x548a3d5m96fj2pbwr09-gnumake-4.3/bin:/nix/store/dsd5gz46hdbdk2rfdimqddhq6m8m8fqs-bash-5.1-p16/bin:/nix/store/v7ljksji50mg3w61dykaa3n3y79n6nil-patch-2.7.6/bin:/nix/store/zlcnmqq14jz5x9439jf937mvayyl63da-xz-5.2.7-bin/bin:/nix/store/y6aj732zm9m87c82fpvf103a1xb22blp-file-5.43/bin:/nix/store/yq0vlv3d2f5si3ibawpq5ay2pc6knixp-nix-2.18.0pre20230808_c0e6466/bin:/nix/store/i4kzir3m7mrisxmf5xvlnkw01x4qaqr4-prybar-elisp-0.0.0-e0d9a52/bin:/nix/store/lwwivxf6h7x3cvxp9zv8sj0mv7dak99r-prybar-lua-0.0.0-e0d9a52/bin:/nix/st
LD_LIBRARY_PATH=/nix/store/a4pff549sk2idnkpzk5nsfps3mdkdnvm-cups-2.4.2-lib/lib:/nix/store/72mqxxhh3cy5yifh92wh2yb8cl2hikyy-cairo-1.16.0/lib:/nix/store/2k366jrbsra97gjfxwvrhvixjfxdach5-glib-2.74.1/lib:/nix/store/2j2znigd8ak37rlwh9khz0ry3clqlw1l-gtk+3-3.24.34/lib
DISPLAY=:0
LANG=en_US.UTF-8

Signal Handlers:
   SIGSEGV: crash_handler in libjvm.so, mask=11100100010111111101111111111110, flags=SA_RESTART|SA_SIGINFO
    SIGBUS: crash_handler in libjvm.so, mask=11100100010111111101111111111110, flags=SA_RESTART|SA_SIGINFO
    SIGFPE: crash_handler in libjvm.so, mask=11100100010111111101111111111110, flags=SA_RESTART|SA_SIGINFO
   SIGPIPE: IsolateEnterStub_IgnoreSIGPIPEStartupHook_noopSignalHandler_8f19bff2f35b5f630d83b364d6b2339320d4ec70_216e8361c6bc87a8f89f58cc10d3b2fd4415bf87 in libjvmcicompiler.so, mask=00000000000000000000000000000000, flags=SA_RESTART
  *** Handler was modified!
  *** Expected: javaSignalHandler in libjvm.so, mask=11100100110111111111111111111110, flags=SA_RESTART|SA_SIGINFO
   SIGXFSZ: javaSignalHandler in libjvm.so, mask=11100100010111111101111111111110, flags=SA_RESTART|SA_SIGINFO
    SIGILL: crash_handler in libjvm.so, mask=11100100010111111101111111111110, flags=SA_RESTART|SA_SIGINFO
   SIGUSR2: SR_handler in libjvm.so, mask=00000000000000000000000000000000, flags=SA_RESTART|SA_SIGINFO
    SIGHUP: UserHandler in libjvm.so, mask=11100100010111111101111111111110, flags=SA_RESTART|SA_SIGINFO
    SIGINT: UserHandler in libjvm.so, mask=11100100010111111101111111111110, flags=SA_RESTART|SA_SIGINFO
   SIGTERM: UserHandler in libjvm.so, mask=11100100010111111101111111111110, flags=SA_RESTART|SA_SIGINFO
   SIGQUIT: UserHandler in libjvm.so, mask=11100100010111111101111111111110, flags=SA_RESTART|SA_SIGINFO
  *** Handler was modified!
  *** Expected: javaSignalHandler in libjvm.so, mask=11100100110111111111111111111110, flags=SA_RESTART|SA_SIGINFO
   SIGTRAP: crash_handler in libjvm.so, mask=11100100010111111101111111111110, flags=SA_RESTART|SA_SIGINFO


---------------  S Y S T E M  ---------------

OS:
DISTRIB_ID=Ubuntu
DISTRIB_RELEASE=20.04
DISTRIB_CODENAME=focal
DISTRIB_DESCRIPTION="Ubuntu 20.04.2 LTS"
uname: Linux 6.5.0-1013-gcp #13~22.04.1-Ubuntu SMP Wed Jan 24 23:39:40 UTC 2024 x86_64
OS uptime: 0 days 4:08 hours
libc: glibc 2.35 NPTL 2.35 
rlimit (soft/hard): STACK 8192k/infinity , CORE infinity/infinity , NPROC infinity/infinity , NOFILE 5242/5242 , AS infinity/infinity , CPU infinity/infinity , DATA infinity/infinity , FSIZE infinity/infinity , MEMLOCK 8192k/8192k
load average: 58.98 24.40 18.63

/proc/meminfo:
MemTotal:       65835404 kB
MemFree:        41716784 kB
MemAvailable:   52291200 kB
Buffers:          822628 kB
Cached:          9299196 kB
SwapCached:            0 kB
Active:         14871160 kB
Inactive:        7092744 kB
Active(anon):   10686584 kB
Inactive(anon):   964532 kB
Active(file):    4184576 kB
Inactive(file):  6128212 kB
Unevictable:       27852 kB
Mlocked:           27852 kB
SwapTotal:             0 kB
SwapFree:              0 kB
Zswap:                 0 kB
Zswapped:              0 kB
Dirty:              4208 kB
Writeback:          2316 kB
AnonPages:      11736524 kB
Mapped:          1580488 kB
Shmem:             16904 kB
KReclaimable:    1041744 kB
Slab:            1485676 kB
SReclaimable:    1041744 kB
SUnreclaim:       443932 kB
KernelStack:      114312 kB
PageTables:       210652 kB
SecPageTables:         0 kB
NFS_Unstable:          0 kB
Bounce:                0 kB
WritebackTmp:          0 kB
CommitLimit:    32917700 kB
Committed_AS:   39078072 kB
VmallocTotal:   34359738367 kB
VmallocUsed:      137208 kB
VmallocChunk:          0 kB
Percpu:            32352 kB
HardwareCorrupted:     0 kB
AnonHugePages:    653312 kB
ShmemHugePages:        0 kB
ShmemPmdMapped:        0 kB
FileHugePages:         0 kB
FilePmdMapped:         0 kB
Unaccepted:            0 kB
HugePages_Total:       0
HugePages_Free:        0
HugePages_Rsvd:        0
HugePages_Surp:        0
Hugepagesize:       2048 kB
Hugetlb:               0 kB
DirectMap4k:      158520 kB
DirectMap2M:     8226816 kB
DirectMap1G:    60817408 kB

/sys/kernel/mm/transparent_hugepage/enabled: always [madvise] never
/sys/kernel/mm/transparent_hugepage/defrag (defrag/compaction efforts parameter): always defer defer+madvise [madvise] never

Process Memory:
Virtual Size: 4229468K (peak: 4286252K)
Resident Set Size: 230428K (peak: 277968K) (anon: 185220K, file: 45208K, shmem: 0K)
Swapped out: 0K
C-Heap outstanding allocations: 36477K, retained: 12562K
glibc malloc tunables: (default)

/proc/sys/kernel/threads-max (system-wide limit on the number of threads): 514277
/proc/sys/vm/max_map_count (maximum number of memory map areas a process may have): 65530
/proc/sys/kernel/pid_max (system-wide limit on number of process identifiers): 4194304

container (cgroup) information:
container_type: cgroupv2
cpu_cpuset_cpus: not supported
cpu_memory_nodes: not supported
active_processor_count: 1
cpu_quota: 50000
cpu_period: 100000
cpu_shares: no shares
memory_limit_in_bytes: 1048576 k
memory_and_swap_limit_in_bytes: unlimited
memory_soft_limit_in_bytes: 524288 k
memory_usage_in_bytes: 773148 k
memory_max_usage_in_bytes: not supported
maximum number of tasks: not supported
current number of tasks: not supported

KVM virtualization detected
Steal ticks since vm start: 13189
Steal ticks percentage since vm start:  0.003

CPU: total 8 (initial active 1) (4 cores per cpu, 2 threads per core) family 6 model 79 stepping 0 microcode 0xffffffff, cx8, cmov, fxsr, ht, mmx, 3dnowpref, sse, sse2, sse3, ssse3, sse4.1, sse4.2, popcnt, lzcnt, tsc, tscinvbit, avx, avx2, aes, erms, clmul, bmi1, bmi2, rtm, adx, fma, vzeroupper, clflush, hv
CPU Model and flags from /proc/cpuinfo:
model name	: Intel(R) Xeon(R) CPU @ 2.20GHz
flags		: fpu vme de pse tsc msr pae mce cx8 apic sep mtrr pge mca cmov pat pse36 clflush mmx fxsr sse sse2 ss ht syscall nx pdpe1gb rdtscp lm constant_tsc rep_good nopl xtopology nonstop_tsc cpuid tsc_known_freq pni pclmulqdq ssse3 fma cx16 pcid sse4_1 sse4_2 x2apic movbe popcnt aes xsave avx f16c rdrand hypervisor lahf_lm abm 3dnowprefetch invpcid_single pti ssbd ibrs ibpb stibp fsgsbase tsc_adjust bmi1 hle avx2 smep bmi2 erms invpcid rtm rdseed adx smap xsaveopt arat md_clear arch_capabilities

Online cpus: 0-7
Offline cpus: 
BIOS frequency limitation: <Not Available>
Frequency switch latency (ns): <Not Available>
Available cpu frequencies: <Not Available>
Current governor: <Not Available>
Core performance/turbo boost: <Not Available>

Memory: 4k page, physical 1048576k(275420k free), swap 0k(0k free)
Page Sizes: 4k

vm_info: OpenJDK 64-Bit Server VM (17.0.5+8-jvmci-22.3-b08) for linux-amd64 JRE (17.0.5+8-jvmci-22.3-b08), built on Oct 19 2022 09:01:27 by "buildslave" with gcc 10.3.0

END.
