#
# A fatal error has been detected by the Java Runtime Environment:
#
#  Internal Error (jvmciRuntime.cpp:1609), pid=32, tid=90
#  fatal error: Fatal exception in JVMCI: Error calling jdk.vm.ci.services.Services.serializeSavedProperties
#
# JRE version: OpenJDK Runtime Environment GraalVM CE 22.3.0 (17.0.5+8) (build 17.0.5+8-jvmci-22.3-b08)
# Java VM: OpenJDK 64-Bit Server VM GraalVM CE 22.3.0 (17.0.5+8-jvmci-22.3-b08, mixed mode, sharing, tiered, jvmci, jvmci compiler, compressed oops, compressed class ptrs, parallel gc, linux-amd64)
# Problematic frame:
# V  [libjvm.so+0x972714]  JVMCIRuntime::fatal_exception(JVMCIEnv*, char const*)+0x74
#
# Core dump will be written. Default location: Core dumps may be processed with "/usr/share/apport/apport -p%p -s%s -c%c -d%d -P%P -u%u -g%g -- %E" (or dumping to /home/runner/CohortPeople/core.32)
#
# If you would like to submit a bug report, please visit:
#   https://github.com/oracle/graal/issues
#

---------------  S U M M A R Y ------------

Command Line: -XX:ThreadPriorityPolicy=1 -XX:+UnlockExperimentalVMOptions -XX:+EnableJVMCIProduct -XX:JVMCIThreadsPerNativeLibraryRuntime=1 -XX:-UnlockExperimentalVMOptions -Declipse.application=org.eclipse.jdt.ls.core.id1 -Dosgi.bundles.defaultStartLevel=4 -Declipse.product=org.eclipse.jdt.ls.core.product -Dlog.level=ALL -Xverify:none -XX:+UseParallelGC -XX:GCTimeRatio=4 -XX:AdaptiveSizePolicyWeight=90 -Dsun.zip.disableMemoryMapping=true -Xmx512m -Xms100m /nix/store/q9712qvwdh22a4krw4jz2sjrz07mvjbl-jdt-language-server-1.9.0/share/java/plugins/org.eclipse.equinox.launcher_1.6.400.v20210924-0641.jar --add-modules=ALL-SYSTEM --add-opens java.base/java.util=ALL-UNNAMED --add-opens java.base/java.lang=ALL-UNNAMED -configuration /home/runner/CohortPeople/.cache/jdt-language-server/config -data /home/runner/.cache/jdt-language-server/data/home/runner/CohortPeople

Host: AMD EPYC 7B12, 8 cores, 1G, Ubuntu 20.04.2 LTS
Time: Wed Feb 28 20:19:48 2024 UTC elapsed time: 485.547033 seconds (0d 0h 8m 5s)

---------------  T H R E A D  ---------------

Current thread (0x00007f060c0b1a90):  JavaThread "JVMCI-native CompilerThread0" daemon [_thread_in_vm, id=90, stack(0x00007f05f0918000,0x00007f05f0b18000)]


Current CompileTask:
JVMCI-native: 485547 8008 %     4       org.eclipse.jdt.internal.core.index.DiskIndex::copyQueryResults @ 104 (218 bytes)

Stack: [0x00007f05f0918000,0x00007f05f0b18000],  sp=0x00007f05f0b16380,  free space=2040k
Native frames: (J=compiled Java code, j=interpreted, Vv=VM code, C=native code)
V  [libjvm.so+0x972714]  JVMCIRuntime::fatal_exception(JVMCIEnv*, char const*)+0x74
V  [libjvm.so+0x93e2fe]  JVMCIEnv::copy_saved_properties()+0x14e
V  [libjvm.so+0x9732a9]  JVMCIRuntime::initialize(JVMCIEnv*)+0xb19
V  [libjvm.so+0x9738a2]  JVMCIRuntime::get_HotSpotJVMCIRuntime(JVMCIEnv*)+0x12
V  [libjvm.so+0x9749f2]  JVMCIRuntime::compile_method(JVMCIEnv*, JVMCICompiler*, methodHandle const&, int)+0xd2
V  [libjvm.so+0x5b0d20]  CompileBroker::invoke_compiler_on_method(CompileTask*)+0x1470
V  [libjvm.so+0x5b12e8]  CompileBroker::compiler_thread_loop()+0x528
V  [libjvm.so+0xd82460]  JavaThread::thread_main_inner()+0xd0
V  [libjvm.so+0xd85a40]  Thread::call_run()+0xc0
V  [libjvm.so+0xbdb1e1]  thread_native_entry(Thread*)+0xe1

Register to memory mapping:

RAX=0x00007f061053d000 points into unknown readable memory: 0x0000000000000058 | 58 00 00 00 00 00 00 00
RBX=0x00007f0611638398: <offset 0x0000000000ef5398> in /nix/store/gpxl5qgg8kicmcvivwmybwjlpf7wh20l-graalvm17-ce-22.3.0/lib/server/libjvm.so at 0x00007f0610743000
RCX=0x00007f06115f01e8: <offset 0x0000000000ead1e8> in /nix/store/gpxl5qgg8kicmcvivwmybwjlpf7wh20l-graalvm17-ce-22.3.0/lib/server/libjvm.so at 0x00007f0610743000
RDX=0x0000000000000649 is an unknown value
RSP=0x00007f05f0b16380 is pointing into the stack for thread: 0x00007f060c0b1a90
RBP=0x00007f05f0b163a0 is pointing into the stack for thread: 0x00007f060c0b1a90
RSI=0x00007f0611638c48: <offset 0x0000000000ef5c48> in /nix/store/gpxl5qgg8kicmcvivwmybwjlpf7wh20l-graalvm17-ce-22.3.0/lib/server/libjvm.so at 0x00007f0610743000
RDI=0x00000000e0000000 is an oop: [B 
{0x00000000e0000000} - klass: {type array byte}
 - length: 57
R8 =0x00007f0611638398: <offset 0x0000000000ef5398> in /nix/store/gpxl5qgg8kicmcvivwmybwjlpf7wh20l-graalvm17-ce-22.3.0/lib/server/libjvm.so at 0x00007f0610743000
R9 =0x00007f05f0b16330 is pointing into the stack for thread: 0x00007f060c0b1a90
R10=0x00007f05f0b17948 is pointing into the stack for thread: 0x00007f060c0b1a90
R11=0x0000000000000293 is an unknown value
R12=0x0 is NULL
R13=0x00007f060c0b1a90 is a thread
R14=0x00007f060c000b80 points into unknown readable memory: 0x00007f0611869a38 | 38 9a 86 11 06 7f 00 00
R15=0x00007f0611977e40: <offset 0x0000000001234e40> in /nix/store/gpxl5qgg8kicmcvivwmybwjlpf7wh20l-graalvm17-ce-22.3.0/lib/server/libjvm.so at 0x00007f0610743000


Registers:
RAX=0x00007f061053d000, RBX=0x00007f0611638398, RCX=0x00007f06115f01e8, RDX=0x0000000000000649
RSP=0x00007f05f0b16380, RBP=0x00007f05f0b163a0, RSI=0x00007f0611638c48, RDI=0x00000000e0000000
R8 =0x00007f0611638398, R9 =0x00007f05f0b16330, R10=0x00007f05f0b17948, R11=0x0000000000000293
R12=0x0000000000000000, R13=0x00007f060c0b1a90, R14=0x00007f060c000b80, R15=0x00007f0611977e40
RIP=0x00007f06110b5714, EFLAGS=0x0000000000010206, CSGSFS=0x002b000000000033, ERR=0x0000000000000006
  TRAPNO=0x000000000000000e

Top of Stack: (sp=0x00007f05f0b16380)
0x00007f05f0b16380:   00007f05f0b16940 00007f060c0b1a90
0x00007f05f0b16390:   00007f05f23588c8 0000000800c409d8
0x00007f05f0b163a0:   00007f05f0b16500 00007f06110812fe
0x00007f05f0b163b0:   00007f05f0b163e0 00007f05f0b16440 

Instructions: (pc=0x00007f06110b5714)
0x00007f06110b5614:   30 e8 f6 cf e8 ff 4c 89 e7 e8 2e 48 d1 ff 84 db
0x00007f06110b5624:   75 2a 4d 85 ed 74 04 4d 8b 6d 00 48 83 c4 08 44
0x00007f06110b5634:   89 f9 4c 89 f2 4c 89 ee 5b 4c 89 e7 41 5c 41 5d
0x00007f06110b5644:   41 5e 41 5f 5d e9 e2 47 d1 ff 66 90 48 83 c4 08
0x00007f06110b5654:   5b 41 5c 41 5d 41 5e 41 5f 5d c3 90 31 d2 be 08
0x00007f06110b5664:   00 00 00 4c 89 ff e8 b1 78 a3 ff 49 89 c5 e9 37
0x00007f06110b5674:   ff ff ff 66 0f 1f 84 00 00 00 00 00 48 8b 7a 08
0x00007f06110b5684:   e9 6d ff ff ff 0f 1f 80 00 00 00 00 e8 5b 48 0a
0x00007f06110b5694:   00 84 c0 75 89 e9 6a ff ff ff 66 90 55 48 89 e5
0x00007f06110b56a4:   41 56 41 55 41 54 49 89 fc 53 48 89 f3 66 48 8d
0x00007f06110b56b4:   3d 27 5e 85 00 66 66 48 e8 df 43 8d ff 4c 8b 28
0x00007f06110b56c4:   8b 05 be 72 8a 00 85 c0 75 14 ba 01 00 00 00 48
0x00007f06110b56d4:   8d 0d ae 72 8a 00 f0 0f b1 11 85 c0 74 4e be c8
0x00007f06110b56e4:   00 00 00 4c 89 ef e8 01 0b 41 00 48 8d 05 12 ac
0x00007f06110b56f4:   85 00 49 89 d8 48 8d 0d e8 aa 53 00 ba 49 06 00
0x00007f06110b5704:   00 48 8d 35 3c 35 58 00 bf 00 00 00 e0 48 8b 00
0x00007f06110b5714:   c6 00 58 31 c0 e8 e2 91 c6 ff 5b 41 5c 41 5d 41
0x00007f06110b5724:   5e 5d e9 55 34 26 00 0f 1f 44 00 00 48 8d 05 81
0x00007f06110b5734:   a3 8b 00 48 89 df 4c 8b 30 e8 9e 43 8d ff 48 89
0x00007f06110b5744:   de 48 89 c2 49 8b 06 4c 89 f7 ff 50 08 4c 89 f7
0x00007f06110b5754:   e8 a7 5c 27 00 4d 85 e4 74 12 be 01 00 00 00 4c
0x00007f06110b5764:   89 e7 e8 35 43 fc ff eb 82 0f 1f 00 be 01 00 00
0x00007f06110b5774:   00 4c 89 ef e8 d3 fd ff ff e9 6d ff ff ff 66 66
0x00007f06110b5784:   2e 0f 1f 84 00 00 00 00 00 0f 1f 00 55 48 89 e5
0x00007f06110b5794:   41 57 41 56 41 55 41 54 53 48 81 ec 08 02 00 00
0x00007f06110b57a4:   64 48 8b 04 25 28 00 00 00 48 89 45 c8 8b 07 83
0x00007f06110b57b4:   f8 02 0f 84 11 04 00 00 4c 8b 6f 18 49 89 ff 49
0x00007f06110b57c4:   89 f4 4d 85 ed 74 14 4c 89 ef e8 5d 57 22 00 41
0x00007f06110b57d4:   8b 07 83 f8 02 0f 84 19 04 00 00 48 8d 1d 9a 06
0x00007f06110b57e4:   8a 00 4c 8d 35 0b 3c 58 00 eb 38 90 48 85 d2 7f
0x00007f06110b57f4:   0d 48 8d 05 b4 c0 85 00 48 83 38 00 7e 0e 41 8b
0x00007f06110b5804:   77 2c 4c 89 f7 31 c0 e8 a0 b2 f7 ff 49 8b 7f 18 


Stack slot to memory mapping:
stack at sp + 0 slots: 0x00007f05f0b16940 is pointing into the stack for thread: 0x00007f060c0b1a90
stack at sp + 1 slots: 0x00007f060c0b1a90 is a thread
stack at sp + 2 slots: 0x00007f05f23588c8 points into unknown readable memory: 0x65730018e552ffff | ff ff 52 e5 18 00 73 65
stack at sp + 3 slots: 0x0000000800c409d8 is a pointer to class: 
jdk.vm.ci.services.Services {0x0000000800c409d8}
 - instance size:     2
 - klass size:        65
 - access:            public final synchronized 
 - state:             fully_initialized
 - name:              'jdk/vm/ci/services/Services'
 - super:             'java/lang/Object'
 - sub:               
 - arrays:            NULL
 - methods:           Array<T>(0x00007f05f1439d18)
 - method ordering:   Array<T>(0x0000000800928960)
 - default_methods:   Array<T>(0x0000000000000000)
 - local interfaces:  Array<T>(0x00000008005ce810)
 - trans. interfaces: Array<T>(0x00000008005ce810)
 - constants:         constant pool [427] {0x00007f05f1438df8} for 'jdk/vm/ci/services/Services' cache=0x00007f05f143afe8
 - class loader data:  loader data: 0x00007f060c027b90 of 'bootstrap'
 - source file:       'Services.java'
 - class annotations:       Array<T>(0x0000000000000000)
 - class type annotations:  Array<T>(0x0000000000000000)
 - field annotations:       Array<T>(0x0000000000000000)
 - field type annotations:  Array<T>(0x0000000000000000)
 - inner classes:     Array<T>(0x00007f05f143afb8)
 - nest members:     Array<T>(0x00007f05f143afd8)
 - permitted subclasses:     Array<T>(0x00000008005ce7a0)
 - java mirror:       a 'java/lang/Class'{0x00000000e02b1dc0} = 'jdk/vm/ci/services/Services'
 - vtable length      5  (start addr: 0x0000000800c40ba8)
 - itable length      2 (start addr: 0x0000000800c40bd0)
 - ---- static fields (3 words):
 - public static final 'IS_BUILDING_NATIVE_IMAGE' 'Z' @128 
 - public static final 'IS_IN_NATIVE_IMAGE' 'Z' @129 
 - private static volatile 'savedProperties' 'Ljava/util/Map;' @112 
 - static final 'JVMCI_ENABLED' 'Z' @130 
 - private static final 'servicesCache' 'Ljava/util/Map;' @116 
 - private static final 'MAX_UNICODE_IN_UTF8_LENGTH' 'I' @120 
 - private static final 'MAX_UTF8_PROPERTY_STRING_LENGTH' 'I' @124 
 - ---- non-static fields (0 words):
 - non-static oop maps: 
stack at sp + 4 slots: 0x00007f05f0b16500 is pointing into the stack for thread: 0x00007f060c0b1a90
stack at sp + 5 slots: 0x00007f06110812fe: <offset 0x000000000093e2fe> in /nix/store/gpxl5qgg8kicmcvivwmybwjlpf7wh20l-graalvm17-ce-22.3.0/lib/server/libjvm.so at 0x00007f0610743000
stack at sp + 6 slots: 0x00007f05f0b163e0 is pointing into the stack for thread: 0x00007f060c0b1a90
stack at sp + 7 slots: 0x00007f05f0b16440 is pointing into the stack for thread: 0x00007f060c0b1a90


---------------  P R O C E S S  ---------------

Threads class SMR info:
_java_thread_list=0x00007f056000c4f0, length=27, elements={
0x00007f060c025e30, 0x00007f060c0a5d50, 0x00007f060c0a7190, 0x00007f060c0ad900,
0x00007f060c0aecb0, 0x00007f060c0b00a0, 0x00007f060c0b1a90, 0x00007f060c0b2fa0,
0x00007f060c0b4000, 0x00007f060c0d7560, 0x00007f060c11f3a0, 0x00007f060c2d88e0,
0x00007f060c3204e0, 0x00007f060c3235b0, 0x00007f05a002f4a0, 0x00007f05a03fe280,
0x00007f05900010d0, 0x00007f05a0611cf0, 0x00007f05a0754f50, 0x00007f060c366680,
0x00007f060c3f9ab0, 0x00007f058001eb00, 0x00007f058001f700, 0x00007f0570399280,
0x00007f0570399a90, 0x00007f0558001dd0, 0x00007f056000bba0
}

Java Threads: ( => current thread )
  0x00007f060c025e30 JavaThread "main" [_thread_blocked, id=81, stack(0x00007f061055e000,0x00007f061065e000)]
  0x00007f060c0a5d50 JavaThread "Reference Handler" daemon [_thread_blocked, id=85, stack(0x00007f05f11fe000,0x00007f05f12fe000)]
  0x00007f060c0a7190 JavaThread "Finalizer" daemon [_thread_blocked, id=86, stack(0x00007f05f10fe000,0x00007f05f11fe000)]
  0x00007f060c0ad900 JavaThread "Signal Dispatcher" daemon [_thread_blocked, id=87, stack(0x00007f05f0d18000,0x00007f05f0e18000)]
  0x00007f060c0aecb0 JavaThread "Service Thread" daemon [_thread_blocked, id=88, stack(0x00007f05f0c18000,0x00007f05f0d18000)]
  0x00007f060c0b00a0 JavaThread "Monitor Deflation Thread" daemon [_thread_blocked, id=89, stack(0x00007f05f0b18000,0x00007f05f0c18000)]
=>0x00007f060c0b1a90 JavaThread "JVMCI-native CompilerThread0" daemon [_thread_in_vm, id=90, stack(0x00007f05f0918000,0x00007f05f0b18000)]
  0x00007f060c0b2fa0 JavaThread "C1 CompilerThread0" daemon [_thread_blocked, id=91, stack(0x00007f05f0718000,0x00007f05f0918000)]
  0x00007f060c0b4000 JavaThread "Sweeper thread" daemon [_thread_blocked, id=92, stack(0x00007f05f0618000,0x00007f05f0718000)]
  0x00007f060c0d7560 JavaThread "Common-Cleaner" daemon [_thread_blocked, id=93, stack(0x00007f05f0518000,0x00007f05f0618000)]
  0x00007f060c11f3a0 JavaThread "Notification Thread" daemon [_thread_blocked, id=95, stack(0x00007f05f0418000,0x00007f05f0518000)]
  0x00007f060c2d88e0 JavaThread "Active Thread: Equinox Container: 2b0b27d9-2320-4962-a815-d319d64c2953" [_thread_blocked, id=113, stack(0x00007f05f00c3000,0x00007f05f01c3000)]
  0x00007f060c3204e0 JavaThread "Framework Event Dispatcher: Equinox Container: 2b0b27d9-2320-4962-a815-d319d64c2953" daemon [_thread_blocked, id=114, stack(0x00007f05b8900000,0x00007f05b8a00000)]
  0x00007f060c3235b0 JavaThread "Start Level: Equinox Container: 2b0b27d9-2320-4962-a815-d319d64c2953" daemon [_thread_blocked, id=115, stack(0x00007f05b8700000,0x00007f05b8800000)]
  0x00007f05a002f4a0 JavaThread "SCR Component Actor" daemon [_thread_blocked, id=119, stack(0x00007f05b8500000,0x00007f05b8600000)]
  0x00007f05a03fe280 JavaThread "Worker-JM" [_thread_blocked, id=130, stack(0x00007f05b8100000,0x00007f05b8200000)]
  0x00007f05900010d0 JavaThread "Worker-1: Periodic workspace save." [_thread_blocked, id=132, stack(0x00007f05b7d00000,0x00007f05b7e00000)]
  0x00007f05a0611cf0 JavaThread "Java indexing" daemon [_thread_blocked, id=133, stack(0x00007f05b7b00000,0x00007f05b7c00000)]
  0x00007f05a0754f50 JavaThread "Bundle File Closer" daemon [_thread_blocked, id=141, stack(0x00007f05b7900000,0x00007f05b7a00000)]
  0x00007f060c366680 JavaThread "pool-3-thread-1" [_thread_blocked, id=142, stack(0x00007f05b8300000,0x00007f05b8400000)]
  0x00007f060c3f9ab0 JavaThread "pool-2-thread-1" [_thread_in_native, id=147, stack(0x00007f05b7500000,0x00007f05b7600000)]
  0x00007f058001eb00 JavaThread "Worker-5: Java indexing... " [_thread_blocked, id=153, stack(0x00007f05b7600000,0x00007f05b7700000)]
  0x00007f058001f700 JavaThread "Worker-6" [_thread_blocked, id=195, stack(0x00007f05b6f00000,0x00007f05b7000000)]
  0x00007f0570399280 JavaThread "OkHttp repo.maven.apache.org" [_thread_blocked, id=211, stack(0x00007f05b7a00000,0x00007f05b7b00000)]
  0x00007f0570399a90 JavaThread "OkHttp ConnectionPool" daemon [_thread_blocked, id=212, stack(0x00007f05b6d00000,0x00007f05b6e00000)]
  0x00007f0558001dd0 JavaThread "OkHttp repo.maven.apache.org Writer" [_thread_blocked, id=213, stack(0x00007f05b6b00000,0x00007f05b6c00000)]
  0x00007f056000bba0 JavaThread "Worker-7" [_thread_blocked, id=1015, stack(0x00007f05b7f00000,0x00007f05b8000000)]

Other Threads:
  0x00007f060c0a1490 VMThread "VM Thread" [stack: 0x00007f05f1300000,0x00007f05f1400000] [id=84] _threads_hazard_ptr=0x00007f056000c4f0
  0x00007f060c120d40 WatcherThread [stack: 0x00007f05f0318000,0x00007f05f0418000] [id=96]
  0x00007f060c03d740 GCTaskThread "GC Thread#0" [stack: 0x00007f0610121000,0x00007f0610221000] [id=83]

Threads with active compile tasks:
JVMCI-native CompilerThread0   485615 8008 %     4       org.eclipse.jdt.internal.core.index.DiskIndex::copyQueryResults @ 104 (218 bytes)

VM state: synchronizing (normal execution)

VM Mutex/Monitor currently owned by a thread:  ([mutex/lock_event])
[0x00007f060c022f80] Threads_lock - owner thread: 0x00007f060c0a1490
[0x00007f060c023730] Heap_lock - owner thread: 0x00007f060c366680

OutOfMemory and StackOverflow Exception counts:
OutOfMemoryError java_heap_errors=4
LinkageErrors=63

Heap address: 0x00000000e0000000, size: 512 MB, Compressed Oops mode: 32-bit

CDS archive(s) mapped at: [0x0000000800000000-0x0000000800bc8000-0x0000000800bc8000), size 12353536, SharedBaseAddress: 0x0000000800000000, ArchiveRelocationMode: 0.
Compressed class space mapped at: 0x0000000800c00000-0x0000000840c00000, reserved size: 1073741824
Narrow klass base: 0x0000000800000000, Narrow klass shift: 0, Narrow klass range: 0x100000000

GC Precious Log:
 CPUs: 8 total, 1 available
 Memory: 1024M
 Large Page Support: Disabled
 NUMA Support: Disabled
 Compressed Oops: Enabled (32-bit)
 Alignments: Space 512K, Generation 512K, Heap 2M
 Heap Min Capacity: 100M
 Heap Initial Capacity: 100M
 Heap Max Capacity: 512M
 Pre-touch: Disabled
 Parallel Workers: 1

Heap:
 PSYoungGen      total 42496K, used 31232K [0x00000000f5580000, 0x00000000f9000000, 0x0000000100000000)
  eden space 31232K, 100% used [0x00000000f5580000,0x00000000f7400000,0x00000000f7400000)
  from space 11264K, 0% used [0x00000000f7400000,0x00000000f7400000,0x00000000f7f00000)
  to   space 11264K, 0% used [0x00000000f8500000,0x00000000f8500000,0x00000000f9000000)
 ParOldGen       total 349696K, used 349695K [0x00000000e0000000, 0x00000000f5580000, 0x00000000f5580000)
  object space 349696K, 99% used [0x00000000e0000000,0x00000000f557fff8,0x00000000f5580000)
 Metaspace       used 54856K, committed 56000K, reserved 1105920K
  class space    used 5547K, committed 6016K, reserved 1048576K

Card table byte_map: [0x00007f0610221000,0x00007f0610322000] _byte_map_base: 0x00007f060fb21000

Marking Bits: (ParMarkBitMap*) 0x00007f06119714c0
 Begin Bits: [0x00007f05f24b3000, 0x00007f05f2cb3000)
 End Bits:   [0x00007f05f2cb3000, 0x00007f05f34b3000)

Polling page: 0x00007f061053b000

Metaspace:

Usage:
  Non-class:     48.15 MB used.
      Class:      5.42 MB used.
       Both:     53.57 MB used.

Virtual space:
  Non-class space:       56.00 MB reserved,      48.81 MB ( 87%) committed,  7 nodes.
      Class space:        1.00 GB reserved,       5.88 MB ( <1%) committed,  1 nodes.
             Both:        1.05 GB reserved,      54.69 MB (  5%) committed. 

Chunk freelists:
   Non-Class:  3.38 MB
       Class:  2.23 MB
        Both:  5.61 MB

MaxMetaspaceSize: unlimited
CompressedClassSpaceSize: 1.00 GB
Initial GC threshold: 21.00 MB
Current GC threshold: 91.06 MB
CDS: on
MetaspaceReclaimPolicy: balanced
 - commit_granule_bytes: 65536.
 - commit_granule_words: 8192.
 - virtual_space_node_default_size: 1048576.
 - enlarge_chunks_in_place: 1.
 - new_chunks_are_fully_committed: 0.
 - uncommit_free_chunks: 1.
 - use_allocation_guard: 0.
 - handle_deallocations: 1.


Internal statistics:

num_allocs_failed_limit: 6.
num_arena_births: 480.
num_arena_deaths: 146.
num_vsnodes_births: 8.
num_vsnodes_deaths: 0.
num_space_committed: 874.
num_space_uncommitted: 0.
num_chunks_returned_to_freelist: 206.
num_chunks_taken_from_freelist: 2642.
num_chunk_merges: 88.
num_chunk_splits: 1730.
num_chunks_enlarged: 1068.
num_purges: 8.
num_inconsistent_stats: 0.

CodeHeap 'non-profiled nmethods': size=120036Kb used=2170Kb max_used=2170Kb free=117865Kb
 bounds [0x00007f05faf7a000, 0x00007f05fb1ea000, 0x00007f06024b3000]
CodeHeap 'profiled nmethods': size=120032Kb used=11595Kb max_used=13170Kb free=108436Kb
 bounds [0x00007f05f3a42000, 0x00007f05f47a2000, 0x00007f05faf7a000]
CodeHeap 'non-nmethods': size=5692Kb used=1371Kb max_used=1382Kb free=4320Kb
 bounds [0x00007f05f34b3000, 0x00007f05f3723000, 0x00007f05f3a42000]
 total_blobs=6251 nmethods=5546 adapters=614
 compilation: enabled
              stopped_count=0, restarted_count=0
 full_count=0

JVMCI Events (20 events):
Event: 273.997 Thread 0x00007f060c0b1a90 compacted oop handles in JVMCI runtime 0 from 42 to 42
Event: 273.997 Thread 0x00007f060c0b1a90 releasing handles for JVMCI runtime 0: oop handles=42, metadata handles={total=86, live=75, blocks=30}
Event: 273.997 Thread 0x00007f060c0b1a90 detached from JVMCI runtime 0
Event: 275.933 Thread 0x00007f060c0b1a90 attached to JVMCI runtime 0
Event: 275.973 Thread 0x00007f060c0b1a90 created JavaVM[3]@0x00007f0584e9e340 for JVMCI runtime 0
Event: 278.220 Thread 0x00007f060c0b1a90 initializing JVMCI runtime 0
Event: 278.220 Thread 0x00007f060c0b1a90 done waiting for JavaVM references initialization in JVMCI runtime 0
Event: 311.415 Thread 0x00007f060c0b1a90 initialized JVMCI runtime 0
Event: 351.105 Thread 0x00007f060c0b1a90 compacted oop handles in JVMCI runtime 0 from 66 to 56
Event: 375.569 Thread 0x00007f060c0b1a90 detaching from JVMCI runtime 0: releasing idle compiler thread (0 other threads still attached)
Event: 375.569 Thread 0x00007f060c0b1a90 shutting down HotSpotJVMCIRuntime for JVMCI runtime 0
Event: 375.569 Thread 0x00007f060c0b1a90 shut down JVMCI runtime 0
Event: 377.405 Thread 0x00007f060c0b1a90 destroyed JavaVM[3]@0x00007f0584e9e340 for JVMCI runtime 0
Event: 377.405 Thread 0x00007f060c0b1a90 compacted oop handles in JVMCI runtime 0 from 67 to 67
Event: 377.405 Thread 0x00007f060c0b1a90 releasing handles for JVMCI runtime 0: oop handles=67, metadata handles={total=128, live=120, blocks=30}
Event: 377.405 Thread 0x00007f060c0b1a90 detached from JVMCI runtime 0
Event: 477.811 Thread 0x00007f060c0b1a90 attached to JVMCI runtime 0
Event: 477.814 Thread 0x00007f060c0b1a90 created JavaVM[4]@0x00007f0584e9e340 for JVMCI runtime 0
Event: 479.013 Thread 0x00007f060c0b1a90 initializing JVMCI runtime 0
Event: 479.013 Thread 0x00007f060c0b1a90 done waiting for JavaVM references initialization in JVMCI runtime 0

Compilation events (20 events):
Event: 342.499 Thread 0x00007f060c0b2fa0 8000       3       java.util.concurrent.atomic.AtomicLong::updateAndGet (59 bytes)
Event: 344.606 Thread 0x00007f060c0b2fa0 nmethod 8000 0x00007f05f3f2ee10 code [0x00007f05f3f2f000, 0x00007f05f3f2f510]
Event: 351.105 Thread 0x00007f060c0b1a90 nmethod 7997 0x00007f05fb197210 code [0x00007f05fb1973a0, 0x00007f05fb1977d0]
Event: 351.105 Thread 0x00007f060c0b1a90 7998       4       java.util.HashMap$EntryIterator::next (5 bytes)
Event: 372.123 Thread 0x00007f060c0b1a90 nmethod 7998 0x00007f05fb197b10 code [0x00007f05fb197ca0, 0x00007f05fb197e80]
Event: 372.123 Thread 0x00007f060c0b1a90 7999       4       java.util.concurrent.locks.ReentrantLock$Sync::isHeldExclusively (16 bytes)
Event: 373.798 Thread 0x00007f060c0b1a90 nmethod 7999 0x00007f05fb198010 code [0x00007f05fb198180, 0x00007f05fb1981d8]
Event: 415.018 Thread 0x00007f060c0b2fa0 8001       3       java.util.concurrent.ThreadPoolExecutor::runStateAtLeast (11 bytes)
Event: 418.327 Thread 0x00007f060c0b2fa0 nmethod 8001 0x00007f05f443c410 code [0x00007f05f443c5a0, 0x00007f05f443c6f0]
Event: 431.126 Thread 0x00007f060c0b2fa0 8002       3       org.eclipse.core.internal.utils.StringPool::add (59 bytes)
Event: 433.430 Thread 0x00007f060c0b2fa0 nmethod 8002 0x00007f05f3c5e010 code [0x00007f05f3c5e200, 0x00007f05f3c5ebd0]
Event: 433.430 Thread 0x00007f060c0b2fa0 8003       3       org.eclipse.core.internal.dtree.AbstractDataTreeNode::storeStrings (42 bytes)
Event: 435.813 Thread 0x00007f060c0b2fa0 nmethod 8003 0x00007f05f4316710 code [0x00007f05f43168e0, 0x00007f05f4316db0]
Event: 435.813 Thread 0x00007f060c0b2fa0 8004       3       org.eclipse.core.internal.dtree.DataTreeNode::storeStrings (28 bytes)
Event: 438.123 Thread 0x00007f060c0b2fa0 nmethod 8004 0x00007f05f3b58b10 code [0x00007f05f3b58ce0, 0x00007f05f3b59570]
Event: 438.123 Thread 0x00007f060c0b2fa0 8005       1       org.eclipse.core.internal.jobs.JobManager::isActive (5 bytes)
Event: 438.123 Thread 0x00007f060c0b2fa0 nmethod 8005 0x00007f05fb198310 code [0x00007f05fb1984a0, 0x00007f05fb198570]
Event: 438.123 Thread 0x00007f060c0b2fa0 8006       1       org.eclipse.core.internal.resources.Workspace::isOpen (5 bytes)
Event: 439.274 Thread 0x00007f060c0b2fa0 nmethod 8006 0x00007f05fb198610 code [0x00007f05fb1987a0, 0x00007f05fb198870]
Event: 477.811 Thread 0x00007f060c0b1a90 8008 %     4       org.eclipse.jdt.internal.core.index.DiskIndex::copyQueryResults @ 104 (218 bytes)

GC Heap History (20 events):
Event: 473.011 GC heap before
{Heap before GC invocations=388 (full 294):
 PSYoungGen      total 42496K, used 31231K [0x00000000f5580000, 0x00000000f9000000, 0x0000000100000000)
  eden space 31232K, 99% used [0x00000000f5580000,0x00000000f73fff90,0x00000000f7400000)
  from space 11264K, 0% used [0x00000000f7400000,0x00000000f7400000,0x00000000f7f00000)
  to   space 11264K, 0% used [0x00000000f8500000,0x00000000f8500000,0x00000000f9000000)
 ParOldGen       total 349696K, used 349695K [0x00000000e0000000, 0x00000000f5580000, 0x00000000f5580000)
  object space 349696K, 99% used [0x00000000e0000000,0x00000000f557ffc8,0x00000000f5580000)
 Metaspace       used 54854K, committed 56000K, reserved 1105920K
  class space    used 5546K, committed 6016K, reserved 1048576K
}
Event: 474.177 GC heap after
{Heap after GC invocations=388 (full 294):
 PSYoungGen      total 42496K, used 31231K [0x00000000f5580000, 0x00000000f9000000, 0x0000000100000000)
  eden space 31232K, 99% used [0x00000000f5580000,0x00000000f73fff90,0x00000000f7400000)
  from space 11264K, 0% used [0x00000000f8500000,0x00000000f8500000,0x00000000f9000000)
  to   space 11264K, 0% used [0x00000000f7400000,0x00000000f7400000,0x00000000f7f00000)
 ParOldGen       total 349696K, used 349695K [0x00000000e0000000, 0x00000000f5580000, 0x00000000f5580000)
  object space 349696K, 99% used [0x00000000e0000000,0x00000000f557ffc8,0x00000000f5580000)
 Metaspace       used 54854K, committed 56000K, reserved 1105920K
  class space    used 5546K, committed 6016K, reserved 1048576K
}
Event: 474.178 GC heap before
{Heap before GC invocations=389 (full 295):
 PSYoungGen      total 42496K, used 31231K [0x00000000f5580000, 0x00000000f9000000, 0x0000000100000000)
  eden space 31232K, 99% used [0x00000000f5580000,0x00000000f73ffff0,0x00000000f7400000)
  from space 11264K, 0% used [0x00000000f8500000,0x00000000f8500000,0x00000000f9000000)
  to   space 11264K, 0% used [0x00000000f7400000,0x00000000f7400000,0x00000000f7f00000)
 ParOldGen       total 349696K, used 349695K [0x00000000e0000000, 0x00000000f5580000, 0x00000000f5580000)
  object space 349696K, 99% used [0x00000000e0000000,0x00000000f557ffc8,0x00000000f5580000)
 Metaspace       used 54854K, committed 56000K, reserved 1105920K
  class space    used 5546K, committed 6016K, reserved 1048576K
}
Event: 475.399 GC heap after
{Heap after GC invocations=389 (full 295):
 PSYoungGen      total 42496K, used 31231K [0x00000000f5580000, 0x00000000f9000000, 0x0000000100000000)
  eden space 31232K, 99% used [0x00000000f5580000,0x00000000f73fff88,0x00000000f7400000)
  from space 11264K, 0% used [0x00000000f7400000,0x00000000f7400000,0x00000000f7f00000)
  to   space 11264K, 0% used [0x00000000f8500000,0x00000000f8500000,0x00000000f9000000)
 ParOldGen       total 349696K, used 349694K [0x00000000e0000000, 0x00000000f5580000, 0x00000000f5580000)
  object space 349696K, 99% used [0x00000000e0000000,0x00000000f557f890,0x00000000f5580000)
 Metaspace       used 54854K, committed 56000K, reserved 1105920K
  class space    used 5546K, committed 6016K, reserved 1048576K
}
Event: 475.399 GC heap before
{Heap before GC invocations=390 (full 296):
 PSYoungGen      total 42496K, used 31232K [0x00000000f5580000, 0x00000000f9000000, 0x0000000100000000)
  eden space 31232K, 100% used [0x00000000f5580000,0x00000000f7400000,0x00000000f7400000)
  from space 11264K, 0% used [0x00000000f7400000,0x00000000f7400000,0x00000000f7f00000)
  to   space 11264K, 0% used [0x00000000f8500000,0x00000000f8500000,0x00000000f9000000)
 ParOldGen       total 349696K, used 349694K [0x00000000e0000000, 0x00000000f5580000, 0x00000000f5580000)
  object space 349696K, 99% used [0x00000000e0000000,0x00000000f557f890,0x00000000f5580000)
 Metaspace       used 54854K, committed 56000K, reserved 1105920K
  class space    used 5546K, committed 6016K, reserved 1048576K
}
Event: 476.527 GC heap after
{Heap after GC invocations=390 (full 296):
 PSYoungGen      total 42496K, used 31232K [0x00000000f5580000, 0x00000000f9000000, 0x0000000100000000)
  eden space 31232K, 100% used [0x00000000f5580000,0x00000000f7400000,0x00000000f7400000)
  from space 11264K, 0% used [0x00000000f8500000,0x00000000f8500000,0x00000000f9000000)
  to   space 11264K, 0% used [0x00000000f7400000,0x00000000f7400000,0x00000000f7f00000)
 ParOldGen       total 349696K, used 349694K [0x00000000e0000000, 0x00000000f5580000, 0x00000000f5580000)
  object space 349696K, 99% used [0x00000000e0000000,0x00000000f557f890,0x00000000f5580000)
 Metaspace       used 54854K, committed 56000K, reserved 1105920K
  class space    used 5546K, committed 6016K, reserved 1048576K
}
Event: 476.527 GC heap before
{Heap before GC invocations=391 (full 297):
 PSYoungGen      total 42496K, used 31232K [0x00000000f5580000, 0x00000000f9000000, 0x0000000100000000)
  eden space 31232K, 100% used [0x00000000f5580000,0x00000000f7400000,0x00000000f7400000)
  from space 11264K, 0% used [0x00000000f8500000,0x00000000f8500000,0x00000000f9000000)
  to   space 11264K, 0% used [0x00000000f7400000,0x00000000f7400000,0x00000000f7f00000)
 ParOldGen       total 349696K, used 349695K [0x00000000e0000000, 0x00000000f5580000, 0x00000000f5580000)
  object space 349696K, 99% used [0x00000000e0000000,0x00000000f557fff8,0x00000000f5580000)
 Metaspace       used 54856K, committed 56000K, reserved 1105920K
  class space    used 5547K, committed 6016K, reserved 1048576K
}
Event: 477.811 GC heap after
{Heap after GC invocations=391 (full 297):
 PSYoungGen      total 42496K, used 31231K [0x00000000f5580000, 0x00000000f9000000, 0x0000000100000000)
  eden space 31232K, 99% used [0x00000000f5580000,0x00000000f73fff58,0x00000000f7400000)
  from space 11264K, 0% used [0x00000000f7400000,0x00000000f7400000,0x00000000f7f00000)
  to   space 11264K, 0% used [0x00000000f8500000,0x00000000f8500000,0x00000000f9000000)
 ParOldGen       total 349696K, used 349695K [0x00000000e0000000, 0x00000000f5580000, 0x00000000f5580000)
  object space 349696K, 99% used [0x00000000e0000000,0x00000000f557fe60,0x00000000f5580000)
 Metaspace       used 54856K, committed 56000K, reserved 1105920K
  class space    used 5547K, committed 6016K, reserved 1048576K
}
Event: 477.814 GC heap before
{Heap before GC invocations=392 (full 298):
 PSYoungGen      total 42496K, used 31232K [0x00000000f5580000, 0x00000000f9000000, 0x0000000100000000)
  eden space 31232K, 100% used [0x00000000f5580000,0x00000000f7400000,0x00000000f7400000)
  from space 11264K, 0% used [0x00000000f7400000,0x00000000f7400000,0x00000000f7f00000)
  to   space 11264K, 0% used [0x00000000f8500000,0x00000000f8500000,0x00000000f9000000)
 ParOldGen       total 349696K, used 349695K [0x00000000e0000000, 0x00000000f5580000, 0x00000000f5580000)
  object space 349696K, 99% used [0x00000000e0000000,0x00000000f557fe60,0x00000000f5580000)
 Metaspace       used 54856K, committed 56000K, reserved 1105920K
  class space    used 5547K, committed 6016K, reserved 1048576K
}
Event: 479.013 GC heap after
{Heap after GC invocations=392 (full 298):
 PSYoungGen      total 42496K, used 31232K [0x00000000f5580000, 0x00000000f9000000, 0x0000000100000000)
  eden space 31232K, 100% used [0x00000000f5580000,0x00000000f7400000,0x00000000f7400000)
  from space 11264K, 0% used [0x00000000f8500000,0x00000000f8500000,0x00000000f9000000)
  to   space 11264K, 0% used [0x00000000f7400000,0x00000000f7400000,0x00000000f7f00000)
 ParOldGen       total 349696K, used 349695K [0x00000000e0000000, 0x00000000f5580000, 0x00000000f5580000)
  object space 349696K, 99% used [0x00000000e0000000,0x00000000f557fe60,0x00000000f5580000)
 Metaspace       used 54856K, committed 56000K, reserved 1105920K
  class space    used 5547K, committed 6016K, reserved 1048576K
}
Event: 479.014 GC heap before
{Heap before GC invocations=393 (full 299):
 PSYoungGen      total 42496K, used 31232K [0x00000000f5580000, 0x00000000f9000000, 0x0000000100000000)
  eden space 31232K, 100% used [0x00000000f5580000,0x00000000f7400000,0x00000000f7400000)
  from space 11264K, 0% used [0x00000000f8500000,0x00000000f8500000,0x00000000f9000000)
  to   space 11264K, 0% used [0x00000000f7400000,0x00000000f7400000,0x00000000f7f00000)
 ParOldGen       total 349696K, used 349695K [0x00000000e0000000, 0x00000000f5580000, 0x00000000f5580000)
  object space 349696K, 99% used [0x00000000e0000000,0x00000000f557fff0,0x00000000f5580000)
 Metaspace       used 54856K, committed 56000K, reserved 1105920K
  class space    used 5547K, committed 6016K, reserved 1048576K
}
Event: 480.300 GC heap after
{Heap after GC invocations=393 (full 299):
 PSYoungGen      total 42496K, used 31232K [0x00000000f5580000, 0x00000000f9000000, 0x0000000100000000)
  eden space 31232K, 100% used [0x00000000f5580000,0x00000000f7400000,0x00000000f7400000)
  from space 11264K, 0% used [0x00000000f7400000,0x00000000f7400000,0x00000000f7f00000)
  to   space 11264K, 0% used [0x00000000f8500000,0x00000000f8500000,0x00000000f9000000)
 ParOldGen       total 349696K, used 349695K [0x00000000e0000000, 0x00000000f5580000, 0x00000000f5580000)
  object space 349696K, 99% used [0x00000000e0000000,0x00000000f557ffc8,0x00000000f5580000)
 Metaspace       used 54856K, committed 56000K, reserved 1105920K
  class space    used 5547K, committed 6016K, reserved 1048576K
}
Event: 480.301 GC heap before
{Heap before GC invocations=394 (full 300):
 PSYoungGen      total 42496K, used 31232K [0x00000000f5580000, 0x00000000f9000000, 0x0000000100000000)
  eden space 31232K, 100% used [0x00000000f5580000,0x00000000f7400000,0x00000000f7400000)
  from space 11264K, 0% used [0x00000000f7400000,0x00000000f7400000,0x00000000f7f00000)
  to   space 11264K, 0% used [0x00000000f8500000,0x00000000f8500000,0x00000000f9000000)
 ParOldGen       total 349696K, used 349695K [0x00000000e0000000, 0x00000000f5580000, 0x00000000f5580000)
  object space 349696K, 99% used [0x00000000e0000000,0x00000000f557fff8,0x00000000f5580000)
 Metaspace       used 54856K, committed 56000K, reserved 1105920K
  class space    used 5547K, committed 6016K, reserved 1048576K
}
Event: 481.701 GC heap after
{Heap after GC invocations=394 (full 300):
 PSYoungGen      total 42496K, used 31232K [0x00000000f5580000, 0x00000000f9000000, 0x0000000100000000)
  eden space 31232K, 100% used [0x00000000f5580000,0x00000000f7400000,0x00000000f7400000)
  from space 11264K, 0% used [0x00000000f8500000,0x00000000f8500000,0x00000000f9000000)
  to   space 11264K, 0% used [0x00000000f7400000,0x00000000f7400000,0x00000000f7f00000)
 ParOldGen       total 349696K, used 349695K [0x00000000e0000000, 0x00000000f5580000, 0x00000000f5580000)
  object space 349696K, 99% used [0x00000000e0000000,0x00000000f557fff8,0x00000000f5580000)
 Metaspace       used 54856K, committed 56000K, reserved 1105920K
  class space    used 5547K, committed 6016K, reserved 1048576K
}
Event: 481.701 GC heap before
{Heap before GC invocations=395 (full 301):
 PSYoungGen      total 42496K, used 31232K [0x00000000f5580000, 0x00000000f9000000, 0x0000000100000000)
  eden space 31232K, 100% used [0x00000000f5580000,0x00000000f7400000,0x00000000f7400000)
  from space 11264K, 0% used [0x00000000f8500000,0x00000000f8500000,0x00000000f9000000)
  to   space 11264K, 0% used [0x00000000f7400000,0x00000000f7400000,0x00000000f7f00000)
 ParOldGen       total 349696K, used 349695K [0x00000000e0000000, 0x00000000f5580000, 0x00000000f5580000)
  object space 349696K, 99% used [0x00000000e0000000,0x00000000f557fff8,0x00000000f5580000)
 Metaspace       used 54856K, committed 56000K, reserved 1105920K
  class space    used 5547K, committed 6016K, reserved 1048576K
}
Event: 483.003 GC heap after
{Heap after GC invocations=395 (full 301):
 PSYoungGen      total 42496K, used 31232K [0x00000000f5580000, 0x00000000f9000000, 0x0000000100000000)
  eden space 31232K, 100% used [0x00000000f5580000,0x00000000f7400000,0x00000000f7400000)
  from space 11264K, 0% used [0x00000000f7400000,0x00000000f7400000,0x00000000f7f00000)
  to   space 11264K, 0% used [0x00000000f8500000,0x00000000f8500000,0x00000000f9000000)
 ParOldGen       total 349696K, used 349695K [0x00000000e0000000, 0x00000000f5580000, 0x00000000f5580000)
  object space 349696K, 99% used [0x00000000e0000000,0x00000000f557fff8,0x00000000f5580000)
 Metaspace       used 54856K, committed 56000K, reserved 1105920K
  class space    used 5547K, committed 6016K, reserved 1048576K
}
Event: 483.003 GC heap before
{Heap before GC invocations=396 (full 302):
 PSYoungGen      total 42496K, used 31232K [0x00000000f5580000, 0x00000000f9000000, 0x0000000100000000)
  eden space 31232K, 100% used [0x00000000f5580000,0x00000000f7400000,0x00000000f7400000)
  from space 11264K, 0% used [0x00000000f7400000,0x00000000f7400000,0x00000000f7f00000)
  to   space 11264K, 0% used [0x00000000f8500000,0x00000000f8500000,0x00000000f9000000)
 ParOldGen       total 349696K, used 349695K [0x00000000e0000000, 0x00000000f5580000, 0x00000000f5580000)
  object space 349696K, 99% used [0x00000000e0000000,0x00000000f557fff8,0x00000000f5580000)
 Metaspace       used 54856K, committed 56000K, reserved 1105920K
  class space    used 5547K, committed 6016K, reserved 1048576K
}
Event: 484.307 GC heap after
{Heap after GC invocations=396 (full 302):
 PSYoungGen      total 42496K, used 31232K [0x00000000f5580000, 0x00000000f9000000, 0x0000000100000000)
  eden space 31232K, 100% used [0x00000000f5580000,0x00000000f7400000,0x00000000f7400000)
  from space 11264K, 0% used [0x00000000f8500000,0x00000000f8500000,0x00000000f9000000)
  to   space 11264K, 0% used [0x00000000f7400000,0x00000000f7400000,0x00000000f7f00000)
 ParOldGen       total 349696K, used 349695K [0x00000000e0000000, 0x00000000f5580000, 0x00000000f5580000)
  object space 349696K, 99% used [0x00000000e0000000,0x00000000f557fff8,0x00000000f5580000)
 Metaspace       used 54856K, committed 56000K, reserved 1105920K
  class space    used 5547K, committed 6016K, reserved 1048576K
}
Event: 484.307 GC heap before
{Heap before GC invocations=397 (full 303):
 PSYoungGen      total 42496K, used 31232K [0x00000000f5580000, 0x00000000f9000000, 0x0000000100000000)
  eden space 31232K, 100% used [0x00000000f5580000,0x00000000f7400000,0x00000000f7400000)
  from space 11264K, 0% used [0x00000000f8500000,0x00000000f8500000,0x00000000f9000000)
  to   space 11264K, 0% used [0x00000000f7400000,0x00000000f7400000,0x00000000f7f00000)
 ParOldGen       total 349696K, used 349695K [0x00000000e0000000, 0x00000000f5580000, 0x00000000f5580000)
  object space 349696K, 99% used [0x00000000e0000000,0x00000000f557fff8,0x00000000f5580000)
 Metaspace       used 54856K, committed 56000K, reserved 1105920K
  class space    used 5547K, committed 6016K, reserved 1048576K
}
Event: 485.519 GC heap after
{Heap after GC invocations=397 (full 303):
 PSYoungGen      total 42496K, used 31232K [0x00000000f5580000, 0x00000000f9000000, 0x0000000100000000)
  eden space 31232K, 100% used [0x00000000f5580000,0x00000000f7400000,0x00000000f7400000)
  from space 11264K, 0% used [0x00000000f7400000,0x00000000f7400000,0x00000000f7f00000)
  to   space 11264K, 0% used [0x00000000f8500000,0x00000000f8500000,0x00000000f9000000)
 ParOldGen       total 349696K, used 349695K [0x00000000e0000000, 0x00000000f5580000, 0x00000000f5580000)
  object space 349696K, 99% used [0x00000000e0000000,0x00000000f557fff8,0x00000000f5580000)
 Metaspace       used 54856K, committed 56000K, reserved 1105920K
  class space    used 5547K, committed 6016K, reserved 1048576K
}

Dll operation events (9 events):
Event: 0.050 Loaded shared library /nix/store/gpxl5qgg8kicmcvivwmybwjlpf7wh20l-graalvm17-ce-22.3.0/lib/libjava.so
Event: 0.070 Loaded shared library /nix/store/gpxl5qgg8kicmcvivwmybwjlpf7wh20l-graalvm17-ce-22.3.0/lib/libjsvml.so
Event: 0.444 Loaded shared library /nix/store/gpxl5qgg8kicmcvivwmybwjlpf7wh20l-graalvm17-ce-22.3.0/lib/libjvmcicompiler.so
Event: 0.469 Loaded shared library /nix/store/gpxl5qgg8kicmcvivwmybwjlpf7wh20l-graalvm17-ce-22.3.0/lib/libnio.so
Event: 0.480 Loaded shared library /nix/store/gpxl5qgg8kicmcvivwmybwjlpf7wh20l-graalvm17-ce-22.3.0/lib/libzip.so
Event: 0.782 Loaded shared library /nix/store/gpxl5qgg8kicmcvivwmybwjlpf7wh20l-graalvm17-ce-22.3.0/lib/libjimage.so
Event: 2.909 Loaded shared library /nix/store/gpxl5qgg8kicmcvivwmybwjlpf7wh20l-graalvm17-ce-22.3.0/lib/libnet.so
Event: 5.976 Loaded shared library /home/runner/CohortPeople/.cache/jdt-language-server/config/org.eclipse.equinox.launcher/org.eclipse.equinox.launcher.gtk.linux.x86_64_1.2.400.v20211117-0650/eclipse_11600.so
Event: 40.802 Loaded shared library /nix/store/gpxl5qgg8kicmcvivwmybwjlpf7wh20l-graalvm17-ce-22.3.0/lib/libextnet.so

Deoptimization events (20 events):
Event: 73.507 Thread 0x00007f05a0611cf0 DEOPT PACKING pc=0x00007f05f3a74894 sp=0x00007f05b7bfe530
Event: 73.507 Thread 0x00007f05a0611cf0 DEOPT UNPACKING pc=0x00007f05f3505325 sp=0x00007f05b7bfda20 mode 0
Event: 73.614 Thread 0x00007f05a0611cf0 DEOPT PACKING pc=0x00007f05f3a74894 sp=0x00007f05b7bfe530
Event: 73.614 Thread 0x00007f05a0611cf0 DEOPT UNPACKING pc=0x00007f05f3505325 sp=0x00007f05b7bfda20 mode 0
Event: 73.670 Thread 0x00007f05a0611cf0 DEOPT PACKING pc=0x00007f05f3a74894 sp=0x00007f05b7bfe530
Event: 73.670 Thread 0x00007f05a0611cf0 DEOPT UNPACKING pc=0x00007f05f3505325 sp=0x00007f05b7bfda20 mode 0
Event: 73.672 Thread 0x00007f05a0611cf0 DEOPT PACKING pc=0x00007f05f3a74894 sp=0x00007f05b7bfe530
Event: 73.672 Thread 0x00007f05a0611cf0 DEOPT UNPACKING pc=0x00007f05f3505325 sp=0x00007f05b7bfda20 mode 0
Event: 73.708 Thread 0x00007f05a0611cf0 DEOPT PACKING pc=0x00007f05f3a74894 sp=0x00007f05b7bfe530
Event: 73.708 Thread 0x00007f05a0611cf0 DEOPT UNPACKING pc=0x00007f05f3505325 sp=0x00007f05b7bfda20 mode 0
Event: 73.967 Thread 0x00007f05a0611cf0 DEOPT PACKING pc=0x00007f05f3d8911b sp=0x00007f05b7bfe470
Event: 73.967 Thread 0x00007f05a0611cf0 DEOPT UNPACKING pc=0x00007f05f3505325 sp=0x00007f05b7bfd928 mode 0
Event: 73.998 Thread 0x00007f05a0611cf0 DEOPT PACKING pc=0x00007f05f3d8911b sp=0x00007f05b7bfe470
Event: 73.998 Thread 0x00007f05a0611cf0 DEOPT UNPACKING pc=0x00007f05f3505325 sp=0x00007f05b7bfd928 mode 0
Event: 222.109 Thread 0x00007f060c0b1a90 DEOPT PACKING pc=0x00007f05f44ae18c sp=0x00007f05f0b15ef0
Event: 222.109 Thread 0x00007f060c0b1a90 DEOPT UNPACKING pc=0x00007f05f3505325 sp=0x00007f05f0b15458 mode 0
Event: 466.106 Thread 0x00007f05a0611cf0 Uncommon trap: trap_request=0xffffff8f fr.pc=0x00007f05fb18c51c relative=0x00000000000011dc
Event: 466.106 Thread 0x00007f05a0611cf0 Uncommon trap: reason=constraint action=none pc=0x00007f05fb18c51c method=org.eclipse.jdt.internal.core.index.DiskIndex.copyQueryResults(Lorg/eclipse/jdt/internal/compiler/util/HashtableOfObject;I)V @ 123 jvmci
Event: 467.302 Thread 0x00007f05a0611cf0 DEOPT PACKING pc=0x00007f05fb18c51c sp=0x00007f05b7bfe530
Event: 467.302 Thread 0x00007f05a0611cf0 DEOPT UNPACKING pc=0x00007f05f3505325 sp=0x00007f05b7bfda28 mode 3

Classes unloaded (20 events):
Event: 178.176 Thread 0x00007f060c0a1490 Unloading class 0x000000080111ec00 'jdk/internal/reflect/GeneratedSerializationConstructorAccessor10'
Event: 178.176 Thread 0x00007f060c0a1490 Unloading class 0x000000080111e800 'jdk/internal/reflect/GeneratedSerializationConstructorAccessor9'
Event: 178.176 Thread 0x00007f060c0a1490 Unloading class 0x000000080111e400 'jdk/internal/reflect/GeneratedSerializationConstructorAccessor8'
Event: 178.176 Thread 0x00007f060c0a1490 Unloading class 0x000000080111e000 'jdk/internal/reflect/GeneratedConstructorAccessor37'
Event: 178.176 Thread 0x00007f060c0a1490 Unloading class 0x000000080110d000 'jdk/internal/reflect/GeneratedSerializationConstructorAccessor7'
Event: 178.176 Thread 0x00007f060c0a1490 Unloading class 0x000000080110cc00 'jdk/internal/reflect/GeneratedSerializationConstructorAccessor6'
Event: 178.176 Thread 0x00007f060c0a1490 Unloading class 0x000000080110c800 'jdk/internal/reflect/GeneratedSerializationConstructorAccessor5'
Event: 178.176 Thread 0x00007f060c0a1490 Unloading class 0x000000080110c400 'jdk/internal/reflect/GeneratedSerializationConstructorAccessor4'
Event: 178.176 Thread 0x00007f060c0a1490 Unloading class 0x000000080109cc00 'jdk/internal/reflect/GeneratedMethodAccessor10'
Event: 178.176 Thread 0x00007f060c0a1490 Unloading class 0x000000080109c800 'jdk/internal/reflect/GeneratedMethodAccessor9'
Event: 178.176 Thread 0x00007f060c0a1490 Unloading class 0x000000080109c400 'jdk/internal/reflect/GeneratedMethodAccessor8'
Event: 178.176 Thread 0x00007f060c0a1490 Unloading class 0x000000080109c000 'jdk/internal/reflect/GeneratedMethodAccessor7'
Event: 178.176 Thread 0x00007f060c0a1490 Unloading class 0x0000000801049400 'jdk/internal/reflect/GeneratedConstructorAccessor29'
Event: 178.176 Thread 0x00007f060c0a1490 Unloading class 0x0000000801048c00 'jdk/internal/reflect/GeneratedConstructorAccessor27'
Event: 178.176 Thread 0x00007f060c0a1490 Unloading class 0x0000000801048800 'jdk/internal/reflect/GeneratedConstructorAccessor26'
Event: 178.176 Thread 0x00007f060c0a1490 Unloading class 0x0000000801048400 'jdk/internal/reflect/GeneratedConstructorAccessor25'
Event: 178.176 Thread 0x00007f060c0a1490 Unloading class 0x0000000801020800 'jdk/internal/reflect/GeneratedSerializationConstructorAccessor3'
Event: 178.176 Thread 0x00007f060c0a1490 Unloading class 0x0000000801020000 'jdk/internal/reflect/GeneratedConstructorAccessor23'
Event: 178.176 Thread 0x00007f060c0a1490 Unloading class 0x0000000800fea400 'jdk/internal/reflect/GeneratedSerializationConstructorAccessor2'
Event: 178.176 Thread 0x00007f060c0a1490 Unloading class 0x0000000800fea000 'jdk/internal/reflect/GeneratedSerializationConstructorAccessor1'

Classes redefined (0 events):
No events

Internal exceptions (20 events):
Event: 60.200 Thread 0x00007f05900010d0 Exception <a 'java/lang/NoSuchMethodError'{0x00000000f617bc90}: 'int java.lang.invoke.DirectMethodHandle$Holder.invokeVirtual(java.lang.Object, java.lang.Object)'> (0x00000000f617bc90) 
thrown [src/hotspot/share/interpreter/linkResolver.cpp, line 758]
Event: 61.309 Thread 0x00007f05900010d0 Exception <a 'sun/nio/fs/UnixException'{0x00000000f58d8818}> (0x00000000f58d8818) 
thrown [src/hotspot/share/prims/jni.cpp, line 516]
Event: 61.671 Thread 0x00007f05900010d0 Exception <a 'sun/nio/fs/UnixException'{0x00000000f5a1e708}> (0x00000000f5a1e708) 
thrown [src/hotspot/share/prims/jni.cpp, line 516]
Event: 61.672 Thread 0x00007f05900010d0 Exception <a 'sun/nio/fs/UnixException'{0x00000000f68335e0}> (0x00000000f68335e0) 
thrown [src/hotspot/share/prims/jni.cpp, line 516]
Event: 61.672 Thread 0x00007f05900010d0 Exception <a 'sun/nio/fs/UnixException'{0x00000000f6833c80}> (0x00000000f6833c80) 
thrown [src/hotspot/share/prims/jni.cpp, line 516]
Event: 61.673 Thread 0x00007f05900010d0 Exception <a 'sun/nio/fs/UnixException'{0x00000000f689dbc8}> (0x00000000f689dbc8) 
thrown [src/hotspot/share/prims/jni.cpp, line 516]
Event: 61.673 Thread 0x00007f05900010d0 Exception <a 'sun/nio/fs/UnixException'{0x00000000f68a0618}> (0x00000000f68a0618) 
thrown [src/hotspot/share/prims/jni.cpp, line 516]
Event: 62.899 Thread 0x00007f05900010d0 Exception <a 'sun/nio/fs/UnixException'{0x00000000f5919228}> (0x00000000f5919228) 
thrown [src/hotspot/share/prims/jni.cpp, line 516]
Event: 63.001 Thread 0x00007f05900010d0 Exception <a 'java/io/FileNotFoundException'{0x00000000f59944c0}> (0x00000000f59944c0) 
thrown [src/hotspot/share/prims/jni.cpp, line 516]
Event: 63.181 Thread 0x00007f0580001130 Exception <a 'java/lang/NoSuchMethodError'{0x00000000f55cf8c0}: 'java.lang.Object java.lang.invoke.DirectMethodHandle$Holder.invokeStatic(java.lang.Object, java.lang.Object, java.lang.Object, long)'> (0x00000000f55cf8c0) 
thrown [src/hotspot/share/interpreter/linkResolver.cpp, line 758]
Event: 63.182 Thread 0x00007f0580001130 Exception <a 'java/lang/NoSuchMethodError'{0x00000000f6930cb0}: 'java.lang.Object java.lang.invoke.DirectMethodHandle$Holder.newInvokeSpecial(java.lang.Object, java.lang.Object, java.lang.Object, long)'> (0x00000000f6930cb0) 
thrown [src/hotspot/share/interpreter/linkResolver.cpp, line 758]
Event: 63.183 Thread 0x00007f0580001130 Exception <a 'java/lang/NoSuchMethodError'{0x00000000f6935578}: 'java.lang.Object java.lang.invoke.DirectMethodHandle$Holder.invokeSpecial(java.lang.Object, java.lang.Object, java.lang.Object, java.lang.Object, long)'> (0x00000000f6935578) 
thrown [src/hotspot/share/interpreter/linkResolver.cpp, line 758]
Event: 63.190 Thread 0x00007f0580001130 Exception <a 'java/lang/NoSuchMethodError'{0x00000000f69aef60}: 'java.lang.Object java.lang.invoke.Invokers$Holder.linkToTargetMethod(java.lang.Object, java.lang.Object, long, java.lang.Object)'> (0x00000000f69aef60) 
thrown [src/hotspot/share/interpreter/linkResolver.cpp, line 758]
Event: 63.217 Thread 0x00007f0580001130 Exception <a 'java/lang/NoSuchMethodError'{0x00000000f6c2bc88}: 'java.lang.Object java.lang.invoke.DirectMethodHandle$Holder.newInvokeSpecial(java.lang.Object, java.lang.Object, int, java.lang.Object, java.lang.Object)'> (0x00000000f6c2bc88) 
thrown [src/hotspot/share/interpreter/linkResolver.cpp, line 758]
Event: 63.217 Thread 0x00007f0580001130 Exception <a 'java/lang/NoSuchMethodError'{0x00000000f6c305c8}: 'java.lang.Object java.lang.invoke.DirectMethodHandle$Holder.invokeSpecial(java.lang.Object, java.lang.Object, java.lang.Object, int, java.lang.Object, java.lang.Object)'> (0x00000000f6c305c8) 
thrown [src/hotspot/share/interpreter/linkResolver.cpp, line 758]
Event: 466.106 Thread 0x00007f05a0611cf0 Exception <a 'java/lang/OutOfMemoryError'{0x00000000e00cecf8}> (0x00000000e00cecf8) 
thrown [src/hotspot/share/gc/shared/memAllocator.cpp, line 138]
Event: 466.106 Thread 0x00007f05a0611cf0 Implicit null exception at 0x00007f05fb18bf9f to 0x00007f05fb18c501
Event: 474.177 Thread 0x00007f0570399a90 Exception <a 'java/lang/OutOfMemoryError'{0x00000000e00ce1b8}> (0x00000000e00ce1b8) 
thrown [src/hotspot/share/gc/shared/memAllocator.cpp, line 136]
Event: 483.003 Thread 0x00007f05a0611cf0 Exception <a 'java/lang/OutOfMemoryError'{0x00000000e00ce4d8}> (0x00000000e00ce4d8) 
thrown [src/hotspot/share/gc/shared/memAllocator.cpp, line 136]
Event: 485.519 Thread 0x00007f060c0b1a90 Exception <a 'java/lang/OutOfMemoryError'{0x00000000e00ce4d8}> (0x00000000e00ce4d8) 
thrown [src/hotspot/share/gc/shared/memAllocator.cpp, line 136]

VM Operations (20 events):
Event: 470.724 Executing VM operation: ParallelGCFailedAllocation done
Event: 470.725 Executing VM operation: ParallelGCFailedAllocation
Event: 471.913 Executing VM operation: ParallelGCFailedAllocation done
Event: 471.914 Executing VM operation: ParallelGCFailedAllocation
Event: 474.177 Executing VM operation: ParallelGCFailedAllocation done
Event: 474.177 Executing VM operation: ParallelGCFailedAllocation
Event: 475.399 Executing VM operation: ParallelGCFailedAllocation done
Event: 475.399 Executing VM operation: ParallelGCFailedAllocation
Event: 476.527 Executing VM operation: ParallelGCFailedAllocation done
Event: 476.527 Executing VM operation: ParallelGCFailedAllocation
Event: 477.811 Executing VM operation: ParallelGCFailedAllocation done
Event: 477.812 Executing VM operation: ParallelGCFailedAllocation
Event: 479.014 Executing VM operation: ParallelGCFailedAllocation done
Event: 479.014 Executing VM operation: ParallelGCFailedAllocation
Event: 480.301 Executing VM operation: ParallelGCFailedAllocation done
Event: 480.301 Executing VM operation: ParallelGCFailedAllocation
Event: 483.003 Executing VM operation: ParallelGCFailedAllocation done
Event: 483.003 Executing VM operation: ParallelGCFailedAllocation
Event: 485.519 Executing VM operation: ParallelGCFailedAllocation done
Event: 485.519 Executing VM operation: ParallelGCFailedAllocation

Events (20 events):
Event: 391.017 loading class sun/nio/ch/ExtendedSocketOption
Event: 391.018 loading class sun/nio/ch/ExtendedSocketOption done
Event: 392.571 loading class sun/nio/ch/ExtendedSocketOption$1
Event: 397.999 loading class sun/nio/ch/ExtendedSocketOption$1 done
Event: 398.000 loading class sun/security/ssl/Alert
Event: 398.002 loading class sun/security/ssl/Alert done
Event: 427.701 loading class sun/security/ssl/Alert$AlertConsumer
Event: 429.917 loading class sun/security/ssl/Alert$AlertConsumer done
Event: 429.917 loading class sun/security/ssl/Alert$Level
Event: 429.917 loading class sun/security/ssl/Alert$Level done
Event: 441.503 Thread 0x00007f056000bba0 Thread added: 0x00007f056000bba0
Event: 441.503 Protecting memory [0x00007f05b7f00000,0x00007f05b7f04000] with protection modes 0
Event: 446.220 loading class javax/crypto/ShortBufferException
Event: 446.221 loading class javax/crypto/ShortBufferException done
Event: 452.403 loading class java/net/SocketException
Event: 461.699 loading class java/net/SocketException done
Event: 463.912 loading class java/io/InterruptedIOException
Event: 476.527 loading class java/io/InterruptedIOException done
Event: 476.527 loading class javax/net/ssl/SSLException
Event: 476.527 loading class javax/net/ssl/SSLException done


Dynamic libraries:
e0000000-f5100000 rw-p 00000000 00:00 0 
f5100000-f9000000 rw-p 00000000 00:00 0 
f9000000-100000000 ---p 00000000 00:00 0 
800000000-800449000 rw-p 00001000 08:30 707969865                        /nix/store/gpxl5qgg8kicmcvivwmybwjlpf7wh20l-graalvm17-ce-22.3.0/lib/server/classes.jsa
800449000-800bc8000 r--p 0044a000 08:30 707969865                        /nix/store/gpxl5qgg8kicmcvivwmybwjlpf7wh20l-graalvm17-ce-22.3.0/lib/server/classes.jsa
800bc8000-800c00000 ---p 00000000 00:00 0 
800c00000-800c10000 rw-p 00000000 00:00 0 
800c10000-800c30000 rw-p 00000000 00:00 0 
800c30000-800cb0000 rw-p 00000000 00:00 0 
800cb0000-800cf0000 rw-p 00000000 00:00 0 
800cf0000-800db0000 rw-p 00000000 00:00 0 
800db0000-800df0000 rw-p 00000000 00:00 0 
800df0000-801050000 rw-p 00000000 00:00 0 
801050000-801090000 rw-p 00000000 00:00 0 
801090000-8010b0000 rw-p 00000000 00:00 0 
8010b0000-8011e0000 rw-p 00000000 00:00 0 
8011e0000-840c00000 ---p 00000000 00:00 0 
55a8520f1000-55a8520f2000 r-xp 00000000 08:30 672029940                  /nix/store/gpxl5qgg8kicmcvivwmybwjlpf7wh20l-graalvm17-ce-22.3.0/bin/.java-wrapped
55a8520f3000-55a8520f4000 r--p 00001000 08:30 672029940                  /nix/store/gpxl5qgg8kicmcvivwmybwjlpf7wh20l-graalvm17-ce-22.3.0/bin/.java-wrapped
55a8520f4000-55a8520f5000 rw-p 00002000 08:30 672029940                  /nix/store/gpxl5qgg8kicmcvivwmybwjlpf7wh20l-graalvm17-ce-22.3.0/bin/.java-wrapped
55a8520f5000-55a8520f6000 rw-p 00004000 08:30 672029940                  /nix/store/gpxl5qgg8kicmcvivwmybwjlpf7wh20l-graalvm17-ce-22.3.0/bin/.java-wrapped
55a8520f6000-55a8520f7000 rw-p 00005000 08:30 672029940                  /nix/store/gpxl5qgg8kicmcvivwmybwjlpf7wh20l-graalvm17-ce-22.3.0/bin/.java-wrapped
55a85237a000-55a8523c2000 rw-p 00000000 00:00 0                          [heap]
7f0548000000-7f0548021000 rw-p 00000000 00:00 0 
7f0548021000-7f054c000000 ---p 00000000 00:00 0 
7f054c000000-7f054c075000 rw-p 00000000 00:00 0 
7f054c075000-7f0550000000 ---p 00000000 00:00 0 
7f0550000000-7f0550021000 rw-p 00000000 00:00 0 
7f0550021000-7f0554000000 ---p 00000000 00:00 0 
7f0554000000-7f0554021000 rw-p 00000000 00:00 0 
7f0554021000-7f0558000000 ---p 00000000 00:00 0 
7f0558000000-7f0558021000 rw-p 00000000 00:00 0 
7f0558021000-7f055c000000 ---p 00000000 00:00 0 
7f055c000000-7f055c021000 rw-p 00000000 00:00 0 
7f055c021000-7f0560000000 ---p 00000000 00:00 0 
7f0560000000-7f0560021000 rw-p 00000000 00:00 0 
7f0560021000-7f0564000000 ---p 00000000 00:00 0 
7f0565c00000-7f0565cd0000 rw-p 00000000 00:00 0 
7f0565cd0000-7f0566400000 ---p 00000000 00:00 0 
7f05664b3000-7f0570000000 r--s 00000000 08:30 707804677                  /nix/store/gpxl5qgg8kicmcvivwmybwjlpf7wh20l-graalvm17-ce-22.3.0/lib/modules
7f0570000000-7f057058f000 rw-p 00000000 00:00 0 
7f057058f000-7f0574000000 ---p 00000000 00:00 0 
7f0574000000-7f0574021000 rw-p 00000000 00:00 0 
7f0574021000-7f0578000000 ---p 00000000 00:00 0 
7f0578000000-7f05780f3000 rw-p 00000000 00:00 0 
7f05780f3000-7f057c000000 ---p 00000000 00:00 0 
7f057c000000-7f057c131000 rw-p 00000000 00:00 0 
7f057c131000-7f0580000000 ---p 00000000 00:00 0 
7f0580000000-7f0580091000 rw-p 00000000 00:00 0 
7f0580091000-7f0584000000 ---p 00000000 00:00 0 
7f0584200000-7f0584300000 ---p 00000000 00:00 0 
7f0584300000-7f05848af000 r--p 01122000 08:30 707802136                  /nix/store/gpxl5qgg8kicmcvivwmybwjlpf7wh20l-graalvm17-ce-22.3.0/lib/libjvmcicompiler.so
7f05848af000-7f0584a00000 r--p 00000000 00:00 0 
7f0584a00000-7f0584a3d000 rw-p 00000000 00:00 0 
7f0584a3d000-7f0584f5d000 rw-p 0185f000 08:30 707802136                  /nix/store/gpxl5qgg8kicmcvivwmybwjlpf7wh20l-graalvm17-ce-22.3.0/lib/libjvmcicompiler.so
7f0584f5d000-7f0585344000 r--p 01d7f000 08:30 707802136                  /nix/store/gpxl5qgg8kicmcvivwmybwjlpf7wh20l-graalvm17-ce-22.3.0/lib/libjvmcicompiler.so
7f0585400000-7f0585bf0000 rw-p 00000000 00:00 0 
7f0585bf0000-7f0585c00000 rw-p 00000000 00:00 0 
7f0586400000-7f05866f0000 rw-p 00000000 00:00 0 
7f05866f0000-7f05867f0000 rw-p 00000000 00:00 0 
7f05867f0000-7f0586870000 rw-p 00000000 00:00 0 
7f0586870000-7f05868f0000 rw-p 00000000 00:00 0 
7f05868f0000-7f0586af0000 rw-p 00000000 00:00 0 
7f0586af0000-7f0586bf0000 rw-p 00000000 00:00 0 
7f0586bf0000-7f05872f0000 rw-p 00000000 00:00 0 
7f05872f0000-7f05873f0000 rw-p 00000000 00:00 0 
7f05873f0000-7f05876f0000 rw-p 00000000 00:00 0 
7f05876f0000-7f05877f0000 rw-p 00000000 00:00 0 
7f05877f0000-7f0587bf0000 rw-p 00000000 00:00 0 
7f0587bf0000-7f0587c00000 rw-p 00000000 00:00 0 
7f0588000000-7f058805b000 rw-p 00000000 00:00 0 
7f058805b000-7f058c000000 ---p 00000000 00:00 0 
7f058c000000-7f058c021000 rw-p 00000000 00:00 0 
7f058c021000-7f0590000000 ---p 00000000 00:00 0 
7f0590000000-7f059008a000 rw-p 00000000 00:00 0 
7f059008a000-7f0594000000 ---p 00000000 00:00 0 
7f0594000000-7f059437c000 rw-p 00000000 00:00 0 
7f059437c000-7f0598000000 ---p 00000000 00:00 0 
7f0598000000-7f0598021000 rw-p 00000000 00:00 0 
7f0598021000-7f059c000000 ---p 00000000 00:00 0 
7f059c000000-7f059c021000 rw-p 00000000 00:00 0 
7f059c021000-7f05a0000000 ---p 00000000 00:00 0 
7f05a0000000-7f05a089c000 rw-p 00000000 00:00 0 
7f05a089c000-7f05a4000000 ---p 00000000 00:00 0 
7f05a4000000-7f05a4021000 rw-p 00000000 00:00 0 
7f05a4021000-7f05a8000000 ---p 00000000 00:00 0 
7f05a8000000-7f05a8021000 rw-p 00000000 00:00 0 
7f05a8021000-7f05ac000000 ---p 00000000 00:00 0 
7f05ac000000-7f05ac021000 rw-p 00000000 00:00 0 
7f05ac021000-7f05b0000000 ---p 00000000 00:00 0 
7f05b0000000-7f05b0021000 rw-p 00000000 00:00 0 
7f05b0021000-7f05b4000000 ---p 00000000 00:00 0 
7f05b4c00000-7f05b4cf0000 rw-p 00000000 00:00 0 
7f05b4cf0000-7f05b4df0000 rw-p 00000000 00:00 0 
7f05b4df0000-7f05b52f0000 rw-p 00000000 00:00 0 
7f05b52f0000-7f05b5400000 rw-p 00000000 00:00 0 
7f05b5400000-7f05b5410000 r-xp 00000000 00:2f9 310                       /home/runner/CohortPeople/.cache/jdt-language-server/config/org.eclipse.equinox.launcher/org.eclipse.equinox.launcher.gtk.linux.x86_64_1.2.400.v20211117-0650/eclipse_11600.so
7f05b5410000-7f05b560f000 ---p 00010000 00:2f9 310                       /home/runner/CohortPeople/.cache/jdt-language-server/config/org.eclipse.equinox.launcher/org.eclipse.equinox.launcher.gtk.linux.x86_64_1.2.400.v20211117-0650/eclipse_11600.so
7f05b560f000-7f05b5610000 r--p 0000f000 00:2f9 310                       /home/runner/CohortPeople/.cache/jdt-language-server/config/org.eclipse.equinox.launcher/org.eclipse.equinox.launcher.gtk.linux.x86_64_1.2.400.v20211117-0650/eclipse_11600.so
7f05b5610000-7f05b5611000 rw-p 00010000 00:2f9 310                       /home/runner/CohortPeople/.cache/jdt-language-server/config/org.eclipse.equinox.launcher/org.eclipse.equinox.launcher.gtk.linux.x86_64_1.2.400.v20211117-0650/eclipse_11600.so
7f05b6700000-7f05b6704000 ---p 00000000 00:00 0 
7f05b6704000-7f05b6800000 rw-p 00000000 00:00 0 
7f05b6900000-7f05b6904000 ---p 00000000 00:00 0 
7f05b6904000-7f05b6a00000 rw-p 00000000 00:00 0 
7f05b6b00000-7f05b6b04000 ---p 00000000 00:00 0 
7f05b6b04000-7f05b6c00000 rw-p 00000000 00:00 0 
7f05b6d00000-7f05b6d04000 ---p 00000000 00:00 0 
7f05b6d04000-7f05b6e00000 rw-p 00000000 00:00 0 
7f05b6f00000-7f05b6f04000 ---p 00000000 00:00 0 
7f05b6f04000-7f05b7000000 rw-p 00000000 00:00 0 
7f05b7100000-7f05b7104000 ---p 00000000 00:00 0 
7f05b7104000-7f05b7200000 rw-p 00000000 00:00 0 
7f05b7300000-7f05b7304000 ---p 00000000 00:00 0 
7f05b7304000-7f05b7400000 rw-p 00000000 00:00 0 
7f05b7500000-7f05b7504000 ---p 00000000 00:00 0 
7f05b7504000-7f05b7600000 rw-p 00000000 00:00 0 
7f05b7600000-7f05b7604000 ---p 00000000 00:00 0 
7f05b7604000-7f05b7700000 rw-p 00000000 00:00 0 
7f05b7700000-7f05b7704000 ---p 00000000 00:00 0 
7f05b7704000-7f05b7800000 rw-p 00000000 00:00 0 
7f05b7900000-7f05b7904000 ---p 00000000 00:00 0 
7f05b7904000-7f05b7a00000 rw-p 00000000 00:00 0 
7f05b7a00000-7f05b7a04000 ---p 00000000 00:00 0 
7f05b7a04000-7f05b7b00000 rw-p 00000000 00:00 0 
7f05b7b00000-7f05b7b04000 ---p 00000000 00:00 0 
7f05b7b04000-7f05b7c00000 rw-p 00000000 00:00 0 
7f05b7d00000-7f05b7d04000 ---p 00000000 00:00 0 
7f05b7d04000-7f05b7e00000 rw-p 00000000 00:00 0 
7f05b7f00000-7f05b7f04000 ---p 00000000 00:00 0 
7f05b7f04000-7f05b8000000 rw-p 00000000 00:00 0 
7f05b8100000-7f05b8104000 ---p 00000000 00:00 0 
7f05b8104000-7f05b8200000 rw-p 00000000 00:00 0 
7f05b8300000-7f05b8304000 ---p 00000000 00:00 0 
7f05b8304000-7f05b8400000 rw-p 00000000 00:00 0 
7f05b8500000-7f05b8504000 ---p 00000000 00:00 0 
7f05b8504000-7f05b8600000 rw-p 00000000 00:00 0 
7f05b8600000-7f05b8604000 ---p 00000000 00:00 0 
7f05b8604000-7f05b8700000 rw-p 00000000 00:00 0 
7f05b8700000-7f05b8704000 ---p 00000000 00:00 0 
7f05b8704000-7f05b8800000 rw-p 00000000 00:00 0 
7f05b8900000-7f05b8904000 ---p 00000000 00:00 0 
7f05b8904000-7f05b8a00000 rw-p 00000000 00:00 0 
7f05b9668000-7f05b9b00000 rw-p 00000000 00:00 0 
7f05b9c00000-7f05bbd6a000 r-xp 00000000 08:30 707802136                  /nix/store/gpxl5qgg8kicmcvivwmybwjlpf7wh20l-graalvm17-ce-22.3.0/lib/libjvmcicompiler.so
7f05bbd6a000-7f05bbf69000 ---p 0216a000 08:30 707802136                  /nix/store/gpxl5qgg8kicmcvivwmybwjlpf7wh20l-graalvm17-ce-22.3.0/lib/libjvmcicompiler.so
7f05bbf69000-7f05bbf6a000 r--p 02169000 08:30 707802136                  /nix/store/gpxl5qgg8kicmcvivwmybwjlpf7wh20l-graalvm17-ce-22.3.0/lib/libjvmcicompiler.so
7f05bbf6a000-7f05bbf6c000 rw-p 0216a000 08:30 707802136                  /nix/store/gpxl5qgg8kicmcvivwmybwjlpf7wh20l-graalvm17-ce-22.3.0/lib/libjvmcicompiler.so
7f05bbf6c000-7f05bbf6d000 rw-p 00000000 00:00 0 
7f05bbf6d000-7f05bbf72000 rw-p 023c3000 08:30 707802136                  /nix/store/gpxl5qgg8kicmcvivwmybwjlpf7wh20l-graalvm17-ce-22.3.0/lib/libjvmcicompiler.so
7f05bc000000-7f05bc021000 rw-p 00000000 00:00 0 
7f05bc021000-7f05c0000000 ---p 00000000 00:00 0 
7f05c0000000-7f05c0021000 rw-p 00000000 00:00 0 
7f05c0021000-7f05c4000000 ---p 00000000 00:00 0 
7f05c4000000-7f05c4021000 rw-p 00000000 00:00 0 
7f05c4021000-7f05c8000000 ---p 00000000 00:00 0 
7f05c8000000-7f05c8021000 rw-p 00000000 00:00 0 
7f05c8021000-7f05cc000000 ---p 00000000 00:00 0 
7f05cc000000-7f05cc0c2000 rw-p 00000000 00:00 0 
7f05cc0c2000-7f05d0000000 ---p 00000000 00:00 0 
7f05d0000000-7f05d0b91000 rw-p 00000000 00:00 0 
7f05d0b91000-7f05d4000000 ---p 00000000 00:00 0 
7f05d4000000-7f05d4021000 rw-p 00000000 00:00 0 
7f05d4021000-7f05d8000000 ---p 00000000 00:00 0 
7f05d8000000-7f05d8021000 rw-p 00000000 00:00 0 
7f05d8021000-7f05dc000000 ---p 00000000 00:00 0 
7f05dc000000-7f05dc021000 rw-p 00000000 00:00 0 
7f05dc021000-7f05e0000000 ---p 00000000 00:00 0 
7f05e0000000-7f05e0021000 rw-p 00000000 00:00 0 
7f05e0021000-7f05e4000000 ---p 00000000 00:00 0 
7f05e4000000-7f05e4021000 rw-p 00000000 00:00 0 
7f05e4021000-7f05e8000000 ---p 00000000 00:00 0 
7f05e8000000-7f05e8021000 rw-p 00000000 00:00 0 
7f05e8021000-7f05ec000000 ---p 00000000 00:00 0 
7f05ec000000-7f05ec05d000 rw-p 00000000 00:00 0 
7f05ec05d000-7f05f0000000 ---p 00000000 00:00 0 
7f05f00c3000-7f05f00c7000 ---p 00000000 00:00 0 
7f05f00c7000-7f05f01c3000 rw-p 00000000 00:00 0 
7f05f01c3000-7f05f01c7000 ---p 00000000 00:00 0 
7f05f01c7000-7f05f01e5000 rw-p 00000000 00:00 0 
7f05f01e5000-7f05f01fa000 r-xp 00000000 08:30 707804666                  /nix/store/gpxl5qgg8kicmcvivwmybwjlpf7wh20l-graalvm17-ce-22.3.0/lib/libnet.so
7f05f01fa000-7f05f01fb000 ---p 00015000 08:30 707804666                  /nix/store/gpxl5qgg8kicmcvivwmybwjlpf7wh20l-graalvm17-ce-22.3.0/lib/libnet.so
7f05f01fb000-7f05f01fc000 r--p 00015000 08:30 707804666                  /nix/store/gpxl5qgg8kicmcvivwmybwjlpf7wh20l-graalvm17-ce-22.3.0/lib/libnet.so
7f05f01fc000-7f05f01fd000 rw-p 00016000 08:30 707804666                  /nix/store/gpxl5qgg8kicmcvivwmybwjlpf7wh20l-graalvm17-ce-22.3.0/lib/libnet.so
7f05f01fd000-7f05f0200000 rw-p 0001b000 08:30 707804666                  /nix/store/gpxl5qgg8kicmcvivwmybwjlpf7wh20l-graalvm17-ce-22.3.0/lib/libnet.so
7f05f0311000-7f05f0313000 r-xp 00000000 08:30 707802113                  /nix/store/gpxl5qgg8kicmcvivwmybwjlpf7wh20l-graalvm17-ce-22.3.0/lib/libextnet.so
7f05f0313000-7f05f0314000 r--p 00001000 08:30 707802113                  /nix/store/gpxl5qgg8kicmcvivwmybwjlpf7wh20l-graalvm17-ce-22.3.0/lib/libextnet.so
7f05f0314000-7f05f0315000 rw-p 00002000 08:30 707802113                  /nix/store/gpxl5qgg8kicmcvivwmybwjlpf7wh20l-graalvm17-ce-22.3.0/lib/libextnet.so
7f05f0315000-7f05f0316000 rw-p 00004000 08:30 707802113                  /nix/store/gpxl5qgg8kicmcvivwmybwjlpf7wh20l-graalvm17-ce-22.3.0/lib/libextnet.so
7f05f0316000-7f05f0317000 ---p 00000000 00:00 0 
7f05f0317000-7f05f0418000 rw-p 00000000 00:00 0 
7f05f0418000-7f05f041c000 ---p 00000000 00:00 0 
7f05f041c000-7f05f0518000 rw-p 00000000 00:00 0 
7f05f0518000-7f05f051c000 ---p 00000000 00:00 0 
7f05f051c000-7f05f0618000 rw-p 00000000 00:00 0 
7f05f0618000-7f05f061c000 ---p 00000000 00:00 0 
7f05f061c000-7f05f0718000 rw-p 00000000 00:00 0 
7f05f0718000-7f05f071c000 ---p 00000000 00:00 0 
7f05f071c000-7f05f0918000 rw-p 00000000 00:00 0 
7f05f0918000-7f05f091c000 ---p 00000000 00:00 0 
7f05f091c000-7f05f0b18000 rw-p 00000000 00:00 0 
7f05f0b18000-7f05f0b1c000 ---p 00000000 00:00 0 
7f05f0b1c000-7f05f0c18000 rw-p 00000000 00:00 0 
7f05f0c18000-7f05f0c1c000 ---p 00000000 00:00 0 
7f05f0c1c000-7f05f0d18000 rw-p 00000000 00:00 0 
7f05f0d18000-7f05f0d1c000 ---p 00000000 00:00 0 
7f05f0d1c000-7f05f0e18000 rw-p 00000000 00:00 0 
7f05f0e18000-7f05f10fe000 r--p 00000000 fc:00 28444448                   /usr/lib/locale/locale-archive
7f05f10fe000-7f05f1102000 ---p 00000000 00:00 0 
7f05f1102000-7f05f11fe000 rw-p 00000000 00:00 0 
7f05f11fe000-7f05f1202000 ---p 00000000 00:00 0 
7f05f1202000-7f05f12fe000 rw-p 00000000 00:00 0 
7f05f12fe000-7f05f12ff000 ---p 00000000 00:00 0 
7f05f12ff000-7f05f17f0000 rw-p 00000000 00:00 0 
7f05f17f0000-7f05f1af0000 rw-p 00000000 00:00 0 
7f05f1af0000-7f05f1c00000 rw-p 00000000 00:00 0 
7f05f1c01000-7f05f1ccf000 r-xp 00000000 08:30 707802132                  /nix/store/gpxl5qgg8kicmcvivwmybwjlpf7wh20l-graalvm17-ce-22.3.0/lib/libjsvml.so
7f05f1ccf000-7f05f1cd0000 r--p 000cd000 08:30 707802132                  /nix/store/gpxl5qgg8kicmcvivwmybwjlpf7wh20l-graalvm17-ce-22.3.0/lib/libjsvml.so
7f05f1cd0000-7f05f1cd1000 rw-p 000ce000 08:30 707802132                  /nix/store/gpxl5qgg8kicmcvivwmybwjlpf7wh20l-graalvm17-ce-22.3.0/lib/libjsvml.so
7f05f1cd1000-7f05f34b3000 rw-p 00000000 00:00 0 
7f05f34b3000-7f05f3723000 rwxp 00000000 00:00 0 
7f05f3723000-7f05f3a42000 ---p 00000000 00:00 0 
7f05f3a42000-7f05f47a2000 rwxp 00000000 00:00 0 
7f05f47a2000-7f05faf7a000 ---p 00000000 00:00 0 
7f05faf7a000-7f05fb1ea000 rwxp 00000000 00:00 0 
7f05fb1ea000-7f06024b3000 ---p 00000000 00:00 0 
7f06024b3000-7f060c000000 r--s 00000000 08:30 707804677                  /nix/store/gpxl5qgg8kicmcvivwmybwjlpf7wh20l-graalvm17-ce-22.3.0/lib/modules
7f060c000000-7f060c3ff000 rw-p 00000000 00:00 0 
7f060c3ff000-7f0610000000 ---p 00000000 00:00 0 
7f0610003000-7f061000a000 r-xp 00000000 08:30 707804676                  /nix/store/gpxl5qgg8kicmcvivwmybwjlpf7wh20l-graalvm17-ce-22.3.0/lib/libzip.so
7f061000a000-7f061000b000 ---p 00007000 08:30 707804676                  /nix/store/gpxl5qgg8kicmcvivwmybwjlpf7wh20l-graalvm17-ce-22.3.0/lib/libzip.so
7f061000b000-7f061000c000 r--p 00007000 08:30 707804676                  /nix/store/gpxl5qgg8kicmcvivwmybwjlpf7wh20l-graalvm17-ce-22.3.0/lib/libzip.so
7f061000c000-7f061000d000 rw-p 00008000 08:30 707804676                  /nix/store/gpxl5qgg8kicmcvivwmybwjlpf7wh20l-graalvm17-ce-22.3.0/lib/libzip.so
7f061000d000-7f061000f000 rw-p 0000b000 08:30 707804676                  /nix/store/gpxl5qgg8kicmcvivwmybwjlpf7wh20l-graalvm17-ce-22.3.0/lib/libzip.so
7f061000f000-7f0610022000 r-xp 00000000 08:30 707804667                  /nix/store/gpxl5qgg8kicmcvivwmybwjlpf7wh20l-graalvm17-ce-22.3.0/lib/libnio.so
7f0610022000-7f0610023000 r--p 00012000 08:30 707804667                  /nix/store/gpxl5qgg8kicmcvivwmybwjlpf7wh20l-graalvm17-ce-22.3.0/lib/libnio.so
7f0610023000-7f0610024000 rw-p 00013000 08:30 707804667                  /nix/store/gpxl5qgg8kicmcvivwmybwjlpf7wh20l-graalvm17-ce-22.3.0/lib/libnio.so
7f0610024000-7f0610029000 rw-p 00019000 08:30 707804667                  /nix/store/gpxl5qgg8kicmcvivwmybwjlpf7wh20l-graalvm17-ce-22.3.0/lib/libnio.so
7f0610029000-7f061011f000 rw-p 00000000 00:00 0 
7f061011f000-7f0610120000 ---p 00000000 00:00 0 
7f0610120000-7f06102ca000 rw-p 00000000 00:00 0 
7f06102ca000-7f06102e9000 rw-p 00000000 00:00 0 
7f06102e9000-7f0610321000 ---p 00000000 00:00 0 
7f0610321000-7f0610327000 rw-p 00000000 00:00 0 
7f0610327000-7f061040d000 ---p 00000000 00:00 0 
7f061040d000-7f0610428000 rw-p 00000000 00:00 0 
7f0610428000-7f06104f8000 ---p 00000000 00:00 0 
7f06104f8000-7f06104fd000 rw-p 00000000 00:00 0 
7f06104fd000-7f0610504000 ---p 00000000 00:00 0 
7f0610504000-7f0610528000 r-xp 00000000 08:30 707802124                  /nix/store/gpxl5qgg8kicmcvivwmybwjlpf7wh20l-graalvm17-ce-22.3.0/lib/libjava.so
7f0610528000-7f0610529000 ---p 00024000 08:30 707802124                  /nix/store/gpxl5qgg8kicmcvivwmybwjlpf7wh20l-graalvm17-ce-22.3.0/lib/libjava.so
7f0610529000-7f061052a000 r--p 00024000 08:30 707802124                  /nix/store/gpxl5qgg8kicmcvivwmybwjlpf7wh20l-graalvm17-ce-22.3.0/lib/libjava.so
7f061052a000-7f061052b000 rw-p 00025000 08:30 707802124                  /nix/store/gpxl5qgg8kicmcvivwmybwjlpf7wh20l-graalvm17-ce-22.3.0/lib/libjava.so
7f061052b000-7f061052c000 rw-p 00000000 00:00 0 
7f061052c000-7f0610533000 rw-p 0002f000 08:30 707802124                  /nix/store/gpxl5qgg8kicmcvivwmybwjlpf7wh20l-graalvm17-ce-22.3.0/lib/libjava.so
7f0610533000-7f061053b000 rw-s 00000000 00:28d 397                       /tmp/hsperfdata_runner/32
7f061053b000-7f061053c000 ---p 00000000 00:00 0 
7f061053c000-7f061053d000 r--p 00000000 00:00 0 
7f061053d000-7f061053e000 rwxp 00000000 00:00 0 
7f061053e000-7f0610559000 r-xp 00000000 08:30 707802128                  /nix/store/gpxl5qgg8kicmcvivwmybwjlpf7wh20l-graalvm17-ce-22.3.0/lib/libjimage.so
7f0610559000-7f061055a000 ---p 0001b000 08:30 707802128                  /nix/store/gpxl5qgg8kicmcvivwmybwjlpf7wh20l-graalvm17-ce-22.3.0/lib/libjimage.so
7f061055a000-7f061055c000 r--p 0001b000 08:30 707802128                  /nix/store/gpxl5qgg8kicmcvivwmybwjlpf7wh20l-graalvm17-ce-22.3.0/lib/libjimage.so
7f061055c000-7f061055d000 rw-p 0001d000 08:30 707802128                  /nix/store/gpxl5qgg8kicmcvivwmybwjlpf7wh20l-graalvm17-ce-22.3.0/lib/libjimage.so
7f061055d000-7f061055e000 rw-p 00024000 08:30 707802128                  /nix/store/gpxl5qgg8kicmcvivwmybwjlpf7wh20l-graalvm17-ce-22.3.0/lib/libjimage.so
7f061055e000-7f0610562000 ---p 00000000 00:00 0 
7f0610562000-7f061065e000 rw-p 00000000 00:00 0 
7f061065e000-7f061066c000 r--p 00000000 08:30 600592023                  /nix/store/4nlgxhb09sdr51nc9hdm8az5b08vzkgx-glibc-2.35-163/lib/libm.so.6
7f061066c000-7f06106df000 r-xp 0000e000 08:30 600592023                  /nix/store/4nlgxhb09sdr51nc9hdm8az5b08vzkgx-glibc-2.35-163/lib/libm.so.6
7f06106df000-7f061073c000 r--p 00081000 08:30 600592023                  /nix/store/4nlgxhb09sdr51nc9hdm8az5b08vzkgx-glibc-2.35-163/lib/libm.so.6
7f061073c000-7f061073d000 r--p 000dd000 08:30 600592023                  /nix/store/4nlgxhb09sdr51nc9hdm8az5b08vzkgx-glibc-2.35-163/lib/libm.so.6
7f061073d000-7f061073e000 rw-p 000de000 08:30 600592023                  /nix/store/4nlgxhb09sdr51nc9hdm8az5b08vzkgx-glibc-2.35-163/lib/libm.so.6
7f061073e000-7f061073f000 r--p 00000000 08:30 600592042                  /nix/store/4nlgxhb09sdr51nc9hdm8az5b08vzkgx-glibc-2.35-163/lib/librt.so.1
7f061073f000-7f0610740000 r-xp 00001000 08:30 600592042                  /nix/store/4nlgxhb09sdr51nc9hdm8az5b08vzkgx-glibc-2.35-163/lib/librt.so.1
7f0610740000-7f0610741000 r--p 00002000 08:30 600592042                  /nix/store/4nlgxhb09sdr51nc9hdm8az5b08vzkgx-glibc-2.35-163/lib/librt.so.1
7f0610741000-7f0610742000 r--p 00002000 08:30 600592042                  /nix/store/4nlgxhb09sdr51nc9hdm8az5b08vzkgx-glibc-2.35-163/lib/librt.so.1
7f0610742000-7f0610743000 rw-p 00003000 08:30 600592042                  /nix/store/4nlgxhb09sdr51nc9hdm8az5b08vzkgx-glibc-2.35-163/lib/librt.so.1
7f0610743000-7f0611856000 r-xp 00000000 08:30 707972962                  /nix/store/gpxl5qgg8kicmcvivwmybwjlpf7wh20l-graalvm17-ce-22.3.0/lib/server/libjvm.so
7f0611856000-7f0611857000 ---p 01113000 08:30 707972962                  /nix/store/gpxl5qgg8kicmcvivwmybwjlpf7wh20l-graalvm17-ce-22.3.0/lib/server/libjvm.so
7f0611857000-7f061190c000 r--p 01113000 08:30 707972962                  /nix/store/gpxl5qgg8kicmcvivwmybwjlpf7wh20l-graalvm17-ce-22.3.0/lib/server/libjvm.so
7f061190c000-7f0611940000 rw-p 011c8000 08:30 707972962                  /nix/store/gpxl5qgg8kicmcvivwmybwjlpf7wh20l-graalvm17-ce-22.3.0/lib/server/libjvm.so
7f0611940000-7f061199c000 rw-p 00000000 00:00 0 
7f061199c000-7f06119c4000 r--p 00000000 08:30 600592014                  /nix/store/4nlgxhb09sdr51nc9hdm8az5b08vzkgx-glibc-2.35-163/lib/libc.so.6
7f06119c4000-7f0611b3a000 r-xp 00028000 08:30 600592014                  /nix/store/4nlgxhb09sdr51nc9hdm8az5b08vzkgx-glibc-2.35-163/lib/libc.so.6
7f0611b3a000-7f0611b92000 r--p 0019e000 08:30 600592014                  /nix/store/4nlgxhb09sdr51nc9hdm8az5b08vzkgx-glibc-2.35-163/lib/libc.so.6
7f0611b92000-7f0611b96000 r--p 001f6000 08:30 600592014                  /nix/store/4nlgxhb09sdr51nc9hdm8az5b08vzkgx-glibc-2.35-163/lib/libc.so.6
7f0611b96000-7f0611b98000 rw-p 001fa000 08:30 600592014                  /nix/store/4nlgxhb09sdr51nc9hdm8az5b08vzkgx-glibc-2.35-163/lib/libc.so.6
7f0611b98000-7f0611ba7000 rw-p 00000000 00:00 0 
7f0611ba7000-7f0611ba8000 r--p 00000000 08:30 600592019                  /nix/store/4nlgxhb09sdr51nc9hdm8az5b08vzkgx-glibc-2.35-163/lib/libdl.so.2
7f0611ba8000-7f0611ba9000 r-xp 00001000 08:30 600592019                  /nix/store/4nlgxhb09sdr51nc9hdm8az5b08vzkgx-glibc-2.35-163/lib/libdl.so.2
7f0611ba9000-7f0611baa000 r--p 00002000 08:30 600592019                  /nix/store/4nlgxhb09sdr51nc9hdm8az5b08vzkgx-glibc-2.35-163/lib/libdl.so.2
7f0611baa000-7f0611bab000 r--p 00002000 08:30 600592019                  /nix/store/4nlgxhb09sdr51nc9hdm8az5b08vzkgx-glibc-2.35-163/lib/libdl.so.2
7f0611bab000-7f0611bac000 rw-p 00003000 08:30 600592019                  /nix/store/4nlgxhb09sdr51nc9hdm8az5b08vzkgx-glibc-2.35-163/lib/libdl.so.2
7f0611bac000-7f0611bad000 r--p 00000000 08:30 600592038                  /nix/store/4nlgxhb09sdr51nc9hdm8az5b08vzkgx-glibc-2.35-163/lib/libpthread.so.0
7f0611bad000-7f0611bae000 r-xp 00001000 08:30 600592038                  /nix/store/4nlgxhb09sdr51nc9hdm8az5b08vzkgx-glibc-2.35-163/lib/libpthread.so.0
7f0611bae000-7f0611baf000 r--p 00002000 08:30 600592038                  /nix/store/4nlgxhb09sdr51nc9hdm8az5b08vzkgx-glibc-2.35-163/lib/libpthread.so.0
7f0611baf000-7f0611bb0000 r--p 00002000 08:30 600592038                  /nix/store/4nlgxhb09sdr51nc9hdm8az5b08vzkgx-glibc-2.35-163/lib/libpthread.so.0
7f0611bb0000-7f0611bb1000 rw-p 00003000 08:30 600592038                  /nix/store/4nlgxhb09sdr51nc9hdm8az5b08vzkgx-glibc-2.35-163/lib/libpthread.so.0
7f0611bb1000-7f0611bbf000 r-xp 00000000 08:30 707802129                  /nix/store/gpxl5qgg8kicmcvivwmybwjlpf7wh20l-graalvm17-ce-22.3.0/lib/libjli.so
7f0611bbf000-7f0611bc0000 ---p 0000e000 08:30 707802129                  /nix/store/gpxl5qgg8kicmcvivwmybwjlpf7wh20l-graalvm17-ce-22.3.0/lib/libjli.so
7f0611bc0000-7f0611bc1000 r--p 0000e000 08:30 707802129                  /nix/store/gpxl5qgg8kicmcvivwmybwjlpf7wh20l-graalvm17-ce-22.3.0/lib/libjli.so
7f0611bc1000-7f0611bc2000 rw-p 0000f000 08:30 707802129                  /nix/store/gpxl5qgg8kicmcvivwmybwjlpf7wh20l-graalvm17-ce-22.3.0/lib/libjli.so
7f0611bc2000-7f0611bc3000 rw-p 00012000 08:30 707802129                  /nix/store/gpxl5qgg8kicmcvivwmybwjlpf7wh20l-graalvm17-ce-22.3.0/lib/libjli.so
7f0611bc3000-7f0611bc6000 r--p 00000000 08:30 678822167                  /nix/store/026hln0aq1hyshaxsdvhg0kmcm6yf45r-zlib-1.2.13/lib/libz.so.1.2.13
7f0611bc6000-7f0611bd8000 r-xp 00003000 08:30 678822167                  /nix/store/026hln0aq1hyshaxsdvhg0kmcm6yf45r-zlib-1.2.13/lib/libz.so.1.2.13
7f0611bd8000-7f0611bdf000 r--p 00015000 08:30 678822167                  /nix/store/026hln0aq1hyshaxsdvhg0kmcm6yf45r-zlib-1.2.13/lib/libz.so.1.2.13
7f0611bdf000-7f0611be0000 r--p 0001b000 08:30 678822167                  /nix/store/026hln0aq1hyshaxsdvhg0kmcm6yf45r-zlib-1.2.13/lib/libz.so.1.2.13
7f0611be0000-7f0611be1000 rw-p 0001c000 08:30 678822167                  /nix/store/026hln0aq1hyshaxsdvhg0kmcm6yf45r-zlib-1.2.13/lib/libz.so.1.2.13
7f0611be1000-7f0611be3000 rw-p 00000000 00:00 0 
7f0611be3000-7f0611be5000 r--p 00000000 08:30 600592008                  /nix/store/4nlgxhb09sdr51nc9hdm8az5b08vzkgx-glibc-2.35-163/lib/ld-linux-x86-64.so.2
7f0611be5000-7f0611c0c000 r-xp 00002000 08:30 600592008                  /nix/store/4nlgxhb09sdr51nc9hdm8az5b08vzkgx-glibc-2.35-163/lib/ld-linux-x86-64.so.2
7f0611c0c000-7f0611c18000 r--p 00029000 08:30 600592008                  /nix/store/4nlgxhb09sdr51nc9hdm8az5b08vzkgx-glibc-2.35-163/lib/ld-linux-x86-64.so.2
7f0611c18000-7f0611c1a000 r--p 00034000 08:30 600592008                  /nix/store/4nlgxhb09sdr51nc9hdm8az5b08vzkgx-glibc-2.35-163/lib/ld-linux-x86-64.so.2
7f0611c1a000-7f0611c1c000 rw-p 00036000 08:30 600592008                  /nix/store/4nlgxhb09sdr51nc9hdm8az5b08vzkgx-glibc-2.35-163/lib/ld-linux-x86-64.so.2
7ffefee4d000-7ffefee72000 rw-p 00000000 00:00 0                          [stack]
7ffefef83000-7ffefef87000 r--p 00000000 00:00 0                          [vvar]
7ffefef87000-7ffefef89000 r-xp 00000000 00:00 0                          [vdso]
ffffffffff600000-ffffffffff601000 --xp 00000000 00:00 0                  [vsyscall]


VM Arguments:
jvm_args: -XX:ThreadPriorityPolicy=1 -XX:+UnlockExperimentalVMOptions -XX:+EnableJVMCIProduct -XX:JVMCIThreadsPerNativeLibraryRuntime=1 -XX:-UnlockExperimentalVMOptions -Declipse.application=org.eclipse.jdt.ls.core.id1 -Dosgi.bundles.defaultStartLevel=4 -Declipse.product=org.eclipse.jdt.ls.core.product -Dlog.level=ALL -Xverify:none -XX:+UseParallelGC -XX:GCTimeRatio=4 -XX:AdaptiveSizePolicyWeight=90 -Dsun.zip.disableMemoryMapping=true -Xmx512m -Xms100m 
java_command: /nix/store/q9712qvwdh22a4krw4jz2sjrz07mvjbl-jdt-language-server-1.9.0/share/java/plugins/org.eclipse.equinox.launcher_1.6.400.v20210924-0641.jar --add-modules=ALL-SYSTEM --add-opens java.base/java.util=ALL-UNNAMED --add-opens java.base/java.lang=ALL-UNNAMED -configuration /home/runner/CohortPeople/.cache/jdt-language-server/config -data /home/runner/.cache/jdt-language-server/data/home/runner/CohortPeople
java_class_path (initial): /nix/store/q9712qvwdh22a4krw4jz2sjrz07mvjbl-jdt-language-server-1.9.0/share/java/plugins/org.eclipse.equinox.launcher_1.6.400.v20210924-0641.jar
Launcher Type: SUN_STANDARD

[Global flags]
    uintx AdaptiveSizePolicyWeight                 = 90                                        {product} {command line}
     intx CICompilerCount                          = 2                                         {product} {ergonomic}
     bool EnableJVMCIProduct                       = true                                {JVMCI product} {jimage}
    uintx GCTimeRatio                              = 4                                         {product} {command line}
   size_t InitialHeapSize                          = 104857600                                 {product} {command line}
     uint JVMCIThreadsPerNativeLibraryRuntime      = 1                                   {JVMCI product} {jimage}
   size_t MaxHeapSize                              = 536870912                                 {product} {command line}
   size_t MaxNewSize                               = 178782208                                 {product} {ergonomic}
   size_t MinHeapDeltaBytes                        = 524288                                    {product} {ergonomic}
   size_t MinHeapSize                              = 104857600                                 {product} {command line}
   size_t NewSize                                  = 34603008                                  {product} {ergonomic}
    uintx NonNMethodCodeHeapSize                   = 5826188                                {pd product} {ergonomic}
    uintx NonProfiledCodeHeapSize                  = 122916026                              {pd product} {ergonomic}
   size_t OldSize                                  = 70254592                                  {product} {ergonomic}
    uintx ProfiledCodeHeapSize                     = 122916026                              {pd product} {ergonomic}
    uintx ReservedCodeCacheSize                    = 251658240                              {pd product} {ergonomic}
     bool SegmentedCodeCache                       = true                                      {product} {ergonomic}
   size_t SoftMaxHeapSize                          = 536870912                              {manageable} {ergonomic}
     intx ThreadPriorityPolicy                     = 1                                         {product} {jimage}
     bool UseCompressedClassPointers               = true                           {product lp64_product} {ergonomic}
     bool UseCompressedOops                        = true                           {product lp64_product} {ergonomic}
     bool UseParallelGC                            = true                                      {product} {command line}

Logging:
Log output configuration:
 #0: stdout all=warning uptime,level,tags
 #1: stderr all=off uptime,level,tags

Environment Variables:
JAVA_HOME=/nix/store/gpxl5qgg8kicmcvivwmybwjlpf7wh20l-graalvm17-ce-22.3.0
PATH=/nix/store/1d6ian3r8kdzspw8hacjhl3xkp40g1lj-binutils-wrapper-2.39/bin:/nix/store/dq0xwmsk1g0i2ayg6pb7y87na2knzylh-gcc-wrapper-11.3.0/bin:/nix/store/bap4d0lpcrhpwmpb8ayjcgkmvfj62lnq-bash-interactive-5.1-p16/bin:/nix/store/pr5n59mb4jzmfx6kanwxly0l07p861fg-patchelf-0.15.0/bin:/nix/store/1gf2flfqnpqbr1b4p4qz2f72y42bs56r-gcc-11.3.0/bin:/nix/store/57xv61c5zi8pphjbcwxxjlgc34p61ic9-glibc-2.35-163-bin/bin:/nix/store/a7gvj343m05j2s32xcnwr35v31ynlypr-coreutils-9.1/bin:/nix/store/039g378vc3pc3dvi9dzdlrd0i4q93qwf-binutils-2.39/bin:/nix/store/gpxl5qgg8kicmcvivwmybwjlpf7wh20l-graalvm17-ce-22.3.0/bin:/nix/store/6z9ag3ihc8mq2hzsw48lhbznvzny65nz-apache-maven-3.8.6/bin:/nix/store/q9712qvwdh22a4krw4jz2sjrz07mvjbl-jdt-language-server-1.9.0/bin:/nix/store/9zdrgm97n766nc0kj11x4xvvp00qlfk9-java-debug/bin:/nix/store/18y8p4mjwjy26npih04hfv48wz9czgk3-attr-2.5.1-bin/bin:/nix/store/q8s1kzhsblr2a1p2g0lh2dkcgca1im3z-libcap-2.66/bin:/nix/store/bvihhgw8bh6cqqlj0d4s8cvmm4mqmzfc-pulseaudio-16.1/bin:/nix/store/mydc6f4k2z73xlcz7ilif3v2lcaiqvza-findutils-4.9.0/bin:/nix/store/j9p3g8472iijd50vhdprx0nmk2fqn5gv-diffutils-3.8/bin:/nix/store/89zs7rms6x00xfq4dq6m7mjnhkr8a6r4-gnused-4.8/bin:/nix/store/86bp03jkmsl6f92w0yzg4s59g5mhxwmy-gnugrep-3.7/bin:/nix/store/hwcdqw4jrjnd37wxqgsd47hd0j8bnj09-gawk-5.1.1/bin:/nix/store/cfbhw8r8ags41vwqaz47r583d0p4h4a1-gnutar-1.34/bin:/nix/store/p3m1ndl1lapwrlh698bnb5lvvxh67378-gzip-1.12/bin:/nix/store/a8mhcagrsly7c7mpjrpsnaahk4aax056-bzip2-1.0.8-bin/bin:/nix/store/mblgz65m3zv9x548a3d5m96fj2pbwr09-gnumake-4.3/bin:/nix/store/dsd5gz46hdbdk2rfdimqddhq6m8m8fqs-bash-5.1-p16/bin:/nix/store/v7ljksji50mg3w61dykaa3n3y79n6nil-patch-2.7.6/bin:/nix/store/zlcnmqq14jz5x9439jf937mvayyl63da-xz-5.2.7-bin/bin:/nix/store/y6aj732zm9m87c82fpvf103a1xb22blp-file-5.43/bin:/nix/store/yq0vlv3d2f5si3ibawpq5ay2pc6knixp-nix-2.18.0pre20230808_c0e6466/bin:/nix/store/i4kzir3m7mrisxmf5xvlnkw01x4qaqr4-prybar-elisp-0.0.0-e0d9a52/bin:/nix/store/lwwivxf6h7x3cvxp9zv8sj0mv7dak99r-prybar-lua-0.0.0-e0d9a52/bin:/nix/st
LD_LIBRARY_PATH=/nix/store/a4pff549sk2idnkpzk5nsfps3mdkdnvm-cups-2.4.2-lib/lib:/nix/store/72mqxxhh3cy5yifh92wh2yb8cl2hikyy-cairo-1.16.0/lib:/nix/store/2k366jrbsra97gjfxwvrhvixjfxdach5-glib-2.74.1/lib:/nix/store/2j2znigd8ak37rlwh9khz0ry3clqlw1l-gtk+3-3.24.34/lib
DISPLAY=:0
LANG=en_US.UTF-8

Signal Handlers:
   SIGSEGV: crash_handler in libjvm.so, mask=11100100010111111101111111111110, flags=SA_RESTART|SA_SIGINFO
    SIGBUS: crash_handler in libjvm.so, mask=11100100010111111101111111111110, flags=SA_RESTART|SA_SIGINFO
    SIGFPE: crash_handler in libjvm.so, mask=11100100010111111101111111111110, flags=SA_RESTART|SA_SIGINFO
   SIGPIPE: IsolateEnterStub_IgnoreSIGPIPEStartupHook_noopSignalHandler_8f19bff2f35b5f630d83b364d6b2339320d4ec70_216e8361c6bc87a8f89f58cc10d3b2fd4415bf87 in libjvmcicompiler.so, mask=00000000000000000000000000000000, flags=SA_RESTART
  *** Handler was modified!
  *** Expected: javaSignalHandler in libjvm.so, mask=11100100110111111111111111111110, flags=SA_RESTART|SA_SIGINFO
   SIGXFSZ: javaSignalHandler in libjvm.so, mask=11100100010111111101111111111110, flags=SA_RESTART|SA_SIGINFO
    SIGILL: crash_handler in libjvm.so, mask=11100100010111111101111111111110, flags=SA_RESTART|SA_SIGINFO
   SIGUSR2: SR_handler in libjvm.so, mask=00000000000000000000000000000000, flags=SA_RESTART|SA_SIGINFO
    SIGHUP: UserHandler in libjvm.so, mask=11100100010111111101111111111110, flags=SA_RESTART|SA_SIGINFO
    SIGINT: UserHandler in libjvm.so, mask=11100100010111111101111111111110, flags=SA_RESTART|SA_SIGINFO
   SIGTERM: UserHandler in libjvm.so, mask=11100100010111111101111111111110, flags=SA_RESTART|SA_SIGINFO
   SIGQUIT: UserHandler in libjvm.so, mask=11100100010111111101111111111110, flags=SA_RESTART|SA_SIGINFO
  *** Handler was modified!
  *** Expected: javaSignalHandler in libjvm.so, mask=11100100110111111111111111111110, flags=SA_RESTART|SA_SIGINFO
   SIGTRAP: crash_handler in libjvm.so, mask=11100100010111111101111111111110, flags=SA_RESTART|SA_SIGINFO


---------------  S Y S T E M  ---------------

OS:
DISTRIB_ID=Ubuntu
DISTRIB_RELEASE=20.04
DISTRIB_CODENAME=focal
DISTRIB_DESCRIPTION="Ubuntu 20.04.2 LTS"
uname: Linux 6.5.0-1014-gcp #14~22.04.1-Ubuntu SMP Sat Feb 10 04:57:00 UTC 2024 x86_64
OS uptime: 0 days 2:12 hours
libc: glibc 2.35 NPTL 2.35 
rlimit (soft/hard): STACK 8192k/infinity , CORE infinity/infinity , NPROC infinity/infinity , NOFILE 5242/5242 , AS infinity/infinity , CPU infinity/infinity , DATA infinity/infinity , FSIZE infinity/infinity , MEMLOCK 8192k/8192k
load average: 5.26 10.40 11.07

/proc/meminfo:
MemTotal:       65835404 kB
MemFree:        40126028 kB
MemAvailable:   55139556 kB
Buffers:         2732276 kB
Cached:         11936844 kB
SwapCached:            0 kB
Active:         12134624 kB
Inactive:       11616476 kB
Active(anon):    8296060 kB
Inactive(anon):   795948 kB
Active(file):    3838564 kB
Inactive(file): 10820528 kB
Unevictable:       28736 kB
Mlocked:           28736 kB
SwapTotal:             0 kB
SwapFree:              0 kB
Zswap:                 0 kB
Zswapped:              0 kB
Dirty:              9400 kB
Writeback:             0 kB
AnonPages:       8918328 kB
Mapped:          1717732 kB
Shmem:             17456 kB
KReclaimable:    1080888 kB
Slab:            1452812 kB
SReclaimable:    1080888 kB
SUnreclaim:       371924 kB
KernelStack:       64192 kB
PageTables:       120892 kB
SecPageTables:         0 kB
NFS_Unstable:          0 kB
Bounce:                0 kB
WritebackTmp:          0 kB
CommitLimit:    32917700 kB
Committed_AS:   25978396 kB
VmallocTotal:   34359738367 kB
VmallocUsed:       84740 kB
VmallocChunk:          0 kB
Percpu:            30912 kB
HardwareCorrupted:     0 kB
AnonHugePages:    456704 kB
ShmemHugePages:        0 kB
ShmemPmdMapped:        0 kB
FileHugePages:         0 kB
FilePmdMapped:         0 kB
Unaccepted:            0 kB
HugePages_Total:       0
HugePages_Free:        0
HugePages_Rsvd:        0
HugePages_Surp:        0
Hugepagesize:       2048 kB
Hugetlb:               0 kB
DirectMap4k:      185144 kB
DirectMap2M:    20783104 kB
DirectMap1G:    48234496 kB

/sys/kernel/mm/transparent_hugepage/enabled: always [madvise] never
/sys/kernel/mm/transparent_hugepage/defrag (defrag/compaction efforts parameter): always defer defer+madvise [madvise] never

Process Memory:
Virtual Size: 4788864K (peak: 4818752K)
Resident Set Size: 744456K (peak: 782348K) (anon: 546692K, file: 197764K, shmem: 0K)
Swapped out: 0K
C-Heap outstanding allocations: 39887K, retained: 15024K
glibc malloc tunables: (default)

/proc/sys/kernel/threads-max (system-wide limit on the number of threads): 514277
/proc/sys/vm/max_map_count (maximum number of memory map areas a process may have): 65530
/proc/sys/kernel/pid_max (system-wide limit on number of process identifiers): 4194304

container (cgroup) information:
container_type: cgroupv2
cpu_cpuset_cpus: not supported
cpu_memory_nodes: not supported
active_processor_count: 1
cpu_quota: 50000
cpu_period: 100000
cpu_shares: no shares
memory_limit_in_bytes: 1048576 k
memory_and_swap_limit_in_bytes: unlimited
memory_soft_limit_in_bytes: 524288 k
memory_usage_in_bytes: 601784 k
memory_max_usage_in_bytes: not supported
maximum number of tasks: not supported
current number of tasks: not supported

KVM virtualization detected
Steal ticks since vm start: 628
Steal ticks percentage since vm start:  0.002

CPU: total 8 (initial active 1) (8 cores per cpu, 2 threads per core) family 23 model 49 stepping 0 microcode 0xffffffff, cx8, cmov, fxsr, ht, mmx, 3dnowpref, sse, sse2, sse3, ssse3, sse4a, sse4.1, sse4.2, popcnt, lzcnt, tsc, tscinvbit, avx, avx2, aes, clmul, bmi1, bmi2, adx, sha, fma, vzeroupper, clflush, clflushopt, hv
CPU Model and flags from /proc/cpuinfo:
model name	: AMD EPYC 7B12
flags		: fpu vme de pse tsc msr pae mce cx8 apic sep mtrr pge mca cmov pat pse36 clflush mmx fxsr sse sse2 ht syscall nx mmxext fxsr_opt pdpe1gb rdtscp lm constant_tsc rep_good nopl nonstop_tsc cpuid extd_apicid tsc_known_freq pni pclmulqdq ssse3 fma cx16 sse4_1 sse4_2 x2apic movbe popcnt aes xsave avx f16c rdrand hypervisor lahf_lm cmp_legacy cr8_legacy abm sse4a misalignsse 3dnowprefetch osvw topoext ssbd ibrs ibpb stibp vmmcall fsgsbase tsc_adjust bmi1 avx2 smep bmi2 rdseed adx smap clflushopt clwb sha_ni xsaveopt xsavec xgetbv1 clzero xsaveerptr arat npt nrip_save umip rdpid

Online cpus: 0-7
Offline cpus: 
BIOS frequency limitation: <Not Available>
Frequency switch latency (ns): <Not Available>
Available cpu frequencies: <Not Available>
Current governor: <Not Available>
Core performance/turbo boost: <Not Available>

Memory: 4k page, physical 1048576k(446776k free), swap 0k(0k free)
Page Sizes: 4k

vm_info: OpenJDK 64-Bit Server VM (17.0.5+8-jvmci-22.3-b08) for linux-amd64 JRE (17.0.5+8-jvmci-22.3-b08), built on Oct 19 2022 09:01:27 by "buildslave" with gcc 10.3.0

END.
