#
# A fatal error has been detected by the Java Runtime Environment:
#
#  Internal Error (jvmciRuntime.cpp:1609), pid=96, tid=167
#  fatal error: Fatal exception in JVMCI: Error calling jdk.vm.ci.services.Services.serializeSavedProperties
#
# JRE version: OpenJDK Runtime Environment GraalVM CE 22.3.0 (17.0.5+8) (build 17.0.5+8-jvmci-22.3-b08)
# Java VM: OpenJDK 64-Bit Server VM GraalVM CE 22.3.0 (17.0.5+8-jvmci-22.3-b08, mixed mode, sharing, tiered, jvmci, jvmci compiler, compressed oops, compressed class ptrs, parallel gc, linux-amd64)
# Problematic frame:
# V  [libjvm.so+0x972714]  JVMCIRuntime::fatal_exception(JVMCIEnv*, char const*)+0x74
#
# Core dump will be written. Default location: Core dumps may be processed with "/usr/share/apport/apport -p%p -s%s -c%c -d%d -P%P -u%u -g%g -- %E" (or dumping to /home/runner/CohortPeople/core.96)
#
# If you would like to submit a bug report, please visit:
#   https://github.com/oracle/graal/issues
#

---------------  S U M M A R Y ------------

Command Line: -XX:ThreadPriorityPolicy=1 -XX:+UnlockExperimentalVMOptions -XX:+EnableJVMCIProduct -XX:JVMCIThreadsPerNativeLibraryRuntime=1 -XX:-UnlockExperimentalVMOptions -Declipse.application=org.eclipse.jdt.ls.core.id1 -Dosgi.bundles.defaultStartLevel=4 -Declipse.product=org.eclipse.jdt.ls.core.product -Dlog.level=ALL -Xverify:none -XX:+UseParallelGC -XX:GCTimeRatio=4 -XX:AdaptiveSizePolicyWeight=90 -Dsun.zip.disableMemoryMapping=true -Xmx512m -Xms100m /nix/store/q9712qvwdh22a4krw4jz2sjrz07mvjbl-jdt-language-server-1.9.0/share/java/plugins/org.eclipse.equinox.launcher_1.6.400.v20210924-0641.jar --add-modules=ALL-SYSTEM --add-opens java.base/java.util=ALL-UNNAMED --add-opens java.base/java.lang=ALL-UNNAMED -configuration /home/runner/CohortPeople/.cache/jdt-language-server/config -data /home/runner/.cache/jdt-language-server/data/home/runner/CohortPeople

Host: Intel(R) Xeon(R) CPU @ 2.20GHz, 8 cores, 1G, Ubuntu 20.04.2 LTS
Time: Sun Feb 25 21:03:43 2024 UTC elapsed time: 1600.456527 seconds (0d 0h 26m 40s)

---------------  T H R E A D  ---------------

Current thread (0x00007f95300b19c0):  JavaThread "JVMCI-native CompilerThread0" daemon [_thread_in_vm, id=167, stack(0x00007f953461a000,0x00007f953481a000)]


Current CompileTask:
JVMCI-native:1600456 9125       4       java.util.concurrent.locks.AbstractQueuedSynchronizer$ConditionObject::signal (34 bytes)

Stack: [0x00007f953461a000,0x00007f953481a000],  sp=0x00007f9534818380,  free space=2040k
Native frames: (J=compiled Java code, j=interpreted, Vv=VM code, C=native code)
V  [libjvm.so+0x972714]  JVMCIRuntime::fatal_exception(JVMCIEnv*, char const*)+0x74
V  [libjvm.so+0x93e2fe]  JVMCIEnv::copy_saved_properties()+0x14e
V  [libjvm.so+0x9732a9]  JVMCIRuntime::initialize(JVMCIEnv*)+0xb19
V  [libjvm.so+0x9738a2]  JVMCIRuntime::get_HotSpotJVMCIRuntime(JVMCIEnv*)+0x12
V  [libjvm.so+0x9749f2]  JVMCIRuntime::compile_method(JVMCIEnv*, JVMCICompiler*, methodHandle const&, int)+0xd2
V  [libjvm.so+0x5b0d20]  CompileBroker::invoke_compiler_on_method(CompileTask*)+0x1470
V  [libjvm.so+0x5b12e8]  CompileBroker::compiler_thread_loop()+0x528
V  [libjvm.so+0xd82460]  JavaThread::thread_main_inner()+0xd0
V  [libjvm.so+0xd85a40]  Thread::call_run()+0xc0
V  [libjvm.so+0xbdb1e1]  thread_native_entry(Thread*)+0xe1

Register to memory mapping:

RAX=0x00007f9537754000 points into unknown readable memory: 0x0000000000000058 | 58 00 00 00 00 00 00 00
RBX=0x00007f953884f398: <offset 0x0000000000ef5398> in /nix/store/gpxl5qgg8kicmcvivwmybwjlpf7wh20l-graalvm17-ce-22.3.0/lib/server/libjvm.so at 0x00007f953795a000
RCX=0x00007f95388071e8: <offset 0x0000000000ead1e8> in /nix/store/gpxl5qgg8kicmcvivwmybwjlpf7wh20l-graalvm17-ce-22.3.0/lib/server/libjvm.so at 0x00007f953795a000
RDX=0x0000000000000649 is an unknown value
RSP=0x00007f9534818380 is pointing into the stack for thread: 0x00007f95300b19c0
RBP=0x00007f95348183a0 is pointing into the stack for thread: 0x00007f95300b19c0
RSI=0x00007f953884fc48: <offset 0x0000000000ef5c48> in /nix/store/gpxl5qgg8kicmcvivwmybwjlpf7wh20l-graalvm17-ce-22.3.0/lib/server/libjvm.so at 0x00007f953795a000
RDI=0x00000000e0000000 is an oop: java.lang.String 
{0x00000000e0000000} - klass: 'java/lang/String'
 - string: "org/eclipse/osgi/internal/signedcontent/SignedContentMessages.class"
R8 =0x00007f953884f398: <offset 0x0000000000ef5398> in /nix/store/gpxl5qgg8kicmcvivwmybwjlpf7wh20l-graalvm17-ce-22.3.0/lib/server/libjvm.so at 0x00007f953795a000
R9 =0x00007f9534818330 is pointing into the stack for thread: 0x00007f95300b19c0
R10=0x00007f9534819948 is pointing into the stack for thread: 0x00007f95300b19c0
R11=0x0000000000000293 is an unknown value
R12=0x0 is NULL
R13=0x00007f95300b19c0 is a thread
R14=0x00007f9530000b80 points into unknown readable memory: 0x00007f9538a80a38 | 38 0a a8 38 95 7f 00 00
R15=0x00007f9538b8ee40: <offset 0x0000000001234e40> in /nix/store/gpxl5qgg8kicmcvivwmybwjlpf7wh20l-graalvm17-ce-22.3.0/lib/server/libjvm.so at 0x00007f953795a000


Registers:
RAX=0x00007f9537754000, RBX=0x00007f953884f398, RCX=0x00007f95388071e8, RDX=0x0000000000000649
RSP=0x00007f9534818380, RBP=0x00007f95348183a0, RSI=0x00007f953884fc48, RDI=0x00000000e0000000
R8 =0x00007f953884f398, R9 =0x00007f9534818330, R10=0x00007f9534819948, R11=0x0000000000000293
R12=0x0000000000000000, R13=0x00007f95300b19c0, R14=0x00007f9530000b80, R15=0x00007f9538b8ee40
RIP=0x00007f95382cc714, EFLAGS=0x0000000000010206, CSGSFS=0x002b000000000033, ERR=0x0000000000000006
  TRAPNO=0x000000000000000e

Top of Stack: (sp=0x00007f9534818380)
0x00007f9534818380:   00007f9534818940 00007f95300b19c0
0x00007f9534818390:   00007f95360e58c8 0000000800c417a0
0x00007f95348183a0:   00007f9534818500 00007f95382982fe
0x00007f95348183b0:   00007f95348183e0 00007f9534818440 

Instructions: (pc=0x00007f95382cc714)
0x00007f95382cc614:   30 e8 f6 cf e8 ff 4c 89 e7 e8 2e 48 d1 ff 84 db
0x00007f95382cc624:   75 2a 4d 85 ed 74 04 4d 8b 6d 00 48 83 c4 08 44
0x00007f95382cc634:   89 f9 4c 89 f2 4c 89 ee 5b 4c 89 e7 41 5c 41 5d
0x00007f95382cc644:   41 5e 41 5f 5d e9 e2 47 d1 ff 66 90 48 83 c4 08
0x00007f95382cc654:   5b 41 5c 41 5d 41 5e 41 5f 5d c3 90 31 d2 be 08
0x00007f95382cc664:   00 00 00 4c 89 ff e8 b1 78 a3 ff 49 89 c5 e9 37
0x00007f95382cc674:   ff ff ff 66 0f 1f 84 00 00 00 00 00 48 8b 7a 08
0x00007f95382cc684:   e9 6d ff ff ff 0f 1f 80 00 00 00 00 e8 5b 48 0a
0x00007f95382cc694:   00 84 c0 75 89 e9 6a ff ff ff 66 90 55 48 89 e5
0x00007f95382cc6a4:   41 56 41 55 41 54 49 89 fc 53 48 89 f3 66 48 8d
0x00007f95382cc6b4:   3d 27 5e 85 00 66 66 48 e8 df 43 8d ff 4c 8b 28
0x00007f95382cc6c4:   8b 05 be 72 8a 00 85 c0 75 14 ba 01 00 00 00 48
0x00007f95382cc6d4:   8d 0d ae 72 8a 00 f0 0f b1 11 85 c0 74 4e be c8
0x00007f95382cc6e4:   00 00 00 4c 89 ef e8 01 0b 41 00 48 8d 05 12 ac
0x00007f95382cc6f4:   85 00 49 89 d8 48 8d 0d e8 aa 53 00 ba 49 06 00
0x00007f95382cc704:   00 48 8d 35 3c 35 58 00 bf 00 00 00 e0 48 8b 00
0x00007f95382cc714:   c6 00 58 31 c0 e8 e2 91 c6 ff 5b 41 5c 41 5d 41
0x00007f95382cc724:   5e 5d e9 55 34 26 00 0f 1f 44 00 00 48 8d 05 81
0x00007f95382cc734:   a3 8b 00 48 89 df 4c 8b 30 e8 9e 43 8d ff 48 89
0x00007f95382cc744:   de 48 89 c2 49 8b 06 4c 89 f7 ff 50 08 4c 89 f7
0x00007f95382cc754:   e8 a7 5c 27 00 4d 85 e4 74 12 be 01 00 00 00 4c
0x00007f95382cc764:   89 e7 e8 35 43 fc ff eb 82 0f 1f 00 be 01 00 00
0x00007f95382cc774:   00 4c 89 ef e8 d3 fd ff ff e9 6d ff ff ff 66 66
0x00007f95382cc784:   2e 0f 1f 84 00 00 00 00 00 0f 1f 00 55 48 89 e5
0x00007f95382cc794:   41 57 41 56 41 55 41 54 53 48 81 ec 08 02 00 00
0x00007f95382cc7a4:   64 48 8b 04 25 28 00 00 00 48 89 45 c8 8b 07 83
0x00007f95382cc7b4:   f8 02 0f 84 11 04 00 00 4c 8b 6f 18 49 89 ff 49
0x00007f95382cc7c4:   89 f4 4d 85 ed 74 14 4c 89 ef e8 5d 57 22 00 41
0x00007f95382cc7d4:   8b 07 83 f8 02 0f 84 19 04 00 00 48 8d 1d 9a 06
0x00007f95382cc7e4:   8a 00 4c 8d 35 0b 3c 58 00 eb 38 90 48 85 d2 7f
0x00007f95382cc7f4:   0d 48 8d 05 b4 c0 85 00 48 83 38 00 7e 0e 41 8b
0x00007f95382cc804:   77 2c 4c 89 f7 31 c0 e8 a0 b2 f7 ff 49 8b 7f 18 


Stack slot to memory mapping:
stack at sp + 0 slots: 0x00007f9534818940 is pointing into the stack for thread: 0x00007f95300b19c0
stack at sp + 1 slots: 0x00007f95300b19c0 is a thread
stack at sp + 2 slots: 0x00007f95360e58c8 points into unknown readable memory: 0x6573001880c9ffff | ff ff c9 80 18 00 73 65
stack at sp + 3 slots: 0x0000000800c417a0 is a pointer to class: 
jdk.vm.ci.services.Services {0x0000000800c417a0}
 - instance size:     2
 - klass size:        65
 - access:            public final synchronized 
 - state:             fully_initialized
 - name:              'jdk/vm/ci/services/Services'
 - super:             'java/lang/Object'
 - sub:               
 - arrays:            NULL
 - methods:           Array<T>(0x00007f9535042080)
 - method ordering:   Array<T>(0x0000000800928960)
 - default_methods:   Array<T>(0x0000000000000000)
 - local interfaces:  Array<T>(0x00000008005ce810)
 - trans. interfaces: Array<T>(0x00000008005ce810)
 - constants:         constant pool [427] {0x00007f9535041160} for 'jdk/vm/ci/services/Services' cache=0x00007f9535043350
 - class loader data:  loader data: 0x00007f9530027b90 of 'bootstrap'
 - source file:       'Services.java'
 - class annotations:       Array<T>(0x0000000000000000)
 - class type annotations:  Array<T>(0x0000000000000000)
 - field annotations:       Array<T>(0x0000000000000000)
 - field type annotations:  Array<T>(0x0000000000000000)
 - inner classes:     Array<T>(0x00007f9535043320)
 - nest members:     Array<T>(0x00007f9535043340)
 - permitted subclasses:     Array<T>(0x00000008005ce7a0)
 - java mirror:       a 'java/lang/Class'{0x00000000e021f2d8} = 'jdk/vm/ci/services/Services'
 - vtable length      5  (start addr: 0x0000000800c41970)
 - itable length      2 (start addr: 0x0000000800c41998)
 - ---- static fields (3 words):
 - public static final 'IS_BUILDING_NATIVE_IMAGE' 'Z' @128 
 - public static final 'IS_IN_NATIVE_IMAGE' 'Z' @129 
 - private static volatile 'savedProperties' 'Ljava/util/Map;' @112 
 - static final 'JVMCI_ENABLED' 'Z' @130 
 - private static final 'servicesCache' 'Ljava/util/Map;' @116 
 - private static final 'MAX_UNICODE_IN_UTF8_LENGTH' 'I' @120 
 - private static final 'MAX_UTF8_PROPERTY_STRING_LENGTH' 'I' @124 
 - ---- non-static fields (0 words):
 - non-static oop maps: 
stack at sp + 4 slots: 0x00007f9534818500 is pointing into the stack for thread: 0x00007f95300b19c0
stack at sp + 5 slots: 0x00007f95382982fe: <offset 0x000000000093e2fe> in /nix/store/gpxl5qgg8kicmcvivwmybwjlpf7wh20l-graalvm17-ce-22.3.0/lib/server/libjvm.so at 0x00007f953795a000
stack at sp + 6 slots: 0x00007f95348183e0 is pointing into the stack for thread: 0x00007f95300b19c0
stack at sp + 7 slots: 0x00007f9534818440 is pointing into the stack for thread: 0x00007f95300b19c0


---------------  P R O C E S S  ---------------

Threads class SMR info:
_java_thread_list=0x00007f94940394b0, length=31, elements={
0x00007f9530025e30, 0x00007f95300a5c80, 0x00007f95300a70c0, 0x00007f95300ad830,
0x00007f95300aebe0, 0x00007f95300affd0, 0x00007f95300b19c0, 0x00007f95300b2ed0,
0x00007f95300b4320, 0x00007f95300ef7a0, 0x00007f9530138180, 0x00007f95300b77c0,
0x00007f953032b390, 0x00007f94d4006440, 0x00007f953037aae0, 0x00007f94cc02e710,
0x00007f94cc404f50, 0x00007f94cc4648b0, 0x00007f94cc614e10, 0x00007f94cc567aa0,
0x00007f953038a350, 0x00007f94a40d8dc0, 0x00007f94a0304cf0, 0x00007f949c0a57d0,
0x00007f949c0a6100, 0x00007f949c10de10, 0x00007f949c03f990, 0x00007f949c10e670,
0x00007f94b80010d0, 0x00007f949c111a40, 0x00007f949c042c40
}

Java Threads: ( => current thread )
  0x00007f9530025e30 JavaThread "main" [_thread_blocked, id=157, stack(0x00007f9537775000,0x00007f9537875000)]
  0x00007f95300a5c80 JavaThread "Reference Handler" daemon [_thread_blocked, id=162, stack(0x00007f9534f00000,0x00007f9535000000)]
  0x00007f95300a70c0 JavaThread "Finalizer" daemon [_thread_blocked, id=163, stack(0x00007f9534e00000,0x00007f9534f00000)]
  0x00007f95300ad830 JavaThread "Signal Dispatcher" daemon [_thread_blocked, id=164, stack(0x00007f9534a1a000,0x00007f9534b1a000)]
  0x00007f95300aebe0 JavaThread "Service Thread" daemon [_thread_blocked, id=165, stack(0x00007f953491a000,0x00007f9534a1a000)]
  0x00007f95300affd0 JavaThread "Monitor Deflation Thread" daemon [_thread_blocked, id=166, stack(0x00007f953481a000,0x00007f953491a000)]
=>0x00007f95300b19c0 JavaThread "JVMCI-native CompilerThread0" daemon [_thread_in_vm, id=167, stack(0x00007f953461a000,0x00007f953481a000)]
  0x00007f95300b2ed0 JavaThread "C1 CompilerThread0" daemon [_thread_blocked, id=168, stack(0x00007f953441a000,0x00007f953461a000)]
  0x00007f95300b4320 JavaThread "Sweeper thread" daemon [_thread_blocked, id=169, stack(0x00007f953431a000,0x00007f953441a000)]
  0x00007f95300ef7a0 JavaThread "Common-Cleaner" daemon [_thread_blocked, id=173, stack(0x00007f953421a000,0x00007f953431a000)]
  0x00007f9530138180 JavaThread "Notification Thread" daemon [_thread_blocked, id=180, stack(0x00007f953411a000,0x00007f953421a000)]
  0x00007f95300b77c0 JavaThread "Active Thread: Equinox Container: 5977a8a5-74f4-4f6f-a9be-b7ce08353c6b" [_thread_blocked, id=223, stack(0x00007f95173b3000,0x00007f95174b3000)]
  0x00007f953032b390 JavaThread "Refresh Thread: Equinox Container: 5977a8a5-74f4-4f6f-a9be-b7ce08353c6b" daemon [_thread_blocked, id=224, stack(0x00007f9514f00000,0x00007f9515000000)]
  0x00007f94d4006440 JavaThread "Framework Event Dispatcher: Equinox Container: 5977a8a5-74f4-4f6f-a9be-b7ce08353c6b" daemon [_thread_blocked, id=231, stack(0x00007f9514d00000,0x00007f9514e00000)]
  0x00007f953037aae0 JavaThread "Start Level: Equinox Container: 5977a8a5-74f4-4f6f-a9be-b7ce08353c6b" daemon [_thread_blocked, id=232, stack(0x00007f9514b00000,0x00007f9514c00000)]
  0x00007f94cc02e710 JavaThread "SCR Component Actor" daemon [_thread_blocked, id=233, stack(0x00007f9514900000,0x00007f9514a00000)]
  0x00007f94cc404f50 JavaThread "Worker-JM" [_thread_blocked, id=269, stack(0x00007f9514500000,0x00007f9514600000)]
  0x00007f94cc4648b0 JavaThread "Worker-0: Periodic workspace save." [_thread_blocked, id=276, stack(0x00007f9514300000,0x00007f9514400000)]
  0x00007f94cc614e10 JavaThread "Java indexing" daemon [_thread_blocked, id=278, stack(0x00007f94ded00000,0x00007f94dee00000)]
  0x00007f94cc567aa0 JavaThread "Bundle File Closer" daemon [_thread_blocked, id=285, stack(0x00007f9514700000,0x00007f9514800000)]
  0x00007f953038a350 JavaThread "pool-3-thread-1" [_thread_blocked, id=299, stack(0x00007f94de900000,0x00007f94dea00000)]
  0x00007f94a40d8dc0 JavaThread "Worker-5: Compacting resource model" [_thread_blocked, id=365, stack(0x00007f94ddf00000,0x00007f94de000000)]
  0x00007f94a0304cf0 JavaThread "Okio Watchdog" daemon [_thread_blocked, id=408, stack(0x00007f94ddb00000,0x00007f94ddc00000)]
  0x00007f949c0a57d0 JavaThread "Thread-7" [_thread_blocked, id=885, stack(0x00007f94de500000,0x00007f94de600000)]
  0x00007f949c0a6100 JavaThread "Thread-8" [_thread_blocked, id=886, stack(0x00007f9514e00000,0x00007f9514f00000)]
  0x00007f949c10de10 JavaThread "Thread-11" [_thread_blocked, id=1003, stack(0x00007f9514100000,0x00007f9514200000)]
  0x00007f949c03f990 JavaThread "Thread-13" [_thread_blocked, id=1059, stack(0x00007f9514a00000,0x00007f9514b00000)]
  0x00007f949c10e670 JavaThread "Thread-14" [_thread_blocked, id=1129, stack(0x00007f94dd700000,0x00007f94dd800000)]
  0x00007f94b80010d0 JavaThread "Worker-6" [_thread_blocked, id=1467, stack(0x00007f9514600000,0x00007f9514700000)]
  0x00007f949c111a40 JavaThread "Thread-20" [_thread_blocked, id=1587, stack(0x00007f94deb00000,0x00007f94dec00000)]
  0x00007f949c042c40 JavaThread "Thread-21" [_thread_blocked, id=1672, stack(0x00007f9514c00000,0x00007f9514d00000)]

Other Threads:
  0x00007f95300a13c0 VMThread "VM Thread" [stack: 0x00007f953588e000,0x00007f953598e000] [id=160] _threads_hazard_ptr=0x00007f94940394b0
  0x00007f9530139b20 WatcherThread [stack: 0x00007f953401a000,0x00007f953411a000] [id=181]
  0x00007f953003d730 GCTaskThread "GC Thread#0" [stack: 0x00007f9537338000,0x00007f9537438000] [id=158]

Threads with active compile tasks:
JVMCI-native CompilerThread0  1600549 9125       4       java.util.concurrent.locks.AbstractQueuedSynchronizer$ConditionObject::signal (34 bytes)

VM state: synchronizing (normal execution)

VM Mutex/Monitor currently owned by a thread:  ([mutex/lock_event])
[0x00007f9530022f80] Threads_lock - owner thread: 0x00007f95300a13c0
[0x00007f9530023730] Heap_lock - owner thread: 0x00007f949c0a6100

OutOfMemory and StackOverflow Exception counts:
OutOfMemoryError java_heap_errors=12
LinkageErrors=72

Heap address: 0x00000000e0000000, size: 512 MB, Compressed Oops mode: 32-bit

CDS archive(s) mapped at: [0x0000000800000000-0x0000000800bc8000-0x0000000800bc8000), size 12353536, SharedBaseAddress: 0x0000000800000000, ArchiveRelocationMode: 0.
Compressed class space mapped at: 0x0000000800c00000-0x0000000840c00000, reserved size: 1073741824
Narrow klass base: 0x0000000800000000, Narrow klass shift: 0, Narrow klass range: 0x100000000

GC Precious Log:
 CPUs: 8 total, 1 available
 Memory: 1024M
 Large Page Support: Disabled
 NUMA Support: Disabled
 Compressed Oops: Enabled (32-bit)
 Alignments: Space 512K, Generation 512K, Heap 2M
 Heap Min Capacity: 100M
 Heap Initial Capacity: 100M
 Heap Max Capacity: 512M
 Pre-touch: Disabled
 Parallel Workers: 1

Heap:
 PSYoungGen      total 71680K, used 29695K [0x00000000f5580000, 0x00000000fc580000, 0x0000000100000000)
  eden space 29696K, 99% used [0x00000000f5580000,0x00000000f727fff8,0x00000000f7280000)
  from space 41984K, 0% used [0x00000000f7280000,0x00000000f7280000,0x00000000f9b80000)
  to   space 19456K, 0% used [0x00000000f9b80000,0x00000000f9b80000,0x00000000fae80000)
 ParOldGen       total 349696K, used 349696K [0x00000000e0000000, 0x00000000f5580000, 0x00000000f5580000)
  object space 349696K, 100% used [0x00000000e0000000,0x00000000f5580000,0x00000000f5580000)
 Metaspace       used 58969K, committed 59904K, reserved 1105920K
  class space    used 5890K, committed 6272K, reserved 1048576K

Card table byte_map: [0x00007f9537438000,0x00007f9537539000] _byte_map_base: 0x00007f9536d38000

Marking Bits: (ParMarkBitMap*) 0x00007f9538b884c0
 Begin Bits: [0x00007f953628b000, 0x00007f9536a8b000)
 End Bits:   [0x00007f9536a8b000, 0x00007f953728b000)

Polling page: 0x00007f9537752000

Metaspace:

Usage:
  Non-class:     51.84 MB used.
      Class:      5.75 MB used.
       Both:     57.59 MB used.

Virtual space:
  Non-class space:       56.00 MB reserved,      52.38 MB ( 94%) committed,  7 nodes.
      Class space:        1.00 GB reserved,       6.12 MB ( <1%) committed,  1 nodes.
             Both:        1.05 GB reserved,      58.50 MB (  5%) committed. 

Chunk freelists:
   Non-Class:  3.19 MB
       Class:  1.72 MB
        Both:  4.92 MB

MaxMetaspaceSize: unlimited
CompressedClassSpaceSize: 1.00 GB
Initial GC threshold: 21.00 MB
Current GC threshold: 97.31 MB
CDS: on
MetaspaceReclaimPolicy: balanced
 - commit_granule_bytes: 65536.
 - commit_granule_words: 8192.
 - virtual_space_node_default_size: 1048576.
 - enlarge_chunks_in_place: 1.
 - new_chunks_are_fully_committed: 0.
 - uncommit_free_chunks: 1.
 - use_allocation_guard: 0.
 - handle_deallocations: 1.


Internal statistics:

num_allocs_failed_limit: 8.
num_arena_births: 522.
num_arena_deaths: 164.
num_vsnodes_births: 8.
num_vsnodes_deaths: 0.
num_space_committed: 935.
num_space_uncommitted: 0.
num_chunks_returned_to_freelist: 231.
num_chunks_taken_from_freelist: 2926.
num_chunk_merges: 94.
num_chunk_splits: 1835.
num_chunks_enlarged: 1110.
num_purges: 26.
num_inconsistent_stats: 0.

CodeHeap 'non-profiled nmethods': size=120036Kb used=2511Kb max_used=2511Kb free=117524Kb
 bounds [0x00007f951ef7a000, 0x00007f951f1fa000, 0x00007f95264b3000]
CodeHeap 'profiled nmethods': size=120032Kb used=14600Kb max_used=15948Kb free=105431Kb
 bounds [0x00007f9517a42000, 0x00007f95189e2000, 0x00007f951ef7a000]
CodeHeap 'non-nmethods': size=5692Kb used=1394Kb max_used=1407Kb free=4297Kb
 bounds [0x00007f95174b3000, 0x00007f9517723000, 0x00007f9517a42000]
 total_blobs=7609 nmethods=6878 adapters=626
 compilation: enabled
              stopped_count=0, restarted_count=0
 full_count=0

JVMCI Events (20 events):
Event: 1096.209 Thread 0x00007f95300b19c0 compacted oop handles in JVMCI runtime 0 from 57 to 57
Event: 1096.209 Thread 0x00007f95300b19c0 releasing handles for JVMCI runtime 0: oop handles=57, metadata handles={total=96, live=88, blocks=31}
Event: 1096.209 Thread 0x00007f95300b19c0 detached from JVMCI runtime 0
Event: 1128.104 Thread 0x00007f95300b19c0 attached to JVMCI runtime 0
Event: 1128.106 Thread 0x00007f95300b19c0 created JavaVM[5]@0x00007f9488e9e340 for JVMCI runtime 0
Event: 1129.980 Thread 0x00007f95300b19c0 initializing JVMCI runtime 0
Event: 1129.980 Thread 0x00007f95300b19c0 done waiting for JavaVM references initialization in JVMCI runtime 0
Event: 1167.548 Thread 0x00007f95300b19c0 initialized JVMCI runtime 0
Event: 1209.328 Thread 0x00007f95300b19c0 compacted oop handles in JVMCI runtime 0 from 53 to 52
Event: 1211.359 Thread 0x00007f95300b19c0 detaching from JVMCI runtime 0: releasing idle compiler thread (0 other threads still attached)
Event: 1211.359 Thread 0x00007f95300b19c0 shutting down HotSpotJVMCIRuntime for JVMCI runtime 0
Event: 1211.359 Thread 0x00007f95300b19c0 shut down JVMCI runtime 0
Event: 1211.360 Thread 0x00007f95300b19c0 destroyed JavaVM[5]@0x00007f9488e9e340 for JVMCI runtime 0
Event: 1211.360 Thread 0x00007f95300b19c0 compacted oop handles in JVMCI runtime 0 from 52 to 52
Event: 1211.360 Thread 0x00007f95300b19c0 releasing handles for JVMCI runtime 0: oop handles=52, metadata handles={total=96, live=92, blocks=31}
Event: 1211.360 Thread 0x00007f95300b19c0 detached from JVMCI runtime 0
Event: 1510.173 Thread 0x00007f95300b19c0 attached to JVMCI runtime 0
Event: 1510.175 Thread 0x00007f95300b19c0 created JavaVM[6]@0x00007f9488e9e340 for JVMCI runtime 0
Event: 1510.175 Thread 0x00007f95300b19c0 initializing JVMCI runtime 0
Event: 1510.175 Thread 0x00007f95300b19c0 done waiting for JavaVM references initialization in JVMCI runtime 0

Compilation events (20 events):
Event: 1209.328 Thread 0x00007f95300b19c0 nmethod 9113 0x00007f951f1ed210 code [0x00007f951f1ed3e0, 0x00007f951f1ed860]
Event: 1243.564 Thread 0x00007f95300b2ed0 9116       3       java.util.concurrent.ThreadPoolExecutor::workerCountOf (5 bytes)
Event: 1243.564 Thread 0x00007f95300b2ed0 nmethod 9116 0x00007f95181ac810 code [0x00007f95181ac9a0, 0x00007f95181aca90]
Event: 1277.452 Thread 0x00007f95300b2ed0 9117       3       java.util.concurrent.locks.AbstractQueuedSynchronizer::acquire (20 bytes)
Event: 1277.453 Thread 0x00007f95300b2ed0 nmethod 9117 0x00007f95181e7010 code [0x00007f95181e71c0, 0x00007f95181e7590]
Event: 1277.453 Thread 0x00007f95300b2ed0 9118       3       org.eclipse.jdt.internal.compiler.parser.diagnose.LexStream::getToken (14 bytes)
Event: 1277.453 Thread 0x00007f95300b2ed0 nmethod 9118 0x00007f9518213d10 code [0x00007f9518213ec0, 0x00007f9518214090]
Event: 1373.848 Thread 0x00007f95300b2ed0 9119       3       java.util.concurrent.ScheduledThreadPoolExecutor$DelayedWorkQueue::setIndex (16 bytes)
Event: 1373.849 Thread 0x00007f95300b2ed0 nmethod 9119 0x00007f95182aae10 code [0x00007f95182aafc0, 0x00007f95182ab590]
Event: 1395.259 Thread 0x00007f95300b2ed0 9120       1       java.util.concurrent.ThreadPoolExecutor::getQueue (5 bytes)
Event: 1395.259 Thread 0x00007f95300b2ed0 nmethod 9120 0x00007f951f1edb90 code [0x00007f951f1edd20, 0x00007f951f1eddf0]
Event: 1417.519 Thread 0x00007f95300b2ed0 9121       3       java.util.concurrent.locks.AbstractQueuedSynchronizer$ConditionObject::canReacquire (28 bytes)
Event: 1419.658 Thread 0x00007f95300b2ed0 nmethod 9121 0x00007f9518216c10 code [0x00007f9518216dc0, 0x00007f9518217110]
Event: 1432.053 Thread 0x00007f95300b2ed0 9122       3       org.eclipse.jdt.internal.compiler.parser.Scanner::maybeAtLambdaOrCast (118 bytes)
Event: 1433.961 Thread 0x00007f95300b2ed0 nmethod 9122 0x00007f9517d24b90 code [0x00007f9517d24d60, 0x00007f9517d254d0]
Event: 1433.961 Thread 0x00007f95300b2ed0 9123       3       org.eclipse.jdt.internal.compiler.lookup.TypeBinding::capture (2 bytes)
Event: 1433.961 Thread 0x00007f95300b2ed0 nmethod 9123 0x00007f9518300c90 code [0x00007f9518300e20, 0x00007f9518300f30]
Event: 1433.962 Thread 0x00007f95300b2ed0 9124       3       org.eclipse.jdt.core.compiler.CharOperation::indexOf (10 bytes)
Event: 1433.962 Thread 0x00007f95300b2ed0 nmethod 9124 0x00007f9518324110 code [0x00007f95183242c0, 0x00007f95183243e0]
Event: 1510.173 Thread 0x00007f95300b19c0 9125       4       java.util.concurrent.locks.AbstractQueuedSynchronizer$ConditionObject::signal (34 bytes)

GC Heap History (20 events):
Event: 1573.373 GC heap before
{Heap before GC invocations=843 (full 731):
 PSYoungGen      total 71680K, used 29696K [0x00000000f5580000, 0x00000000fc580000, 0x0000000100000000)
  eden space 29696K, 100% used [0x00000000f5580000,0x00000000f7280000,0x00000000f7280000)
  from space 41984K, 0% used [0x00000000f7280000,0x00000000f7280000,0x00000000f9b80000)
  to   space 19456K, 0% used [0x00000000f9b80000,0x00000000f9b80000,0x00000000fae80000)
 ParOldGen       total 349696K, used 349695K [0x00000000e0000000, 0x00000000f5580000, 0x00000000f5580000)
  object space 349696K, 99% used [0x00000000e0000000,0x00000000f557fff8,0x00000000f5580000)
 Metaspace       used 58966K, committed 59904K, reserved 1105920K
  class space    used 5890K, committed 6272K, reserved 1048576K
}
Event: 1575.540 GC heap after
{Heap after GC invocations=843 (full 731):
 PSYoungGen      total 49152K, used 29695K [0x00000000f5580000, 0x00000000fc580000, 0x0000000100000000)
  eden space 29696K, 99% used [0x00000000f5580000,0x00000000f727ff90,0x00000000f7280000)
  from space 19456K, 0% used [0x00000000f9b80000,0x00000000f9b80000,0x00000000fae80000)
  to   space 41984K, 0% used [0x00000000f7280000,0x00000000f7280000,0x00000000f9b80000)
 ParOldGen       total 349696K, used 349694K [0x00000000e0000000, 0x00000000f5580000, 0x00000000f5580000)
  object space 349696K, 99% used [0x00000000e0000000,0x00000000f557f9d8,0x00000000f5580000)
 Metaspace       used 58966K, committed 59904K, reserved 1105920K
  class space    used 5890K, committed 6272K, reserved 1048576K
}
Event: 1575.553 GC heap before
{Heap before GC invocations=844 (full 732):
 PSYoungGen      total 49152K, used 29695K [0x00000000f5580000, 0x00000000fc580000, 0x0000000100000000)
  eden space 29696K, 99% used [0x00000000f5580000,0x00000000f727ffd0,0x00000000f7280000)
  from space 19456K, 0% used [0x00000000f9b80000,0x00000000f9b80000,0x00000000fae80000)
  to   space 41984K, 0% used [0x00000000f7280000,0x00000000f7280000,0x00000000f9b80000)
 ParOldGen       total 349696K, used 349694K [0x00000000e0000000, 0x00000000f5580000, 0x00000000f5580000)
  object space 349696K, 99% used [0x00000000e0000000,0x00000000f557f9d8,0x00000000f5580000)
 Metaspace       used 58966K, committed 59904K, reserved 1105920K
  class space    used 5890K, committed 6272K, reserved 1048576K
}
Event: 1577.603 GC heap after
{Heap after GC invocations=844 (full 732):
 PSYoungGen      total 71680K, used 29695K [0x00000000f5580000, 0x00000000fc580000, 0x0000000100000000)
  eden space 29696K, 99% used [0x00000000f5580000,0x00000000f727ffb0,0x00000000f7280000)
  from space 41984K, 0% used [0x00000000f7280000,0x00000000f7280000,0x00000000f9b80000)
  to   space 19456K, 0% used [0x00000000f9b80000,0x00000000f9b80000,0x00000000fae80000)
 ParOldGen       total 349696K, used 349694K [0x00000000e0000000, 0x00000000f5580000, 0x00000000f5580000)
  object space 349696K, 99% used [0x00000000e0000000,0x00000000f557f9d8,0x00000000f5580000)
 Metaspace       used 58966K, committed 59904K, reserved 1105920K
  class space    used 5890K, committed 6272K, reserved 1048576K
}
Event: 1577.604 GC heap before
{Heap before GC invocations=845 (full 733):
 PSYoungGen      total 71680K, used 29696K [0x00000000f5580000, 0x00000000fc580000, 0x0000000100000000)
  eden space 29696K, 100% used [0x00000000f5580000,0x00000000f7280000,0x00000000f7280000)
  from space 41984K, 0% used [0x00000000f7280000,0x00000000f7280000,0x00000000f9b80000)
  to   space 19456K, 0% used [0x00000000f9b80000,0x00000000f9b80000,0x00000000fae80000)
 ParOldGen       total 349696K, used 349694K [0x00000000e0000000, 0x00000000f5580000, 0x00000000f5580000)
  object space 349696K, 99% used [0x00000000e0000000,0x00000000f557f9d8,0x00000000f5580000)
 Metaspace       used 58966K, committed 59904K, reserved 1105920K
  class space    used 5890K, committed 6272K, reserved 1048576K
}
Event: 1582.301 GC heap after
{Heap after GC invocations=845 (full 733):
 PSYoungGen      total 49152K, used 29694K [0x00000000f5580000, 0x00000000fc580000, 0x0000000100000000)
  eden space 29696K, 99% used [0x00000000f5580000,0x00000000f727f9e8,0x00000000f7280000)
  from space 19456K, 0% used [0x00000000f9b80000,0x00000000f9b80000,0x00000000fae80000)
  to   space 41984K, 0% used [0x00000000f7280000,0x00000000f7280000,0x00000000f9b80000)
 ParOldGen       total 349696K, used 349694K [0x00000000e0000000, 0x00000000f5580000, 0x00000000f5580000)
  object space 349696K, 99% used [0x00000000e0000000,0x00000000f557f9d8,0x00000000f5580000)
 Metaspace       used 58966K, committed 59904K, reserved 1105920K
  class space    used 5890K, committed 6272K, reserved 1048576K
}
Event: 1582.302 GC heap before
{Heap before GC invocations=846 (full 734):
 PSYoungGen      total 49152K, used 29695K [0x00000000f5580000, 0x00000000fc580000, 0x0000000100000000)
  eden space 29696K, 99% used [0x00000000f5580000,0x00000000f727fff8,0x00000000f7280000)
  from space 19456K, 0% used [0x00000000f9b80000,0x00000000f9b80000,0x00000000fae80000)
  to   space 41984K, 0% used [0x00000000f7280000,0x00000000f7280000,0x00000000f9b80000)
 ParOldGen       total 349696K, used 349694K [0x00000000e0000000, 0x00000000f5580000, 0x00000000f5580000)
  object space 349696K, 99% used [0x00000000e0000000,0x00000000f557f9d8,0x00000000f5580000)
 Metaspace       used 58966K, committed 59904K, reserved 1105920K
  class space    used 5890K, committed 6272K, reserved 1048576K
}
Event: 1588.249 GC heap after
{Heap after GC invocations=846 (full 734):
 PSYoungGen      total 71680K, used 29694K [0x00000000f5580000, 0x00000000fc580000, 0x0000000100000000)
  eden space 29696K, 99% used [0x00000000f5580000,0x00000000f727fa58,0x00000000f7280000)
  from space 41984K, 0% used [0x00000000f7280000,0x00000000f7280000,0x00000000f9b80000)
  to   space 19456K, 0% used [0x00000000f9b80000,0x00000000f9b80000,0x00000000fae80000)
 ParOldGen       total 349696K, used 349694K [0x00000000e0000000, 0x00000000f5580000, 0x00000000f5580000)
  object space 349696K, 99% used [0x00000000e0000000,0x00000000f557f9d8,0x00000000f5580000)
 Metaspace       used 58966K, committed 59904K, reserved 1105920K
  class space    used 5890K, committed 6272K, reserved 1048576K
}
Event: 1588.251 GC heap before
{Heap before GC invocations=847 (full 735):
 PSYoungGen      total 71680K, used 29694K [0x00000000f5580000, 0x00000000fc580000, 0x0000000100000000)
  eden space 29696K, 99% used [0x00000000f5580000,0x00000000f727fb50,0x00000000f7280000)
  from space 41984K, 0% used [0x00000000f7280000,0x00000000f7280000,0x00000000f9b80000)
  to   space 19456K, 0% used [0x00000000f9b80000,0x00000000f9b80000,0x00000000fae80000)
 ParOldGen       total 349696K, used 349694K [0x00000000e0000000, 0x00000000f5580000, 0x00000000f5580000)
  object space 349696K, 99% used [0x00000000e0000000,0x00000000f557f9d8,0x00000000f5580000)
 Metaspace       used 58966K, committed 59904K, reserved 1105920K
  class space    used 5890K, committed 6272K, reserved 1048576K
}
Event: 1590.709 GC heap after
{Heap after GC invocations=847 (full 735):
 PSYoungGen      total 49152K, used 29693K [0x00000000f5580000, 0x00000000fc580000, 0x0000000100000000)
  eden space 29696K, 99% used [0x00000000f5580000,0x00000000f727f400,0x00000000f7280000)
  from space 19456K, 0% used [0x00000000f9b80000,0x00000000f9b80000,0x00000000fae80000)
  to   space 41984K, 0% used [0x00000000f7280000,0x00000000f7280000,0x00000000f9b80000)
 ParOldGen       total 349696K, used 349694K [0x00000000e0000000, 0x00000000f5580000, 0x00000000f5580000)
  object space 349696K, 99% used [0x00000000e0000000,0x00000000f557f9d8,0x00000000f5580000)
 Metaspace       used 58966K, committed 59904K, reserved 1105920K
  class space    used 5890K, committed 6272K, reserved 1048576K
}
Event: 1590.709 GC heap before
{Heap before GC invocations=848 (full 736):
 PSYoungGen      total 49152K, used 29696K [0x00000000f5580000, 0x00000000fc580000, 0x0000000100000000)
  eden space 29696K, 100% used [0x00000000f5580000,0x00000000f7280000,0x00000000f7280000)
  from space 19456K, 0% used [0x00000000f9b80000,0x00000000f9b80000,0x00000000fae80000)
  to   space 41984K, 0% used [0x00000000f7280000,0x00000000f7280000,0x00000000f9b80000)
 ParOldGen       total 349696K, used 349694K [0x00000000e0000000, 0x00000000f5580000, 0x00000000f5580000)
  object space 349696K, 99% used [0x00000000e0000000,0x00000000f557f9d8,0x00000000f5580000)
 Metaspace       used 58966K, committed 59904K, reserved 1105920K
  class space    used 5890K, committed 6272K, reserved 1048576K
}
Event: 1592.602 GC heap after
{Heap after GC invocations=848 (full 736):
 PSYoungGen      total 71680K, used 29693K [0x00000000f5580000, 0x00000000fc580000, 0x0000000100000000)
  eden space 29696K, 99% used [0x00000000f5580000,0x00000000f727f7d8,0x00000000f7280000)
  from space 41984K, 0% used [0x00000000f7280000,0x00000000f7280000,0x00000000f9b80000)
  to   space 19456K, 0% used [0x00000000f9b80000,0x00000000f9b80000,0x00000000fae80000)
 ParOldGen       total 349696K, used 349694K [0x00000000e0000000, 0x00000000f5580000, 0x00000000f5580000)
  object space 349696K, 99% used [0x00000000e0000000,0x00000000f557f988,0x00000000f5580000)
 Metaspace       used 58966K, committed 59904K, reserved 1105920K
  class space    used 5890K, committed 6272K, reserved 1048576K
}
Event: 1592.602 GC heap before
{Heap before GC invocations=849 (full 737):
 PSYoungGen      total 71680K, used 29696K [0x00000000f5580000, 0x00000000fc580000, 0x0000000100000000)
  eden space 29696K, 100% used [0x00000000f5580000,0x00000000f7280000,0x00000000f7280000)
  from space 41984K, 0% used [0x00000000f7280000,0x00000000f7280000,0x00000000f9b80000)
  to   space 19456K, 0% used [0x00000000f9b80000,0x00000000f9b80000,0x00000000fae80000)
 ParOldGen       total 349696K, used 349694K [0x00000000e0000000, 0x00000000f5580000, 0x00000000f5580000)
  object space 349696K, 99% used [0x00000000e0000000,0x00000000f557f988,0x00000000f5580000)
 Metaspace       used 58966K, committed 59904K, reserved 1105920K
  class space    used 5890K, committed 6272K, reserved 1048576K
}
Event: 1594.701 GC heap after
{Heap after GC invocations=849 (full 737):
 PSYoungGen      total 49152K, used 29693K [0x00000000f5580000, 0x00000000fc580000, 0x0000000100000000)
  eden space 29696K, 99% used [0x00000000f5580000,0x00000000f727f7b8,0x00000000f7280000)
  from space 19456K, 0% used [0x00000000f9b80000,0x00000000f9b80000,0x00000000fae80000)
  to   space 41984K, 0% used [0x00000000f7280000,0x00000000f7280000,0x00000000f9b80000)
 ParOldGen       total 349696K, used 349694K [0x00000000e0000000, 0x00000000f5580000, 0x00000000f5580000)
  object space 349696K, 99% used [0x00000000e0000000,0x00000000f557f988,0x00000000f5580000)
 Metaspace       used 58966K, committed 59904K, reserved 1105920K
  class space    used 5890K, committed 6272K, reserved 1048576K
}
Event: 1594.701 GC heap before
{Heap before GC invocations=850 (full 738):
 PSYoungGen      total 49152K, used 29696K [0x00000000f5580000, 0x00000000fc580000, 0x0000000100000000)
  eden space 29696K, 100% used [0x00000000f5580000,0x00000000f7280000,0x00000000f7280000)
  from space 19456K, 0% used [0x00000000f9b80000,0x00000000f9b80000,0x00000000fae80000)
  to   space 41984K, 0% used [0x00000000f7280000,0x00000000f7280000,0x00000000f9b80000)
 ParOldGen       total 349696K, used 349694K [0x00000000e0000000, 0x00000000f5580000, 0x00000000f5580000)
  object space 349696K, 99% used [0x00000000e0000000,0x00000000f557f988,0x00000000f5580000)
 Metaspace       used 58966K, committed 59904K, reserved 1105920K
  class space    used 5890K, committed 6272K, reserved 1048576K
}
Event: 1596.659 GC heap after
{Heap after GC invocations=850 (full 738):
 PSYoungGen      total 71680K, used 29694K [0x00000000f5580000, 0x00000000fc580000, 0x0000000100000000)
  eden space 29696K, 99% used [0x00000000f5580000,0x00000000f727f9b0,0x00000000f7280000)
  from space 41984K, 0% used [0x00000000f7280000,0x00000000f7280000,0x00000000f9b80000)
  to   space 19456K, 0% used [0x00000000f9b80000,0x00000000f9b80000,0x00000000fae80000)
 ParOldGen       total 349696K, used 349694K [0x00000000e0000000, 0x00000000f5580000, 0x00000000f5580000)
  object space 349696K, 99% used [0x00000000e0000000,0x00000000f557f988,0x00000000f5580000)
 Metaspace       used 58966K, committed 59904K, reserved 1105920K
  class space    used 5890K, committed 6272K, reserved 1048576K
}
Event: 1596.660 GC heap before
{Heap before GC invocations=851 (full 739):
 PSYoungGen      total 71680K, used 29695K [0x00000000f5580000, 0x00000000fc580000, 0x0000000100000000)
  eden space 29696K, 99% used [0x00000000f5580000,0x00000000f727fff0,0x00000000f7280000)
  from space 41984K, 0% used [0x00000000f7280000,0x00000000f7280000,0x00000000f9b80000)
  to   space 19456K, 0% used [0x00000000f9b80000,0x00000000f9b80000,0x00000000fae80000)
 ParOldGen       total 349696K, used 349694K [0x00000000e0000000, 0x00000000f5580000, 0x00000000f5580000)
  object space 349696K, 99% used [0x00000000e0000000,0x00000000f557f988,0x00000000f5580000)
 Metaspace       used 58969K, committed 59904K, reserved 1105920K
  class space    used 5890K, committed 6272K, reserved 1048576K
}
Event: 1598.550 GC heap after
{Heap after GC invocations=851 (full 739):
 PSYoungGen      total 49152K, used 29694K [0x00000000f5580000, 0x00000000fc580000, 0x0000000100000000)
  eden space 29696K, 99% used [0x00000000f5580000,0x00000000f727f9b0,0x00000000f7280000)
  from space 19456K, 0% used [0x00000000f9b80000,0x00000000f9b80000,0x00000000fae80000)
  to   space 41984K, 0% used [0x00000000f7280000,0x00000000f7280000,0x00000000f9b80000)
 ParOldGen       total 349696K, used 349694K [0x00000000e0000000, 0x00000000f5580000, 0x00000000f5580000)
  object space 349696K, 99% used [0x00000000e0000000,0x00000000f557f950,0x00000000f5580000)
 Metaspace       used 58969K, committed 59904K, reserved 1105920K
  class space    used 5890K, committed 6272K, reserved 1048576K
}
Event: 1598.550 GC heap before
{Heap before GC invocations=852 (full 740):
 PSYoungGen      total 49152K, used 29694K [0x00000000f5580000, 0x00000000fc580000, 0x0000000100000000)
  eden space 29696K, 99% used [0x00000000f5580000,0x00000000f727f9b0,0x00000000f7280000)
  from space 19456K, 0% used [0x00000000f9b80000,0x00000000f9b80000,0x00000000fae80000)
  to   space 41984K, 0% used [0x00000000f7280000,0x00000000f7280000,0x00000000f9b80000)
 ParOldGen       total 349696K, used 349694K [0x00000000e0000000, 0x00000000f5580000, 0x00000000f5580000)
  object space 349696K, 99% used [0x00000000e0000000,0x00000000f557f950,0x00000000f5580000)
 Metaspace       used 58969K, committed 59904K, reserved 1105920K
  class space    used 5890K, committed 6272K, reserved 1048576K
}
Event: 1600.415 GC heap after
{Heap after GC invocations=852 (full 740):
 PSYoungGen      total 71680K, used 29694K [0x00000000f5580000, 0x00000000fc580000, 0x0000000100000000)
  eden space 29696K, 99% used [0x00000000f5580000,0x00000000f727f9b0,0x00000000f7280000)
  from space 41984K, 0% used [0x00000000f7280000,0x00000000f7280000,0x00000000f9b80000)
  to   space 19456K, 0% used [0x00000000f9b80000,0x00000000f9b80000,0x00000000fae80000)
 ParOldGen       total 349696K, used 349694K [0x00000000e0000000, 0x00000000f5580000, 0x00000000f5580000)
  object space 349696K, 99% used [0x00000000e0000000,0x00000000f557f950,0x00000000f5580000)
 Metaspace       used 58969K, committed 59904K, reserved 1105920K
  class space    used 5890K, committed 6272K, reserved 1048576K
}

Dll operation events (9 events):
Event: 0.009 Loaded shared library /nix/store/gpxl5qgg8kicmcvivwmybwjlpf7wh20l-graalvm17-ce-22.3.0/lib/libjava.so
Event: 0.057 Loaded shared library /nix/store/gpxl5qgg8kicmcvivwmybwjlpf7wh20l-graalvm17-ce-22.3.0/lib/libjsvml.so
Event: 0.567 Loaded shared library /nix/store/gpxl5qgg8kicmcvivwmybwjlpf7wh20l-graalvm17-ce-22.3.0/lib/libnio.so
Event: 0.649 Loaded shared library /nix/store/gpxl5qgg8kicmcvivwmybwjlpf7wh20l-graalvm17-ce-22.3.0/lib/libzip.so
Event: 0.656 Loaded shared library /nix/store/gpxl5qgg8kicmcvivwmybwjlpf7wh20l-graalvm17-ce-22.3.0/lib/libjvmcicompiler.so
Event: 1.451 Loaded shared library /nix/store/gpxl5qgg8kicmcvivwmybwjlpf7wh20l-graalvm17-ce-22.3.0/lib/libjimage.so
Event: 3.964 Loaded shared library /nix/store/gpxl5qgg8kicmcvivwmybwjlpf7wh20l-graalvm17-ce-22.3.0/lib/libnet.so
Event: 6.456 Loaded shared library /home/runner/CohortPeople/.cache/jdt-language-server/config/org.eclipse.equinox.launcher/org.eclipse.equinox.launcher.gtk.linux.x86_64_1.2.400.v20211117-0650/eclipse_11600.so
Event: 25.461 Loaded shared library /nix/store/gpxl5qgg8kicmcvivwmybwjlpf7wh20l-graalvm17-ce-22.3.0/lib/libextnet.so

Deoptimization events (20 events):
Event: 1002.559 Thread 0x00007f94cc614e10 DEOPT PACKING pc=0x00007f951f122994 sp=0x00007f94dedfe500
Event: 1002.559 Thread 0x00007f94cc614e10 DEOPT UNPACKING pc=0x00007f9517505325 sp=0x00007f94dedfd9a0 mode 3
Event: 1010.122 Thread 0x00007f95300b19c0 Uncommon trap: trap_request=0xffffffcd fr.pc=0x00007f951f1dd217 relative=0x0000000000000c37
Event: 1010.122 Thread 0x00007f95300b19c0 Uncommon trap: reason=intrinsic_or_type_checked_inlining action=reinterpret pc=0x00007f951f1dd217 method=java.io.DataOutputStream.write([BII)V @ 0 jvmci
Event: 1010.122 Thread 0x00007f95300b19c0 DEOPT PACKING pc=0x00007f951f1dd217 sp=0x00007f9534817fb0
Event: 1010.122 Thread 0x00007f95300b19c0 DEOPT UNPACKING pc=0x00007f9517505325 sp=0x00007f95348173d0 mode 3
Event: 1032.228 Thread 0x00007f95300b19c0 Uncommon trap: trap_request=0xffffffcd fr.pc=0x00007f951f15855c relative=0x000000000000097c
Event: 1032.228 Thread 0x00007f95300b19c0 Uncommon trap: reason=intrinsic_or_type_checked_inlining action=reinterpret pc=0x00007f951f15855c method=java.io.DataOutputStream.write([BII)V @ 0 jvmci
Event: 1032.228 Thread 0x00007f95300b19c0 DEOPT PACKING pc=0x00007f951f15855c sp=0x00007f9534817fb0
Event: 1032.228 Thread 0x00007f95300b19c0 DEOPT UNPACKING pc=0x00007f9517505325 sp=0x00007f95348173d0 mode 3
Event: 1163.598 Thread 0x00007f95300b19c0 DEOPT PACKING pc=0x00007f95180c4dd8 sp=0x00007f9534817ef0
Event: 1163.598 Thread 0x00007f95300b19c0 DEOPT UNPACKING pc=0x00007f9517505325 sp=0x00007f9534817458 mode 0
Event: 1269.848 Thread 0x00007f949c0a2240 Uncommon trap: trap_request=0xffffff8f fr.pc=0x00007f951ef99a14 relative=0x0000000000000274
Event: 1269.848 Thread 0x00007f949c0a2240 Uncommon trap: reason=constraint action=none pc=0x00007f951ef99a14 method=java.lang.StringLatin1.newString([BII)Ljava/lang/String; @ 0 jvmci
Event: 1269.848 Thread 0x00007f949c0a2240 DEOPT PACKING pc=0x00007f951ef99a14 sp=0x00007f94de3fe010
Event: 1269.848 Thread 0x00007f949c0a2240 DEOPT UNPACKING pc=0x00007f9517505325 sp=0x00007f94de3fd4a0 mode 3
Event: 1273.528 Thread 0x00007f949c0a2240 Uncommon trap: trap_request=0xffffff8f fr.pc=0x00007f951ef94198 relative=0x00000000000001f8
Event: 1273.528 Thread 0x00007f949c0a2240 Uncommon trap: reason=constraint action=none pc=0x00007f951ef94198 method=java.util.Arrays.copyOfRange([BII)[B @ 0 jvmci
Event: 1273.528 Thread 0x00007f949c0a2240 DEOPT PACKING pc=0x00007f951ef94198 sp=0x00007f94de3fdf70
Event: 1273.528 Thread 0x00007f949c0a2240 DEOPT UNPACKING pc=0x00007f9517505325 sp=0x00007f94de3fd408 mode 3

Classes unloaded (20 events):
Event: 209.915 Thread 0x00007f95300a13c0 Unloading class 0x0000000801139000 'jdk/internal/reflect/GeneratedMethodAccessor11'
Event: 209.915 Thread 0x00007f95300a13c0 Unloading class 0x0000000801138c00 'jdk/internal/reflect/GeneratedSerializationConstructorAccessor11'
Event: 209.915 Thread 0x00007f95300a13c0 Unloading class 0x0000000801138800 'jdk/internal/reflect/GeneratedSerializationConstructorAccessor10'
Event: 209.915 Thread 0x00007f95300a13c0 Unloading class 0x0000000801138400 'jdk/internal/reflect/GeneratedSerializationConstructorAccessor9'
Event: 209.915 Thread 0x00007f95300a13c0 Unloading class 0x0000000801138000 'jdk/internal/reflect/GeneratedSerializationConstructorAccessor8'
Event: 209.915 Thread 0x00007f95300a13c0 Unloading class 0x000000080108c400 'jdk/internal/reflect/GeneratedSerializationConstructorAccessor2'
Event: 209.915 Thread 0x00007f95300a13c0 Unloading class 0x000000080108c000 'jdk/internal/reflect/GeneratedSerializationConstructorAccessor1'
Event: 215.067 Thread 0x00007f95300a13c0 Unloading class 0x00000008010fc400 'jdk/internal/reflect/GeneratedMethodAccessor10'
Event: 215.067 Thread 0x00007f95300a13c0 Unloading class 0x00000008010fc000 'jdk/internal/reflect/GeneratedMethodAccessor9'
Event: 215.067 Thread 0x00007f95300a13c0 Unloading class 0x00000008010f5c00 'jdk/internal/reflect/GeneratedMethodAccessor8'
Event: 215.067 Thread 0x00007f95300a13c0 Unloading class 0x00000008010f5800 'jdk/internal/reflect/GeneratedMethodAccessor7'
Event: 443.358 Thread 0x00007f95300a13c0 Unloading class 0x00000008010bc000 'jdk/internal/reflect/GeneratedConstructorAccessor29'
Event: 745.854 Thread 0x00007f95300a13c0 Unloading class 0x0000000801245c00 'java/lang/invoke/LambdaForm$MH+0x0000000801245c00'
Event: 745.854 Thread 0x00007f95300a13c0 Unloading class 0x0000000801245800 'java/lang/invoke/LambdaForm$MH+0x0000000801245800'
Event: 745.854 Thread 0x00007f95300a13c0 Unloading class 0x0000000801245400 'java/lang/invoke/LambdaForm$MH+0x0000000801245400'
Event: 745.854 Thread 0x00007f95300a13c0 Unloading class 0x0000000801244c00 'java/lang/invoke/LambdaForm$MH+0x0000000801244c00'
Event: 788.703 Thread 0x00007f95300a13c0 Unloading class 0x0000000801246000 'java/lang/invoke/LambdaForm$MH+0x0000000801246000'
Event: 880.116 Thread 0x00007f95300a13c0 Unloading class 0x0000000801244800 'jdk/internal/reflect/GeneratedSerializationConstructorAccessor38'
Event: 1085.497 Thread 0x00007f95300a13c0 Unloading class 0x0000000801245400 'java/lang/invoke/LambdaForm$MH+0x0000000801245400'
Event: 1166.960 Thread 0x00007f95300a13c0 Unloading class 0x0000000801244800 'jdk/internal/reflect/GeneratedSerializationConstructorAccessor41'

Classes redefined (0 events):
No events

Internal exceptions (20 events):
Event: 68.604 Thread 0x00007f94a40d8dc0 Exception <a 'java/lang/NoSuchMethodError'{0x00000000f5965548}: 'java.lang.Object java.lang.invoke.DirectMethodHandle$Holder.invokeSpecial(java.lang.Object, java.lang.Object, java.lang.Object, int, java.lang.Object, java.lang.Object)'> (0x00000000f5965548) 
thrown [src/hotspot/share/interpreter/linkResolver.cpp, line 758]
Event: 68.803 Thread 0x00007f94a40d8dc0 Exception <a 'java/lang/NoSuchMethodError'{0x00000000f61013e0}: 'java.lang.Object java.lang.invoke.DirectMethodHandle$Holder.newInvokeSpecial(java.lang.Object, java.lang.Object, java.lang.Object, int, java.lang.Object)'> (0x00000000f61013e0) 
thrown [src/hotspot/share/interpreter/linkResolver.cpp, line 758]
Event: 68.804 Thread 0x00007f94a40d8dc0 Exception <a 'java/lang/NoSuchMethodError'{0x00000000f61062d8}: 'java.lang.Object java.lang.invoke.DirectMethodHandle$Holder.invokeSpecial(java.lang.Object, java.lang.Object, java.lang.Object, java.lang.Object, int, java.lang.Object)'> (0x00000000f61062d8) 
thrown [src/hotspot/share/interpreter/linkResolver.cpp, line 758]
Event: 68.804 Thread 0x00007f94a40d8dc0 Exception <a 'java/lang/NoSuchMethodError'{0x00000000f610ac58}: 'java.lang.Object java.lang.invoke.Invokers$Holder.linkToTargetMethod(java.lang.Object, java.lang.Object, int, java.lang.Object, java.lang.Object)'> (0x00000000f610ac58) 
thrown [src/hotspot/share/interpreter/linkResolver.cpp, line 758]
Event: 188.448 Thread 0x00007f949c0a2240 Exception <a 'java/lang/NoSuchMethodError'{0x00000000f72481e0}: 'void java.lang.invoke.DirectMethodHandle$Holder.invokeSpecial(java.lang.Object, java.lang.Object, int)'> (0x00000000f72481e0) 
thrown [src/hotspot/share/interpreter/linkResolver.cpp, line 758]
Event: 444.163 Thread 0x00007f949c0a2240 Exception <a 'java/lang/OutOfMemoryError'{0x00000000e00a2cb0}> (0x00000000e00a2cb0) 
thrown [src/hotspot/share/gc/shared/memAllocator.cpp, line 136]
Event: 691.453 Thread 0x00007f9530438eb0 Exception <a 'java/lang/OutOfMemoryError'{0x00000000e00a2f80}> (0x00000000e00a2f80) 
thrown [src/hotspot/share/gc/shared/memAllocator.cpp, line 136]
Event: 703.902 Thread 0x00007f949c111a40 Exception <a 'java/lang/OutOfMemoryError'{0x00000000e00a3570}> (0x00000000e00a3570) 
thrown [src/hotspot/share/gc/shared/memAllocator.cpp, line 136]
Event: 725.147 Thread 0x00007f949c042c40 Exception <a 'java/lang/OutOfMemoryError'{0x00000000e00a3570}> (0x00000000e00a3570) 
thrown [src/hotspot/share/gc/shared/memAllocator.cpp, line 136]
Event: 1002.558 Thread 0x00007f94cc614e10 Exception <a 'java/lang/OutOfMemoryError'{0x00000000e00a2f80}> (0x00000000e00a2f80) 
thrown [src/hotspot/share/gc/shared/memAllocator.cpp, line 138]
Event: 1002.559 Thread 0x00007f94cc614e10 Implicit null exception at 0x00007f951f1228ed to 0x00007f951f122979
Event: 1006.423 Thread 0x00007f949c10de10 Exception <a 'java/lang/OutOfMemoryError'{0x00000000e00a32a0}> (0x00000000e00a32a0) 
thrown [src/hotspot/share/gc/shared/memAllocator.cpp, line 136]
Event: 1060.108 Thread 0x00007f949c03f990 Exception <a 'java/lang/OutOfMemoryError'{0x00000000e00a32a0}> (0x00000000e00a32a0) 
thrown [src/hotspot/share/gc/shared/memAllocator.cpp, line 136]
Event: 1060.108 Thread 0x00007f949c03f990 Exception <a 'java/lang/OutOfMemoryError'{0x00000000e00a32a0}> (0x00000000e00a32a0) 
thrown [src/hotspot/share/oops/instanceKlass.cpp, line 1166]
Event: 1269.848 Thread 0x00007f949c0a2240 Exception <a 'java/lang/OutOfMemoryError'{0x00000000e00a2f80}> (0x00000000e00a2f80) 
thrown [src/hotspot/share/gc/shared/memAllocator.cpp, line 138]
Event: 1269.848 Thread 0x00007f949c0a2240 Implicit null exception at 0x00007f951ef9992f to 0x00007f951ef999f9
Event: 1273.528 Thread 0x00007f949c0a2240 Exception <a 'java/lang/OutOfMemoryError'{0x00000000e00a2f80}> (0x00000000e00a2f80) 
thrown [src/hotspot/share/gc/shared/memAllocator.cpp, line 138]
Event: 1273.528 Thread 0x00007f949c0a2240 Implicit null exception at 0x00007f951ef940eb to 0x00007f951ef9417d
Event: 1277.452 Thread 0x00007f949c0a2240 Exception <a 'java/lang/OutOfMemoryError'{0x00000000e00a32a0}> (0x00000000e00a32a0) 
thrown [src/hotspot/share/gc/shared/memAllocator.cpp, line 136]
Event: 1600.415 Thread 0x00007f95300b19c0 Exception <a 'java/lang/OutOfMemoryError'{0x00000000e00a32a0}> (0x00000000e00a32a0) 
thrown [src/hotspot/share/gc/shared/memAllocator.cpp, line 136]

VM Operations (20 events):
Event: 1571.375 Executing VM operation: ParallelGCFailedAllocation
Event: 1573.372 Executing VM operation: ParallelGCFailedAllocation done
Event: 1573.373 Executing VM operation: ParallelGCFailedAllocation
Event: 1575.540 Executing VM operation: ParallelGCFailedAllocation done
Event: 1575.547 Executing VM operation: ParallelGCFailedAllocation
Event: 1577.603 Executing VM operation: ParallelGCFailedAllocation done
Event: 1577.603 Executing VM operation: ParallelGCFailedAllocation
Event: 1582.302 Executing VM operation: ParallelGCFailedAllocation done
Event: 1582.302 Executing VM operation: ParallelGCFailedAllocation
Event: 1588.249 Executing VM operation: ParallelGCFailedAllocation done
Event: 1588.249 Executing VM operation: ParallelGCFailedAllocation
Event: 1590.709 Executing VM operation: ParallelGCFailedAllocation done
Event: 1590.709 Executing VM operation: ParallelGCFailedAllocation
Event: 1592.602 Executing VM operation: ParallelGCFailedAllocation done
Event: 1592.602 Executing VM operation: ParallelGCFailedAllocation
Event: 1594.701 Executing VM operation: ParallelGCFailedAllocation done
Event: 1594.701 Executing VM operation: ParallelGCFailedAllocation
Event: 1596.659 Executing VM operation: ParallelGCFailedAllocation done
Event: 1596.660 Executing VM operation: ParallelGCFailedAllocation
Event: 1600.415 Executing VM operation: ParallelGCFailedAllocation done

Events (20 events):
Event: 456.757 loading class java/util/logging/LogRecord$CallerFinder done
Event: 460.869 loading class java/lang/StackStreamFactory
Event: 460.869 loading class java/lang/StackStreamFactory done
Event: 460.870 loading class java/lang/StackWalker$ExtendedOption
Event: 460.870 loading class java/lang/StackWalker$ExtendedOption done
Event: 460.870 loading class java/lang/StackStreamFactory$StackFrameTraverser
Event: 460.870 loading class java/lang/StackStreamFactory$StackFrameTraverser done
Event: 460.870 loading class java/lang/StackStreamFactory$WalkerState
Event: 460.870 loading class java/lang/StackStreamFactory$WalkerState done
Event: 460.870 loading class java/lang/StackStreamFactory$1
Event: 460.870 loading class java/lang/StackStreamFactory$1 done
Event: 460.870 loading class java/lang/StackStreamFactory$StackFrameTraverser$StackFrameBuffer
Event: 460.870 loading class java/lang/StackStreamFactory$FrameBuffer
Event: 460.870 loading class java/lang/StackStreamFactory$FrameBuffer done
Event: 460.871 Thread 0x00007f94b80075c0 Thread exited: 0x00007f94b80075c0
Event: 470.382 loading class java/lang/StackStreamFactory$StackFrameTraverser$StackFrameBuffer done
Event: 824.115 Thread 0x00007f9530438eb0 Thread exited: 0x00007f9530438eb0
Event: 1083.257 loading class java/lang/Throwable$WrappedPrintWriter
Event: 1083.258 loading class java/lang/Throwable$WrappedPrintWriter done
Event: 1281.255 Thread 0x00007f949c0a2240 Thread exited: 0x00007f949c0a2240


Dynamic libraries:
e0000000-f3880000 rw-p 00000000 00:00 0 
f3880000-fc580000 rw-p 00000000 00:00 0 
fc580000-100000000 ---p 00000000 00:00 0 
800000000-800449000 rw-p 00001000 08:30 707969865                        /nix/store/gpxl5qgg8kicmcvivwmybwjlpf7wh20l-graalvm17-ce-22.3.0/lib/server/classes.jsa
800449000-800bc8000 r--p 0044a000 08:30 707969865                        /nix/store/gpxl5qgg8kicmcvivwmybwjlpf7wh20l-graalvm17-ce-22.3.0/lib/server/classes.jsa
800bc8000-800c00000 ---p 00000000 00:00 0 
800c00000-800c10000 rw-p 00000000 00:00 0 
800c10000-800c30000 rw-p 00000000 00:00 0 
800c30000-800cb0000 rw-p 00000000 00:00 0 
800cb0000-800cf0000 rw-p 00000000 00:00 0 
800cf0000-800db0000 rw-p 00000000 00:00 0 
800db0000-800df0000 rw-p 00000000 00:00 0 
800df0000-800f30000 rw-p 00000000 00:00 0 
800f30000-800f70000 rw-p 00000000 00:00 0 
800f70000-800ff0000 rw-p 00000000 00:00 0 
800ff0000-8011b0000 rw-p 00000000 00:00 0 
8011b0000-8011d0000 rw-p 00000000 00:00 0 
8011d0000-801200000 ---p 00000000 00:00 0 
801200000-801250000 rw-p 00000000 00:00 0 
801250000-840c00000 ---p 00000000 00:00 0 
56517cae8000-56517cae9000 r-xp 00000000 08:30 672029940                  /nix/store/gpxl5qgg8kicmcvivwmybwjlpf7wh20l-graalvm17-ce-22.3.0/bin/.java-wrapped
56517caea000-56517caeb000 r--p 00001000 08:30 672029940                  /nix/store/gpxl5qgg8kicmcvivwmybwjlpf7wh20l-graalvm17-ce-22.3.0/bin/.java-wrapped
56517caeb000-56517caec000 rw-p 00002000 08:30 672029940                  /nix/store/gpxl5qgg8kicmcvivwmybwjlpf7wh20l-graalvm17-ce-22.3.0/bin/.java-wrapped
56517caec000-56517caed000 rw-p 00004000 08:30 672029940                  /nix/store/gpxl5qgg8kicmcvivwmybwjlpf7wh20l-graalvm17-ce-22.3.0/bin/.java-wrapped
56517caed000-56517caee000 rw-p 00005000 08:30 672029940                  /nix/store/gpxl5qgg8kicmcvivwmybwjlpf7wh20l-graalvm17-ce-22.3.0/bin/.java-wrapped
56517dffb000-56517e043000 rw-p 00000000 00:00 0                          [heap]
7f9464000000-7f9464021000 rw-p 00000000 00:00 0 
7f9464021000-7f9468000000 ---p 00000000 00:00 0 
7f9468000000-7f9468021000 rw-p 00000000 00:00 0 
7f9468021000-7f946c000000 ---p 00000000 00:00 0 
7f946c000000-7f946c021000 rw-p 00000000 00:00 0 
7f946c021000-7f9470000000 ---p 00000000 00:00 0 
7f9470000000-7f9470021000 rw-p 00000000 00:00 0 
7f9470021000-7f9474000000 ---p 00000000 00:00 0 
7f9474000000-7f9474021000 rw-p 00000000 00:00 0 
7f9474021000-7f9478000000 ---p 00000000 00:00 0 
7f9478000000-7f9478032000 rw-p 00000000 00:00 0 
7f9478032000-7f947c000000 ---p 00000000 00:00 0 
7f947c000000-7f947c021000 rw-p 00000000 00:00 0 
7f947c021000-7f9480000000 ---p 00000000 00:00 0 
7f9480000000-7f9480021000 rw-p 00000000 00:00 0 
7f9480021000-7f9484000000 ---p 00000000 00:00 0 
7f9484000000-7f9484021000 rw-p 00000000 00:00 0 
7f9484021000-7f9488000000 ---p 00000000 00:00 0 
7f9488200000-7f9488300000 ---p 00000000 00:00 0 
7f9488300000-7f94888af000 r--p 01122000 08:30 707802136                  /nix/store/gpxl5qgg8kicmcvivwmybwjlpf7wh20l-graalvm17-ce-22.3.0/lib/libjvmcicompiler.so
7f94888af000-7f9488a00000 r--p 00000000 00:00 0 
7f9488a00000-7f9488a3d000 rw-p 00000000 00:00 0 
7f9488a3d000-7f9488f5d000 rw-p 0185f000 08:30 707802136                  /nix/store/gpxl5qgg8kicmcvivwmybwjlpf7wh20l-graalvm17-ce-22.3.0/lib/libjvmcicompiler.so
7f9488f5d000-7f9489344000 r--p 01d7f000 08:30 707802136                  /nix/store/gpxl5qgg8kicmcvivwmybwjlpf7wh20l-graalvm17-ce-22.3.0/lib/libjvmcicompiler.so
7f9489400000-7f94898d0000 rw-p 00000000 00:00 0 
7f94898d0000-7f9489c00000 ---p 00000000 00:00 0 
7f948a4b3000-7f9494000000 r--s 00000000 08:30 707804677                  /nix/store/gpxl5qgg8kicmcvivwmybwjlpf7wh20l-graalvm17-ce-22.3.0/lib/modules
7f9494000000-7f9494070000 rw-p 00000000 00:00 0 
7f9494070000-7f9498000000 ---p 00000000 00:00 0 
7f9498000000-7f9498021000 rw-p 00000000 00:00 0 
7f9498021000-7f949c000000 ---p 00000000 00:00 0 
7f949c000000-7f949c1cd000 rw-p 00000000 00:00 0 
7f949c1cd000-7f94a0000000 ---p 00000000 00:00 0 
7f94a0000000-7f94a04d8000 rw-p 00000000 00:00 0 
7f94a04d8000-7f94a4000000 ---p 00000000 00:00 0 
7f94a4000000-7f94a4118000 rw-p 00000000 00:00 0 
7f94a4118000-7f94a8000000 ---p 00000000 00:00 0 
7f94a8000000-7f94a8021000 rw-p 00000000 00:00 0 
7f94a8021000-7f94ac000000 ---p 00000000 00:00 0 
7f94ac000000-7f94ac403000 rw-p 00000000 00:00 0 
7f94ac403000-7f94b0000000 ---p 00000000 00:00 0 
7f94b0000000-7f94b0064000 rw-p 00000000 00:00 0 
7f94b0064000-7f94b4000000 ---p 00000000 00:00 0 
7f94b4000000-7f94b4021000 rw-p 00000000 00:00 0 
7f94b4021000-7f94b8000000 ---p 00000000 00:00 0 
7f94b8000000-7f94b80ea000 rw-p 00000000 00:00 0 
7f94b80ea000-7f94bc000000 ---p 00000000 00:00 0 
7f94bc000000-7f94bc021000 rw-p 00000000 00:00 0 
7f94bc021000-7f94c0000000 ---p 00000000 00:00 0 
7f94c0000000-7f94c0021000 rw-p 00000000 00:00 0 
7f94c0021000-7f94c4000000 ---p 00000000 00:00 0 
7f94c4400000-7f94c48d0000 rw-p 00000000 00:00 0 
7f94c48d0000-7f94c4990000 rw-p 00000000 00:00 0 
7f94c4990000-7f94c4a00000 ---p 00000000 00:00 0 
7f94c4a00000-7f94c4bf0000 rw-p 00000000 00:00 0 
7f94c4bf0000-7f94c4c00000 rw-p 00000000 00:00 0 
7f94c5400000-7f94c58f0000 rw-p 00000000 00:00 0 
7f94c58f0000-7f94c59f0000 rw-p 00000000 00:00 0 
7f94c59f0000-7f94c5bf0000 rw-p 00000000 00:00 0 
7f94c5bf0000-7f94c5cf0000 rw-p 00000000 00:00 0 
7f94c5cf0000-7f94c5d70000 rw-p 00000000 00:00 0 
7f94c5d70000-7f94c5df0000 rw-p 00000000 00:00 0 
7f94c5df0000-7f94c5ef0000 rw-p 00000000 00:00 0 
7f94c5ef0000-7f94c60f0000 rw-p 00000000 00:00 0 
7f94c60f0000-7f94c61f0000 rw-p 00000000 00:00 0 
7f94c61f0000-7f94c6400000 rw-p 00000000 00:00 0 
7f94c7000000-7f94c70f0000 rw-p 00000000 00:00 0 
7f94c70f0000-7f94c71f0000 rw-p 00000000 00:00 0 
7f94c71f0000-7f94c7770000 rw-p 00000000 00:00 0 
7f94c7770000-7f94c77f0000 rw-p 00000000 00:00 0 
7f94c77f0000-7f94c78f0000 rw-p 00000000 00:00 0 
7f94c78f0000-7f94c79f0000 rw-p 00000000 00:00 0 
7f94c79f0000-7f94c7f30000 rw-p 00000000 00:00 0 
7f94c7f30000-7f94c7f70000 rw-p 00000000 00:00 0 
7f94c7f70000-7f94c8000000 rw-p 00000000 00:00 0 
7f94c8000000-7f94c8021000 rw-p 00000000 00:00 0 
7f94c8021000-7f94cc000000 ---p 00000000 00:00 0 
7f94cc000000-7f94cc87a000 rw-p 00000000 00:00 0 
7f94cc87a000-7f94d0000000 ---p 00000000 00:00 0 
7f94d0000000-7f94d0021000 rw-p 00000000 00:00 0 
7f94d0021000-7f94d4000000 ---p 00000000 00:00 0 
7f94d4000000-7f94d4021000 rw-p 00000000 00:00 0 
7f94d4021000-7f94d8000000 ---p 00000000 00:00 0 
7f94d8000000-7f94d8071000 rw-p 00000000 00:00 0 
7f94d8071000-7f94dc000000 ---p 00000000 00:00 0 
7f94dc400000-7f94dc410000 r-xp 00000000 00:d5a 310                       /home/runner/CohortPeople/.cache/jdt-language-server/config/org.eclipse.equinox.launcher/org.eclipse.equinox.launcher.gtk.linux.x86_64_1.2.400.v20211117-0650/eclipse_11600.so
7f94dc410000-7f94dc60f000 ---p 00010000 00:d5a 310                       /home/runner/CohortPeople/.cache/jdt-language-server/config/org.eclipse.equinox.launcher/org.eclipse.equinox.launcher.gtk.linux.x86_64_1.2.400.v20211117-0650/eclipse_11600.so
7f94dc60f000-7f94dc610000 r--p 0000f000 00:d5a 310                       /home/runner/CohortPeople/.cache/jdt-language-server/config/org.eclipse.equinox.launcher/org.eclipse.equinox.launcher.gtk.linux.x86_64_1.2.400.v20211117-0650/eclipse_11600.so
7f94dc610000-7f94dc611000 rw-p 00010000 00:d5a 310                       /home/runner/CohortPeople/.cache/jdt-language-server/config/org.eclipse.equinox.launcher/org.eclipse.equinox.launcher.gtk.linux.x86_64_1.2.400.v20211117-0650/eclipse_11600.so
7f94dd700000-7f94dd704000 ---p 00000000 00:00 0 
7f94dd704000-7f94dd800000 rw-p 00000000 00:00 0 
7f94dd900000-7f94dd904000 ---p 00000000 00:00 0 
7f94dd904000-7f94dda00000 rw-p 00000000 00:00 0 
7f94ddb00000-7f94ddb04000 ---p 00000000 00:00 0 
7f94ddb04000-7f94ddc00000 rw-p 00000000 00:00 0 
7f94dde00000-7f94dde04000 ---p 00000000 00:00 0 
7f94dde04000-7f94ddf00000 rw-p 00000000 00:00 0 
7f94ddf00000-7f94ddf04000 ---p 00000000 00:00 0 
7f94ddf04000-7f94de000000 rw-p 00000000 00:00 0 
7f94de100000-7f94de104000 ---p 00000000 00:00 0 
7f94de104000-7f94de200000 rw-p 00000000 00:00 0 
7f94de300000-7f94de304000 ---p 00000000 00:00 0 
7f94de304000-7f94de400000 rw-p 00000000 00:00 0 
7f94de500000-7f94de504000 ---p 00000000 00:00 0 
7f94de504000-7f94de600000 rw-p 00000000 00:00 0 
7f94de700000-7f94de704000 ---p 00000000 00:00 0 
7f94de704000-7f94de800000 rw-p 00000000 00:00 0 
7f94de900000-7f94de904000 ---p 00000000 00:00 0 
7f94de904000-7f94dea00000 rw-p 00000000 00:00 0 
7f94deb00000-7f94deb04000 ---p 00000000 00:00 0 
7f94deb04000-7f94dec00000 rw-p 00000000 00:00 0 
7f94ded00000-7f94ded04000 ---p 00000000 00:00 0 
7f94ded04000-7f94dee00000 rw-p 00000000 00:00 0 
7f94dfa68000-7f94dff00000 rw-p 00000000 00:00 0 
7f94e0000000-7f94e0021000 rw-p 00000000 00:00 0 
7f94e0021000-7f94e4000000 ---p 00000000 00:00 0 
7f94e4000000-7f94e4021000 rw-p 00000000 00:00 0 
7f94e4021000-7f94e8000000 ---p 00000000 00:00 0 
7f94e8000000-7f94e8059000 rw-p 00000000 00:00 0 
7f94e8059000-7f94ec000000 ---p 00000000 00:00 0 
7f94ec000000-7f94ec021000 rw-p 00000000 00:00 0 
7f94ec021000-7f94f0000000 ---p 00000000 00:00 0 
7f94f0000000-7f94f00d3000 rw-p 00000000 00:00 0 
7f94f00d3000-7f94f4000000 ---p 00000000 00:00 0 
7f94f4000000-7f94f4bee000 rw-p 00000000 00:00 0 
7f94f4bee000-7f94f8000000 ---p 00000000 00:00 0 
7f94f8000000-7f94f8021000 rw-p 00000000 00:00 0 
7f94f8021000-7f94fc000000 ---p 00000000 00:00 0 
7f94fc000000-7f94fc021000 rw-p 00000000 00:00 0 
7f94fc021000-7f9500000000 ---p 00000000 00:00 0 
7f9500000000-7f9500021000 rw-p 00000000 00:00 0 
7f9500021000-7f9504000000 ---p 00000000 00:00 0 
7f9504000000-7f9504021000 rw-p 00000000 00:00 0 
7f9504021000-7f9508000000 ---p 00000000 00:00 0 
7f9508000000-7f9508021000 rw-p 00000000 00:00 0 
7f9508021000-7f950c000000 ---p 00000000 00:00 0 
7f950c000000-7f950c021000 rw-p 00000000 00:00 0 
7f950c021000-7f9510000000 ---p 00000000 00:00 0 
7f9510000000-7f95101f0000 rw-p 00000000 00:00 0 
7f95101f0000-7f9514000000 ---p 00000000 00:00 0 
7f9514100000-7f9514104000 ---p 00000000 00:00 0 
7f9514104000-7f9514200000 rw-p 00000000 00:00 0 
7f9514300000-7f9514304000 ---p 00000000 00:00 0 
7f9514304000-7f9514400000 rw-p 00000000 00:00 0 
7f9514500000-7f9514504000 ---p 00000000 00:00 0 
7f9514504000-7f9514600000 rw-p 00000000 00:00 0 
7f9514600000-7f9514604000 ---p 00000000 00:00 0 
7f9514604000-7f9514700000 rw-p 00000000 00:00 0 
7f9514700000-7f9514704000 ---p 00000000 00:00 0 
7f9514704000-7f9514800000 rw-p 00000000 00:00 0 
7f9514800000-7f9514804000 ---p 00000000 00:00 0 
7f9514804000-7f9514900000 rw-p 00000000 00:00 0 
7f9514900000-7f9514904000 ---p 00000000 00:00 0 
7f9514904000-7f9514a00000 rw-p 00000000 00:00 0 
7f9514a00000-7f9514a04000 ---p 00000000 00:00 0 
7f9514a04000-7f9514b00000 rw-p 00000000 00:00 0 
7f9514b00000-7f9514b04000 ---p 00000000 00:00 0 
7f9514b04000-7f9514c00000 rw-p 00000000 00:00 0 
7f9514c00000-7f9514c04000 ---p 00000000 00:00 0 
7f9514c04000-7f9514d00000 rw-p 00000000 00:00 0 
7f9514d00000-7f9514d04000 ---p 00000000 00:00 0 
7f9514d04000-7f9514e00000 rw-p 00000000 00:00 0 
7f9514e00000-7f9514e04000 ---p 00000000 00:00 0 
7f9514e04000-7f9514f00000 rw-p 00000000 00:00 0 
7f9514f00000-7f9514f04000 ---p 00000000 00:00 0 
7f9514f04000-7f9515000000 rw-p 00000000 00:00 0 
7f9515000000-7f951716a000 r-xp 00000000 08:30 707802136                  /nix/store/gpxl5qgg8kicmcvivwmybwjlpf7wh20l-graalvm17-ce-22.3.0/lib/libjvmcicompiler.so
7f951716a000-7f9517369000 ---p 0216a000 08:30 707802136                  /nix/store/gpxl5qgg8kicmcvivwmybwjlpf7wh20l-graalvm17-ce-22.3.0/lib/libjvmcicompiler.so
7f9517369000-7f951736a000 r--p 02169000 08:30 707802136                  /nix/store/gpxl5qgg8kicmcvivwmybwjlpf7wh20l-graalvm17-ce-22.3.0/lib/libjvmcicompiler.so
7f951736a000-7f951736c000 rw-p 0216a000 08:30 707802136                  /nix/store/gpxl5qgg8kicmcvivwmybwjlpf7wh20l-graalvm17-ce-22.3.0/lib/libjvmcicompiler.so
7f951736c000-7f951736d000 rw-p 00000000 00:00 0 
7f951736d000-7f9517372000 rw-p 023c3000 08:30 707802136                  /nix/store/gpxl5qgg8kicmcvivwmybwjlpf7wh20l-graalvm17-ce-22.3.0/lib/libjvmcicompiler.so
7f95173b3000-7f95173b7000 ---p 00000000 00:00 0 
7f95173b7000-7f95174b3000 rw-p 00000000 00:00 0 
7f95174b3000-7f9517723000 rwxp 00000000 00:00 0 
7f9517723000-7f9517a42000 ---p 00000000 00:00 0 
7f9517a42000-7f95189e2000 rwxp 00000000 00:00 0 
7f95189e2000-7f951ef7a000 ---p 00000000 00:00 0 
7f951ef7a000-7f951f1fa000 rwxp 00000000 00:00 0 
7f951f1fa000-7f95264b3000 ---p 00000000 00:00 0 
7f95264b3000-7f9530000000 r--s 00000000 08:30 707804677                  /nix/store/gpxl5qgg8kicmcvivwmybwjlpf7wh20l-graalvm17-ce-22.3.0/lib/modules
7f9530000000-7f9530454000 rw-p 00000000 00:00 0 
7f9530454000-7f9534000000 ---p 00000000 00:00 0 
7f9534018000-7f9534019000 ---p 00000000 00:00 0 
7f9534019000-7f953411a000 rw-p 00000000 00:00 0 
7f953411a000-7f953411e000 ---p 00000000 00:00 0 
7f953411e000-7f953421a000 rw-p 00000000 00:00 0 
7f953421a000-7f953421e000 ---p 00000000 00:00 0 
7f953421e000-7f953431a000 rw-p 00000000 00:00 0 
7f953431a000-7f953431e000 ---p 00000000 00:00 0 
7f953431e000-7f953441a000 rw-p 00000000 00:00 0 
7f953441a000-7f953441e000 ---p 00000000 00:00 0 
7f953441e000-7f953461a000 rw-p 00000000 00:00 0 
7f953461a000-7f953461e000 ---p 00000000 00:00 0 
7f953461e000-7f953481a000 rw-p 00000000 00:00 0 
7f953481a000-7f953481e000 ---p 00000000 00:00 0 
7f953481e000-7f953491a000 rw-p 00000000 00:00 0 
7f953491a000-7f953491e000 ---p 00000000 00:00 0 
7f953491e000-7f9534a1a000 rw-p 00000000 00:00 0 
7f9534a1a000-7f9534a1e000 ---p 00000000 00:00 0 
7f9534a1e000-7f9534b1a000 rw-p 00000000 00:00 0 
7f9534b1a000-7f9534e00000 r--p 00000000 fc:00 28444448                   /usr/lib/locale/locale-archive
7f9534e00000-7f9534e04000 ---p 00000000 00:00 0 
7f9534e04000-7f9534f00000 rw-p 00000000 00:00 0 
7f9534f00000-7f9534f04000 ---p 00000000 00:00 0 
7f9534f04000-7f95353f0000 rw-p 00000000 00:00 0 
7f95353f0000-7f95356f0000 rw-p 00000000 00:00 0 
7f95356f0000-7f9535800000 rw-p 00000000 00:00 0 
7f9535824000-7f9535826000 r-xp 00000000 08:30 707802113                  /nix/store/gpxl5qgg8kicmcvivwmybwjlpf7wh20l-graalvm17-ce-22.3.0/lib/libextnet.so
7f9535826000-7f9535827000 r--p 00001000 08:30 707802113                  /nix/store/gpxl5qgg8kicmcvivwmybwjlpf7wh20l-graalvm17-ce-22.3.0/lib/libextnet.so
7f9535827000-7f9535828000 rw-p 00002000 08:30 707802113                  /nix/store/gpxl5qgg8kicmcvivwmybwjlpf7wh20l-graalvm17-ce-22.3.0/lib/libextnet.so
7f9535828000-7f9535829000 rw-p 00004000 08:30 707802113                  /nix/store/gpxl5qgg8kicmcvivwmybwjlpf7wh20l-graalvm17-ce-22.3.0/lib/libextnet.so
7f9535829000-7f953582d000 ---p 00000000 00:00 0 
7f953582d000-7f953584b000 rw-p 00000000 00:00 0 
7f953584b000-7f9535852000 r-xp 00000000 08:30 707804676                  /nix/store/gpxl5qgg8kicmcvivwmybwjlpf7wh20l-graalvm17-ce-22.3.0/lib/libzip.so
7f9535852000-7f9535853000 ---p 00007000 08:30 707804676                  /nix/store/gpxl5qgg8kicmcvivwmybwjlpf7wh20l-graalvm17-ce-22.3.0/lib/libzip.so
7f9535853000-7f9535854000 r--p 00007000 08:30 707804676                  /nix/store/gpxl5qgg8kicmcvivwmybwjlpf7wh20l-graalvm17-ce-22.3.0/lib/libzip.so
7f9535854000-7f9535855000 rw-p 00008000 08:30 707804676                  /nix/store/gpxl5qgg8kicmcvivwmybwjlpf7wh20l-graalvm17-ce-22.3.0/lib/libzip.so
7f9535855000-7f9535857000 rw-p 0000b000 08:30 707804676                  /nix/store/gpxl5qgg8kicmcvivwmybwjlpf7wh20l-graalvm17-ce-22.3.0/lib/libzip.so
7f9535857000-7f953586c000 r-xp 00000000 08:30 707804666                  /nix/store/gpxl5qgg8kicmcvivwmybwjlpf7wh20l-graalvm17-ce-22.3.0/lib/libnet.so
7f953586c000-7f953586d000 ---p 00015000 08:30 707804666                  /nix/store/gpxl5qgg8kicmcvivwmybwjlpf7wh20l-graalvm17-ce-22.3.0/lib/libnet.so
7f953586d000-7f953586e000 r--p 00015000 08:30 707804666                  /nix/store/gpxl5qgg8kicmcvivwmybwjlpf7wh20l-graalvm17-ce-22.3.0/lib/libnet.so
7f953586e000-7f953586f000 rw-p 00016000 08:30 707804666                  /nix/store/gpxl5qgg8kicmcvivwmybwjlpf7wh20l-graalvm17-ce-22.3.0/lib/libnet.so
7f953586f000-7f9535872000 rw-p 0001b000 08:30 707804666                  /nix/store/gpxl5qgg8kicmcvivwmybwjlpf7wh20l-graalvm17-ce-22.3.0/lib/libnet.so
7f9535872000-7f9535885000 r-xp 00000000 08:30 707804667                  /nix/store/gpxl5qgg8kicmcvivwmybwjlpf7wh20l-graalvm17-ce-22.3.0/lib/libnio.so
7f9535885000-7f9535886000 r--p 00012000 08:30 707804667                  /nix/store/gpxl5qgg8kicmcvivwmybwjlpf7wh20l-graalvm17-ce-22.3.0/lib/libnio.so
7f9535886000-7f9535887000 rw-p 00013000 08:30 707804667                  /nix/store/gpxl5qgg8kicmcvivwmybwjlpf7wh20l-graalvm17-ce-22.3.0/lib/libnio.so
7f9535887000-7f953588c000 rw-p 00019000 08:30 707804667                  /nix/store/gpxl5qgg8kicmcvivwmybwjlpf7wh20l-graalvm17-ce-22.3.0/lib/libnio.so
7f953588c000-7f953588d000 ---p 00000000 00:00 0 
7f953588d000-7f953598e000 rw-p 00000000 00:00 0 
7f953598e000-7f9535a5c000 r-xp 00000000 08:30 707802132                  /nix/store/gpxl5qgg8kicmcvivwmybwjlpf7wh20l-graalvm17-ce-22.3.0/lib/libjsvml.so
7f9535a5c000-7f9535a5d000 r--p 000cd000 08:30 707802132                  /nix/store/gpxl5qgg8kicmcvivwmybwjlpf7wh20l-graalvm17-ce-22.3.0/lib/libjsvml.so
7f9535a5d000-7f9535a5e000 rw-p 000ce000 08:30 707802132                  /nix/store/gpxl5qgg8kicmcvivwmybwjlpf7wh20l-graalvm17-ce-22.3.0/lib/libjsvml.so
7f9535a5e000-7f9537336000 rw-p 00000000 00:00 0 
7f9537336000-7f9537337000 ---p 00000000 00:00 0 
7f9537337000-7f95374d5000 rw-p 00000000 00:00 0 
7f95374d5000-7f953751b000 rw-p 00000000 00:00 0 
7f953751b000-7f9537538000 ---p 00000000 00:00 0 
7f9537538000-7f953753e000 rw-p 00000000 00:00 0 
7f953753e000-7f9537624000 ---p 00000000 00:00 0 
7f9537624000-7f9537644000 rw-p 00000000 00:00 0 
7f9537644000-7f953770f000 ---p 00000000 00:00 0 
7f953770f000-7f9537714000 rw-p 00000000 00:00 0 
7f9537714000-7f953771b000 ---p 00000000 00:00 0 
7f953771b000-7f953773f000 r-xp 00000000 08:30 707802124                  /nix/store/gpxl5qgg8kicmcvivwmybwjlpf7wh20l-graalvm17-ce-22.3.0/lib/libjava.so
7f953773f000-7f9537740000 ---p 00024000 08:30 707802124                  /nix/store/gpxl5qgg8kicmcvivwmybwjlpf7wh20l-graalvm17-ce-22.3.0/lib/libjava.so
7f9537740000-7f9537741000 r--p 00024000 08:30 707802124                  /nix/store/gpxl5qgg8kicmcvivwmybwjlpf7wh20l-graalvm17-ce-22.3.0/lib/libjava.so
7f9537741000-7f9537742000 rw-p 00025000 08:30 707802124                  /nix/store/gpxl5qgg8kicmcvivwmybwjlpf7wh20l-graalvm17-ce-22.3.0/lib/libjava.so
7f9537742000-7f9537743000 rw-p 00000000 00:00 0 
7f9537743000-7f953774a000 rw-p 0002f000 08:30 707802124                  /nix/store/gpxl5qgg8kicmcvivwmybwjlpf7wh20l-graalvm17-ce-22.3.0/lib/libjava.so
7f953774a000-7f9537752000 rw-s 00000000 00:c8e 442                       /tmp/hsperfdata_runner/96
7f9537752000-7f9537753000 ---p 00000000 00:00 0 
7f9537753000-7f9537754000 r--p 00000000 00:00 0 
7f9537754000-7f9537755000 rwxp 00000000 00:00 0 
7f9537755000-7f9537770000 r-xp 00000000 08:30 707802128                  /nix/store/gpxl5qgg8kicmcvivwmybwjlpf7wh20l-graalvm17-ce-22.3.0/lib/libjimage.so
7f9537770000-7f9537771000 ---p 0001b000 08:30 707802128                  /nix/store/gpxl5qgg8kicmcvivwmybwjlpf7wh20l-graalvm17-ce-22.3.0/lib/libjimage.so
7f9537771000-7f9537773000 r--p 0001b000 08:30 707802128                  /nix/store/gpxl5qgg8kicmcvivwmybwjlpf7wh20l-graalvm17-ce-22.3.0/lib/libjimage.so
7f9537773000-7f9537774000 rw-p 0001d000 08:30 707802128                  /nix/store/gpxl5qgg8kicmcvivwmybwjlpf7wh20l-graalvm17-ce-22.3.0/lib/libjimage.so
7f9537774000-7f9537775000 rw-p 00024000 08:30 707802128                  /nix/store/gpxl5qgg8kicmcvivwmybwjlpf7wh20l-graalvm17-ce-22.3.0/lib/libjimage.so
7f9537775000-7f9537779000 ---p 00000000 00:00 0 
7f9537779000-7f9537875000 rw-p 00000000 00:00 0 
7f9537875000-7f9537883000 r--p 00000000 08:30 600592023                  /nix/store/4nlgxhb09sdr51nc9hdm8az5b08vzkgx-glibc-2.35-163/lib/libm.so.6
7f9537883000-7f95378f6000 r-xp 0000e000 08:30 600592023                  /nix/store/4nlgxhb09sdr51nc9hdm8az5b08vzkgx-glibc-2.35-163/lib/libm.so.6
7f95378f6000-7f9537953000 r--p 00081000 08:30 600592023                  /nix/store/4nlgxhb09sdr51nc9hdm8az5b08vzkgx-glibc-2.35-163/lib/libm.so.6
7f9537953000-7f9537954000 r--p 000dd000 08:30 600592023                  /nix/store/4nlgxhb09sdr51nc9hdm8az5b08vzkgx-glibc-2.35-163/lib/libm.so.6
7f9537954000-7f9537955000 rw-p 000de000 08:30 600592023                  /nix/store/4nlgxhb09sdr51nc9hdm8az5b08vzkgx-glibc-2.35-163/lib/libm.so.6
7f9537955000-7f9537956000 r--p 00000000 08:30 600592042                  /nix/store/4nlgxhb09sdr51nc9hdm8az5b08vzkgx-glibc-2.35-163/lib/librt.so.1
7f9537956000-7f9537957000 r-xp 00001000 08:30 600592042                  /nix/store/4nlgxhb09sdr51nc9hdm8az5b08vzkgx-glibc-2.35-163/lib/librt.so.1
7f9537957000-7f9537958000 r--p 00002000 08:30 600592042                  /nix/store/4nlgxhb09sdr51nc9hdm8az5b08vzkgx-glibc-2.35-163/lib/librt.so.1
7f9537958000-7f9537959000 r--p 00002000 08:30 600592042                  /nix/store/4nlgxhb09sdr51nc9hdm8az5b08vzkgx-glibc-2.35-163/lib/librt.so.1
7f9537959000-7f953795a000 rw-p 00003000 08:30 600592042                  /nix/store/4nlgxhb09sdr51nc9hdm8az5b08vzkgx-glibc-2.35-163/lib/librt.so.1
7f953795a000-7f9538a6d000 r-xp 00000000 08:30 707972962                  /nix/store/gpxl5qgg8kicmcvivwmybwjlpf7wh20l-graalvm17-ce-22.3.0/lib/server/libjvm.so
7f9538a6d000-7f9538a6e000 ---p 01113000 08:30 707972962                  /nix/store/gpxl5qgg8kicmcvivwmybwjlpf7wh20l-graalvm17-ce-22.3.0/lib/server/libjvm.so
7f9538a6e000-7f9538b23000 r--p 01113000 08:30 707972962                  /nix/store/gpxl5qgg8kicmcvivwmybwjlpf7wh20l-graalvm17-ce-22.3.0/lib/server/libjvm.so
7f9538b23000-7f9538b57000 rw-p 011c8000 08:30 707972962                  /nix/store/gpxl5qgg8kicmcvivwmybwjlpf7wh20l-graalvm17-ce-22.3.0/lib/server/libjvm.so
7f9538b57000-7f9538bb3000 rw-p 00000000 00:00 0 
7f9538bb3000-7f9538bdb000 r--p 00000000 08:30 600592014                  /nix/store/4nlgxhb09sdr51nc9hdm8az5b08vzkgx-glibc-2.35-163/lib/libc.so.6
7f9538bdb000-7f9538d51000 r-xp 00028000 08:30 600592014                  /nix/store/4nlgxhb09sdr51nc9hdm8az5b08vzkgx-glibc-2.35-163/lib/libc.so.6
7f9538d51000-7f9538da9000 r--p 0019e000 08:30 600592014                  /nix/store/4nlgxhb09sdr51nc9hdm8az5b08vzkgx-glibc-2.35-163/lib/libc.so.6
7f9538da9000-7f9538dad000 r--p 001f6000 08:30 600592014                  /nix/store/4nlgxhb09sdr51nc9hdm8az5b08vzkgx-glibc-2.35-163/lib/libc.so.6
7f9538dad000-7f9538daf000 rw-p 001fa000 08:30 600592014                  /nix/store/4nlgxhb09sdr51nc9hdm8az5b08vzkgx-glibc-2.35-163/lib/libc.so.6
7f9538daf000-7f9538dbe000 rw-p 00000000 00:00 0 
7f9538dbe000-7f9538dbf000 r--p 00000000 08:30 600592019                  /nix/store/4nlgxhb09sdr51nc9hdm8az5b08vzkgx-glibc-2.35-163/lib/libdl.so.2
7f9538dbf000-7f9538dc0000 r-xp 00001000 08:30 600592019                  /nix/store/4nlgxhb09sdr51nc9hdm8az5b08vzkgx-glibc-2.35-163/lib/libdl.so.2
7f9538dc0000-7f9538dc1000 r--p 00002000 08:30 600592019                  /nix/store/4nlgxhb09sdr51nc9hdm8az5b08vzkgx-glibc-2.35-163/lib/libdl.so.2
7f9538dc1000-7f9538dc2000 r--p 00002000 08:30 600592019                  /nix/store/4nlgxhb09sdr51nc9hdm8az5b08vzkgx-glibc-2.35-163/lib/libdl.so.2
7f9538dc2000-7f9538dc3000 rw-p 00003000 08:30 600592019                  /nix/store/4nlgxhb09sdr51nc9hdm8az5b08vzkgx-glibc-2.35-163/lib/libdl.so.2
7f9538dc3000-7f9538dc4000 r--p 00000000 08:30 600592038                  /nix/store/4nlgxhb09sdr51nc9hdm8az5b08vzkgx-glibc-2.35-163/lib/libpthread.so.0
7f9538dc4000-7f9538dc5000 r-xp 00001000 08:30 600592038                  /nix/store/4nlgxhb09sdr51nc9hdm8az5b08vzkgx-glibc-2.35-163/lib/libpthread.so.0
7f9538dc5000-7f9538dc6000 r--p 00002000 08:30 600592038                  /nix/store/4nlgxhb09sdr51nc9hdm8az5b08vzkgx-glibc-2.35-163/lib/libpthread.so.0
7f9538dc6000-7f9538dc7000 r--p 00002000 08:30 600592038                  /nix/store/4nlgxhb09sdr51nc9hdm8az5b08vzkgx-glibc-2.35-163/lib/libpthread.so.0
7f9538dc7000-7f9538dc8000 rw-p 00003000 08:30 600592038                  /nix/store/4nlgxhb09sdr51nc9hdm8az5b08vzkgx-glibc-2.35-163/lib/libpthread.so.0
7f9538dc8000-7f9538dd6000 r-xp 00000000 08:30 707802129                  /nix/store/gpxl5qgg8kicmcvivwmybwjlpf7wh20l-graalvm17-ce-22.3.0/lib/libjli.so
7f9538dd6000-7f9538dd7000 ---p 0000e000 08:30 707802129                  /nix/store/gpxl5qgg8kicmcvivwmybwjlpf7wh20l-graalvm17-ce-22.3.0/lib/libjli.so
7f9538dd7000-7f9538dd8000 r--p 0000e000 08:30 707802129                  /nix/store/gpxl5qgg8kicmcvivwmybwjlpf7wh20l-graalvm17-ce-22.3.0/lib/libjli.so
7f9538dd8000-7f9538dd9000 rw-p 0000f000 08:30 707802129                  /nix/store/gpxl5qgg8kicmcvivwmybwjlpf7wh20l-graalvm17-ce-22.3.0/lib/libjli.so
7f9538dd9000-7f9538dda000 rw-p 00012000 08:30 707802129                  /nix/store/gpxl5qgg8kicmcvivwmybwjlpf7wh20l-graalvm17-ce-22.3.0/lib/libjli.so
7f9538dda000-7f9538ddd000 r--p 00000000 08:30 678822167                  /nix/store/026hln0aq1hyshaxsdvhg0kmcm6yf45r-zlib-1.2.13/lib/libz.so.1.2.13
7f9538ddd000-7f9538def000 r-xp 00003000 08:30 678822167                  /nix/store/026hln0aq1hyshaxsdvhg0kmcm6yf45r-zlib-1.2.13/lib/libz.so.1.2.13
7f9538def000-7f9538df6000 r--p 00015000 08:30 678822167                  /nix/store/026hln0aq1hyshaxsdvhg0kmcm6yf45r-zlib-1.2.13/lib/libz.so.1.2.13
7f9538df6000-7f9538df7000 r--p 0001b000 08:30 678822167                  /nix/store/026hln0aq1hyshaxsdvhg0kmcm6yf45r-zlib-1.2.13/lib/libz.so.1.2.13
7f9538df7000-7f9538df8000 rw-p 0001c000 08:30 678822167                  /nix/store/026hln0aq1hyshaxsdvhg0kmcm6yf45r-zlib-1.2.13/lib/libz.so.1.2.13
7f9538df8000-7f9538dfa000 rw-p 00000000 00:00 0 
7f9538dfa000-7f9538dfc000 r--p 00000000 08:30 600592008                  /nix/store/4nlgxhb09sdr51nc9hdm8az5b08vzkgx-glibc-2.35-163/lib/ld-linux-x86-64.so.2
7f9538dfc000-7f9538e23000 r-xp 00002000 08:30 600592008                  /nix/store/4nlgxhb09sdr51nc9hdm8az5b08vzkgx-glibc-2.35-163/lib/ld-linux-x86-64.so.2
7f9538e23000-7f9538e2f000 r--p 00029000 08:30 600592008                  /nix/store/4nlgxhb09sdr51nc9hdm8az5b08vzkgx-glibc-2.35-163/lib/ld-linux-x86-64.so.2
7f9538e2f000-7f9538e31000 r--p 00034000 08:30 600592008                  /nix/store/4nlgxhb09sdr51nc9hdm8az5b08vzkgx-glibc-2.35-163/lib/ld-linux-x86-64.so.2
7f9538e31000-7f9538e33000 rw-p 00036000 08:30 600592008                  /nix/store/4nlgxhb09sdr51nc9hdm8az5b08vzkgx-glibc-2.35-163/lib/ld-linux-x86-64.so.2
7ffc8d934000-7ffc8d959000 rw-p 00000000 00:00 0                          [stack]
7ffc8d99f000-7ffc8d9a3000 r--p 00000000 00:00 0                          [vvar]
7ffc8d9a3000-7ffc8d9a5000 r-xp 00000000 00:00 0                          [vdso]
ffffffffff600000-ffffffffff601000 --xp 00000000 00:00 0                  [vsyscall]


VM Arguments:
jvm_args: -XX:ThreadPriorityPolicy=1 -XX:+UnlockExperimentalVMOptions -XX:+EnableJVMCIProduct -XX:JVMCIThreadsPerNativeLibraryRuntime=1 -XX:-UnlockExperimentalVMOptions -Declipse.application=org.eclipse.jdt.ls.core.id1 -Dosgi.bundles.defaultStartLevel=4 -Declipse.product=org.eclipse.jdt.ls.core.product -Dlog.level=ALL -Xverify:none -XX:+UseParallelGC -XX:GCTimeRatio=4 -XX:AdaptiveSizePolicyWeight=90 -Dsun.zip.disableMemoryMapping=true -Xmx512m -Xms100m 
java_command: /nix/store/q9712qvwdh22a4krw4jz2sjrz07mvjbl-jdt-language-server-1.9.0/share/java/plugins/org.eclipse.equinox.launcher_1.6.400.v20210924-0641.jar --add-modules=ALL-SYSTEM --add-opens java.base/java.util=ALL-UNNAMED --add-opens java.base/java.lang=ALL-UNNAMED -configuration /home/runner/CohortPeople/.cache/jdt-language-server/config -data /home/runner/.cache/jdt-language-server/data/home/runner/CohortPeople
java_class_path (initial): /nix/store/q9712qvwdh22a4krw4jz2sjrz07mvjbl-jdt-language-server-1.9.0/share/java/plugins/org.eclipse.equinox.launcher_1.6.400.v20210924-0641.jar
Launcher Type: SUN_STANDARD

[Global flags]
    uintx AdaptiveSizePolicyWeight                 = 90                                        {product} {command line}
     intx CICompilerCount                          = 2                                         {product} {ergonomic}
     bool EnableJVMCIProduct                       = true                                {JVMCI product} {jimage}
    uintx GCTimeRatio                              = 4                                         {product} {command line}
   size_t InitialHeapSize                          = 104857600                                 {product} {command line}
     uint JVMCIThreadsPerNativeLibraryRuntime      = 1                                   {JVMCI product} {jimage}
   size_t MaxHeapSize                              = 536870912                                 {product} {command line}
   size_t MaxNewSize                               = 178782208                                 {product} {ergonomic}
   size_t MinHeapDeltaBytes                        = 524288                                    {product} {ergonomic}
   size_t MinHeapSize                              = 104857600                                 {product} {command line}
   size_t NewSize                                  = 34603008                                  {product} {ergonomic}
    uintx NonNMethodCodeHeapSize                   = 5826188                                {pd product} {ergonomic}
    uintx NonProfiledCodeHeapSize                  = 122916026                              {pd product} {ergonomic}
   size_t OldSize                                  = 70254592                                  {product} {ergonomic}
    uintx ProfiledCodeHeapSize                     = 122916026                              {pd product} {ergonomic}
    uintx ReservedCodeCacheSize                    = 251658240                              {pd product} {ergonomic}
     bool SegmentedCodeCache                       = true                                      {product} {ergonomic}
   size_t SoftMaxHeapSize                          = 536870912                              {manageable} {ergonomic}
     intx ThreadPriorityPolicy                     = 1                                         {product} {jimage}
     bool UseCompressedClassPointers               = true                           {product lp64_product} {ergonomic}
     bool UseCompressedOops                        = true                           {product lp64_product} {ergonomic}
     bool UseParallelGC                            = true                                      {product} {command line}

Logging:
Log output configuration:
 #0: stdout all=warning uptime,level,tags
 #1: stderr all=off uptime,level,tags

Environment Variables:
JAVA_HOME=/nix/store/gpxl5qgg8kicmcvivwmybwjlpf7wh20l-graalvm17-ce-22.3.0
PATH=/nix/store/1d6ian3r8kdzspw8hacjhl3xkp40g1lj-binutils-wrapper-2.39/bin:/nix/store/dq0xwmsk1g0i2ayg6pb7y87na2knzylh-gcc-wrapper-11.3.0/bin:/nix/store/bap4d0lpcrhpwmpb8ayjcgkmvfj62lnq-bash-interactive-5.1-p16/bin:/nix/store/pr5n59mb4jzmfx6kanwxly0l07p861fg-patchelf-0.15.0/bin:/nix/store/1gf2flfqnpqbr1b4p4qz2f72y42bs56r-gcc-11.3.0/bin:/nix/store/57xv61c5zi8pphjbcwxxjlgc34p61ic9-glibc-2.35-163-bin/bin:/nix/store/a7gvj343m05j2s32xcnwr35v31ynlypr-coreutils-9.1/bin:/nix/store/039g378vc3pc3dvi9dzdlrd0i4q93qwf-binutils-2.39/bin:/nix/store/gpxl5qgg8kicmcvivwmybwjlpf7wh20l-graalvm17-ce-22.3.0/bin:/nix/store/6z9ag3ihc8mq2hzsw48lhbznvzny65nz-apache-maven-3.8.6/bin:/nix/store/q9712qvwdh22a4krw4jz2sjrz07mvjbl-jdt-language-server-1.9.0/bin:/nix/store/9zdrgm97n766nc0kj11x4xvvp00qlfk9-java-debug/bin:/nix/store/18y8p4mjwjy26npih04hfv48wz9czgk3-attr-2.5.1-bin/bin:/nix/store/q8s1kzhsblr2a1p2g0lh2dkcgca1im3z-libcap-2.66/bin:/nix/store/bvihhgw8bh6cqqlj0d4s8cvmm4mqmzfc-pulseaudio-16.1/bin:/nix/store/mydc6f4k2z73xlcz7ilif3v2lcaiqvza-findutils-4.9.0/bin:/nix/store/j9p3g8472iijd50vhdprx0nmk2fqn5gv-diffutils-3.8/bin:/nix/store/89zs7rms6x00xfq4dq6m7mjnhkr8a6r4-gnused-4.8/bin:/nix/store/86bp03jkmsl6f92w0yzg4s59g5mhxwmy-gnugrep-3.7/bin:/nix/store/hwcdqw4jrjnd37wxqgsd47hd0j8bnj09-gawk-5.1.1/bin:/nix/store/cfbhw8r8ags41vwqaz47r583d0p4h4a1-gnutar-1.34/bin:/nix/store/p3m1ndl1lapwrlh698bnb5lvvxh67378-gzip-1.12/bin:/nix/store/a8mhcagrsly7c7mpjrpsnaahk4aax056-bzip2-1.0.8-bin/bin:/nix/store/mblgz65m3zv9x548a3d5m96fj2pbwr09-gnumake-4.3/bin:/nix/store/dsd5gz46hdbdk2rfdimqddhq6m8m8fqs-bash-5.1-p16/bin:/nix/store/v7ljksji50mg3w61dykaa3n3y79n6nil-patch-2.7.6/bin:/nix/store/zlcnmqq14jz5x9439jf937mvayyl63da-xz-5.2.7-bin/bin:/nix/store/y6aj732zm9m87c82fpvf103a1xb22blp-file-5.43/bin:/nix/store/yq0vlv3d2f5si3ibawpq5ay2pc6knixp-nix-2.18.0pre20230808_c0e6466/bin:/nix/store/i4kzir3m7mrisxmf5xvlnkw01x4qaqr4-prybar-elisp-0.0.0-e0d9a52/bin:/nix/store/lwwivxf6h7x3cvxp9zv8sj0mv7dak99r-prybar-lua-0.0.0-e0d9a52/bin:/nix/st
LD_LIBRARY_PATH=/nix/store/a4pff549sk2idnkpzk5nsfps3mdkdnvm-cups-2.4.2-lib/lib:/nix/store/72mqxxhh3cy5yifh92wh2yb8cl2hikyy-cairo-1.16.0/lib:/nix/store/2k366jrbsra97gjfxwvrhvixjfxdach5-glib-2.74.1/lib:/nix/store/2j2znigd8ak37rlwh9khz0ry3clqlw1l-gtk+3-3.24.34/lib
DISPLAY=:0
LANG=en_US.UTF-8

Signal Handlers:
   SIGSEGV: crash_handler in libjvm.so, mask=11100100010111111101111111111110, flags=SA_RESTART|SA_SIGINFO
    SIGBUS: crash_handler in libjvm.so, mask=11100100010111111101111111111110, flags=SA_RESTART|SA_SIGINFO
    SIGFPE: crash_handler in libjvm.so, mask=11100100010111111101111111111110, flags=SA_RESTART|SA_SIGINFO
   SIGPIPE: IsolateEnterStub_IgnoreSIGPIPEStartupHook_noopSignalHandler_8f19bff2f35b5f630d83b364d6b2339320d4ec70_216e8361c6bc87a8f89f58cc10d3b2fd4415bf87 in libjvmcicompiler.so, mask=00000000000000000000000000000000, flags=SA_RESTART
  *** Handler was modified!
  *** Expected: javaSignalHandler in libjvm.so, mask=11100100110111111111111111111110, flags=SA_RESTART|SA_SIGINFO
   SIGXFSZ: javaSignalHandler in libjvm.so, mask=11100100010111111101111111111110, flags=SA_RESTART|SA_SIGINFO
    SIGILL: crash_handler in libjvm.so, mask=11100100010111111101111111111110, flags=SA_RESTART|SA_SIGINFO
   SIGUSR2: SR_handler in libjvm.so, mask=00000000000000000000000000000000, flags=SA_RESTART|SA_SIGINFO
    SIGHUP: UserHandler in libjvm.so, mask=11100100010111111101111111111110, flags=SA_RESTART|SA_SIGINFO
    SIGINT: UserHandler in libjvm.so, mask=11100100010111111101111111111110, flags=SA_RESTART|SA_SIGINFO
   SIGTERM: UserHandler in libjvm.so, mask=11100100010111111101111111111110, flags=SA_RESTART|SA_SIGINFO
   SIGQUIT: UserHandler in libjvm.so, mask=11100100010111111101111111111110, flags=SA_RESTART|SA_SIGINFO
  *** Handler was modified!
  *** Expected: javaSignalHandler in libjvm.so, mask=11100100110111111111111111111110, flags=SA_RESTART|SA_SIGINFO
   SIGTRAP: crash_handler in libjvm.so, mask=11100100010111111101111111111110, flags=SA_RESTART|SA_SIGINFO


---------------  S Y S T E M  ---------------

OS:
DISTRIB_ID=Ubuntu
DISTRIB_RELEASE=20.04
DISTRIB_CODENAME=focal
DISTRIB_DESCRIPTION="Ubuntu 20.04.2 LTS"
uname: Linux 6.5.0-1013-gcp #13~22.04.1-Ubuntu SMP Wed Jan 24 23:39:40 UTC 2024 x86_64
OS uptime: 0 days 1:13 hours
libc: glibc 2.35 NPTL 2.35 
rlimit (soft/hard): STACK 8192k/infinity , CORE infinity/infinity , NPROC infinity/infinity , NOFILE 5242/5242 , AS infinity/infinity , CPU infinity/infinity , DATA infinity/infinity , FSIZE infinity/infinity , MEMLOCK 8192k/8192k
load average: 12.81 11.22 9.91

/proc/meminfo:
MemTotal:       65835404 kB
MemFree:        39636296 kB
MemAvailable:   50387040 kB
Buffers:         1263112 kB
Cached:          9040624 kB
SwapCached:            0 kB
Active:         15797556 kB
Inactive:        8518312 kB
Active(anon):   12807504 kB
Inactive(anon):   883852 kB
Active(file):    2990052 kB
Inactive(file):  7634460 kB
Unevictable:       27976 kB
Mlocked:           27976 kB
SwapTotal:             0 kB
SwapFree:              0 kB
Zswap:                 0 kB
Zswapped:              0 kB
Dirty:              3424 kB
Writeback:             4 kB
AnonPages:      13891024 kB
Mapped:          1763928 kB
Shmem:             37464 kB
KReclaimable:     852684 kB
Slab:            1239304 kB
SReclaimable:     852684 kB
SUnreclaim:       386620 kB
KernelStack:      117664 kB
PageTables:       216736 kB
SecPageTables:         0 kB
NFS_Unstable:          0 kB
Bounce:                0 kB
WritebackTmp:          0 kB
CommitLimit:    32917700 kB
Committed_AS:   42270768 kB
VmallocTotal:   34359738367 kB
VmallocUsed:      139420 kB
VmallocChunk:          0 kB
Percpu:            27072 kB
HardwareCorrupted:     0 kB
AnonHugePages:    645120 kB
ShmemHugePages:        0 kB
ShmemPmdMapped:        0 kB
FileHugePages:         0 kB
FilePmdMapped:         0 kB
Unaccepted:            0 kB
HugePages_Total:       0
HugePages_Free:        0
HugePages_Rsvd:        0
HugePages_Surp:        0
Hugepagesize:       2048 kB
Hugetlb:               0 kB
DirectMap4k:      179000 kB
DirectMap2M:     8206336 kB
DirectMap1G:    60817408 kB

/sys/kernel/mm/transparent_hugepage/enabled: always [madvise] never
/sys/kernel/mm/transparent_hugepage/defrag (defrag/compaction efforts parameter): always defer defer+madvise [madvise] never

Process Memory:
Virtual Size: 4989020K (peak: 5023552K)
Resident Set Size: 785236K (peak: 823984K) (anon: 587572K, file: 197664K, shmem: 0K)
Swapped out: 0K
C-Heap outstanding allocations: 41213K, retained: 15970K
glibc malloc tunables: (default)

/proc/sys/kernel/threads-max (system-wide limit on the number of threads): 514277
/proc/sys/vm/max_map_count (maximum number of memory map areas a process may have): 65530
/proc/sys/kernel/pid_max (system-wide limit on number of process identifiers): 4194304

container (cgroup) information:
container_type: cgroupv2
cpu_cpuset_cpus: not supported
cpu_memory_nodes: not supported
active_processor_count: 1
cpu_quota: 50000
cpu_period: 100000
cpu_shares: no shares
memory_limit_in_bytes: 1048576 k
memory_and_swap_limit_in_bytes: unlimited
memory_soft_limit_in_bytes: 524288 k
memory_usage_in_bytes: 667696 k
memory_max_usage_in_bytes: not supported
maximum number of tasks: not supported
current number of tasks: not supported

KVM virtualization detected
Steal ticks since vm start: 2586
Steal ticks percentage since vm start:  0.002

CPU: total 8 (initial active 1) (4 cores per cpu, 2 threads per core) family 6 model 79 stepping 0 microcode 0xffffffff, cx8, cmov, fxsr, ht, mmx, 3dnowpref, sse, sse2, sse3, ssse3, sse4.1, sse4.2, popcnt, lzcnt, tsc, tscinvbit, avx, avx2, aes, erms, clmul, bmi1, bmi2, rtm, adx, fma, vzeroupper, clflush, hv
CPU Model and flags from /proc/cpuinfo:
model name	: Intel(R) Xeon(R) CPU @ 2.20GHz
flags		: fpu vme de pse tsc msr pae mce cx8 apic sep mtrr pge mca cmov pat pse36 clflush mmx fxsr sse sse2 ss ht syscall nx pdpe1gb rdtscp lm constant_tsc rep_good nopl xtopology nonstop_tsc cpuid tsc_known_freq pni pclmulqdq ssse3 fma cx16 pcid sse4_1 sse4_2 x2apic movbe popcnt aes xsave avx f16c rdrand hypervisor lahf_lm abm 3dnowprefetch invpcid_single pti ssbd ibrs ibpb stibp fsgsbase tsc_adjust bmi1 hle avx2 smep bmi2 erms invpcid rtm rdseed adx smap xsaveopt arat md_clear arch_capabilities

Online cpus: 0-7
Offline cpus: 
BIOS frequency limitation: <Not Available>
Frequency switch latency (ns): <Not Available>
Available cpu frequencies: <Not Available>
Current governor: <Not Available>
Core performance/turbo boost: <Not Available>

Memory: 4k page, physical 1048576k(380876k free), swap 0k(0k free)
Page Sizes: 4k

vm_info: OpenJDK 64-Bit Server VM (17.0.5+8-jvmci-22.3-b08) for linux-amd64 JRE (17.0.5+8-jvmci-22.3-b08), built on Oct 19 2022 09:01:27 by "buildslave" with gcc 10.3.0

END.
